In file included from [01m[K/home/isaac/DCL-SLAM/build/dcl_slam/rosidl_generator_c/dcl_slam/msg/detail/loop_info__functions.h:19[m[K,
                 from [01m[K/home/isaac/DCL-SLAM/build/dcl_slam/rosidl_generator_c/dcl_slam/msg/detail/loop_info__functions.c:4[m[K:
[01m[K/home/isaac/DCL-SLAM/build/dcl_slam/rosidl_generator_c/dcl_slam/msg/detail/loop_info__struct.h:22:10:[m[K [01;31m[Kfatal error: [m[Kdcl_slam/msg/detail/header__struct.h: 没有那个文件或目录
   22 | #include [01;31m[K"dcl_slam/msg/detail/header__struct.h"[m[K
      |          [01;31m[K^~~~~~~~~~~~~~~~~~~~~~~~~~~~~~~~~~~~~~[m[K
compilation terminated.
In file included from [01m[K/home/isaac/DCL-SLAM/build/dcl_slam/rosidl_generator_c/dcl_slam/msg/detail/global_descriptor__functions.h:19[m[K,
                 from [01m[K/home/isaac/DCL-SLAM/build/dcl_slam/rosidl_generator_c/dcl_slam/msg/detail/global_descriptor__functions.c:4[m[K:
[01m[K/home/isaac/DCL-SLAM/build/dcl_slam/rosidl_generator_c/dcl_slam/msg/detail/global_descriptor__struct.h:22:10:[m[K [01;31m[Kfatal error: [m[Kdcl_slam/msg/detail/header__struct.h: 没有那个文件或目录
   22 | #include [01;31m[K"dcl_slam/msg/detail/header__struct.h"[m[K
      |          [01;31m[K^~~~~~~~~~~~~~~~~~~~~~~~~~~~~~~~~~~~~~[m[K
compilation terminated.
In file included from [01m[K/home/isaac/DCL-SLAM/build/dcl_slam/rosidl_generator_c/dcl_slam/msg/detail/neighbor_estimate__functions.h:19[m[K,
                 from [01m[K/home/isaac/DCL-SLAM/build/dcl_slam/rosidl_generator_c/dcl_slam/msg/detail/neighbor_estimate__functions.c:4[m[K:
[01m[K/home/isaac/DCL-SLAM/build/dcl_slam/rosidl_generator_c/dcl_slam/msg/detail/neighbor_estimate__struct.h:22:10:[m[K [01;31m[Kfatal error: [m[Kdcl_slam/msg/detail/header__struct.h: 没有那个文件或目录
   22 | #include [01;31m[K"dcl_slam/msg/detail/header__struct.h"[m[K
      |          [01;31m[K^~~~~~~~~~~~~~~~~~~~~~~~~~~~~~~~~~~~~~[m[K
compilation terminated.
gmake[2]: *** [CMakeFiles/dcl_slam__rosidl_generator_c.dir/build.make:239：CMakeFiles/dcl_slam__rosidl_generator_c.dir/rosidl_generator_c/dcl_slam/msg/detail/loop_info__functions.c.o] 错误 1
gmake[2]: *** 正在等待未完成的任务....
gmake[2]: *** [CMakeFiles/dcl_slam__rosidl_generator_c.dir/build.make:253：CMakeFiles/dcl_slam__rosidl_generator_c.dir/rosidl_generator_c/dcl_slam/msg/detail/global_descriptor__functions.c.o] 错误 1
gmake[2]: *** [CMakeFiles/dcl_slam__rosidl_generator_c.dir/build.make:267：CMakeFiles/dcl_slam__rosidl_generator_c.dir/rosidl_generator_c/dcl_slam/msg/detail/neighbor_estimate__functions.c.o] 错误 1
gmake[1]: *** [CMakeFiles/Makefile2:213：CMakeFiles/dcl_slam__rosidl_generator_c.dir/all] 错误 2
gmake[1]: *** 正在等待未完成的任务....
In file included from [01m[K/home/isaac/DCL-SLAM/build/dcl_slam/rosidl_typesupport_cpp/dcl_slam/msg/neighbor_estimate__type_support.cpp:7[m[K:
[01m[K/home/isaac/DCL-SLAM/build/dcl_slam/rosidl_generator_cpp/dcl_slam/msg/detail/neighbor_estimate__struct.hpp:20:10:[m[K [01;31m[Kfatal error: [m[Kdcl_slam/msg/detail/header__struct.hpp: 没有那个文件或目录
   20 | #include [01;31m[K"dcl_slam/msg/detail/header__struct.hpp"[m[K
      |          [01;31m[K^~~~~~~~~~~~~~~~~~~~~~~~~~~~~~~~~~~~~~~~[m[K
In file included from [01m[K/home/isaac/DCL-SLAM/build/dcl_slam/rosidl_typesupport_cpp/dcl_slam/msg/loop_info__type_support.cpp:7[m[K:
[01m[K/home/isaac/DCL-SLAM/build/dcl_slam/rosidl_generator_cpp/dcl_slam/msg/detail/loop_info__struct.hpp:20:10:[m[K [01;31m[Kfatal error: [m[Kdcl_slam/msg/detail/header__struct.hpp: 没有那个文件或目录
   20 | #include [01;31m[K"dcl_slam/msg/detail/header__struct.hpp"[m[K
      |          [01;31m[K^~~~~~~~~~~~~~~~~~~~~~~~~~~~~~~~~~~~~~~~[m[K
compilation terminated.
compilation terminated.
In file included from [01m[K/home/isaac/DCL-SLAM/build/dcl_slam/rosidl_typesupport_cpp/dcl_slam/msg/global_descriptor__type_support.cpp:7[m[K:
[01m[K/home/isaac/DCL-SLAM/build/dcl_slam/rosidl_generator_cpp/dcl_slam/msg/detail/global_descriptor__struct.hpp:20:10:[m[K [01;31m[Kfatal error: [m[Kdcl_slam/msg/detail/header__struct.hpp: 没有那个文件或目录
   20 | #include [01;31m[K"dcl_slam/msg/detail/header__struct.hpp"[m[K
      |          [01;31m[K^~~~~~~~~~~~~~~~~~~~~~~~~~~~~~~~~~~~~~~~[m[K
gmake[2]: *** [CMakeFiles/dcl_slam__rosidl_typesupport_cpp.dir/build.make:196：CMakeFiles/dcl_slam__rosidl_typesupport_cpp.dir/rosidl_typesupport_cpp/dcl_slam/msg/loop_info__type_support.cpp.o] 错误 1
compilation terminated.
gmake[2]: *** 正在等待未完成的任务....
gmake[2]: *** [CMakeFiles/dcl_slam__rosidl_typesupport_cpp.dir/build.make:224：CMakeFiles/dcl_slam__rosidl_typesupport_cpp.dir/rosidl_typesupport_cpp/dcl_slam/msg/neighbor_estimate__type_support.cpp.o] 错误 1
gmake[2]: *** [CMakeFiles/dcl_slam__rosidl_typesupport_cpp.dir/build.make:210：CMakeFiles/dcl_slam__rosidl_typesupport_cpp.dir/rosidl_typesupport_cpp/dcl_slam/msg/global_descriptor__type_support.cpp.o] 错误 1
gmake[1]: *** [CMakeFiles/Makefile2:395：CMakeFiles/dcl_slam__rosidl_typesupport_cpp.dir/all] 错误 2
In file included from [01m[K/home/isaac/DCL-SLAM/build/dcl_slam/rosidl_typesupport_introspection_cpp/dcl_slam/msg/detail/global_descriptor__type_support.cpp:12[m[K:
[01m[K/home/isaac/DCL-SLAM/build/dcl_slam/rosidl_generator_cpp/dcl_slam/msg/detail/global_descriptor__struct.hpp:20:10:[m[K [01;31m[Kfatal error: [m[Kdcl_slam/msg/detail/header__struct.hpp: 没有那个文件或目录
   20 | #include [01;31m[K"dcl_slam/msg/detail/header__struct.hpp"[m[K
      |          [01;31m[K^~~~~~~~~~~~~~~~~~~~~~~~~~~~~~~~~~~~~~~~[m[K
In file included from [01m[K/home/isaac/DCL-SLAM/build/dcl_slam/rosidl_typesupport_introspection_cpp/dcl_slam/msg/detail/neighbor_estimate__type_support.cpp:12[m[K:
[01m[K/home/isaac/DCL-SLAM/build/dcl_slam/rosidl_generator_cpp/dcl_slam/msg/detail/neighbor_estimate__struct.hpp:20:10:[m[K [01;31m[Kfatal error: [m[Kdcl_slam/msg/detail/header__struct.hpp: 没有那个文件或目录
   20 | #include [01;31m[K"dcl_slam/msg/detail/header__struct.hpp"[m[K
      |          [01;31m[K^~~~~~~~~~~~~~~~~~~~~~~~~~~~~~~~~~~~~~~~[m[K
compilation terminated.
compilation terminated.
gmake[2]: *** [CMakeFiles/dcl_slam__rosidl_typesupport_introspection_cpp.dir/build.make:221：CMakeFiles/dcl_slam__rosidl_typesupport_introspection_cpp.dir/rosidl_typesupport_introspection_cpp/dcl_slam/msg/detail/global_descriptor__type_support.cpp.o] 错误 1
gmake[2]: *** 正在等待未完成的任务....
gmake[2]: *** [CMakeFiles/dcl_slam__rosidl_typesupport_introspection_cpp.dir/build.make:235：CMakeFiles/dcl_slam__rosidl_typesupport_introspection_cpp.dir/rosidl_typesupport_introspection_cpp/dcl_slam/msg/detail/neighbor_estimate__type_support.cpp.o] 错误 1
In file included from [01m[K/home/isaac/DCL-SLAM/build/dcl_slam/rosidl_typesupport_introspection_cpp/dcl_slam/msg/detail/loop_info__type_support.cpp:12[m[K:
[01m[K/home/isaac/DCL-SLAM/build/dcl_slam/rosidl_generator_cpp/dcl_slam/msg/detail/loop_info__struct.hpp:20:10:[m[K [01;31m[Kfatal error: [m[Kdcl_slam/msg/detail/header__struct.hpp: 没有那个文件或目录
   20 | #include [01;31m[K"dcl_slam/msg/detail/header__struct.hpp"[m[K
      |          [01;31m[K^~~~~~~~~~~~~~~~~~~~~~~~~~~~~~~~~~~~~~~~[m[K
compilation terminated.
gmake[2]: *** [CMakeFiles/dcl_slam__rosidl_typesupport_introspection_cpp.dir/build.make:207：CMakeFiles/dcl_slam__rosidl_typesupport_introspection_cpp.dir/rosidl_typesupport_introspection_cpp/dcl_slam/msg/detail/loop_info__type_support.cpp.o] 错误 1
gmake[1]: *** [CMakeFiles/Makefile2:369：CMakeFiles/dcl_slam__rosidl_typesupport_introspection_cpp.dir/all] 错误 2
In file included from [01m[K/home/isaac/DCL-SLAM/build/dcl_slam/rosidl_typesupport_fastrtps_cpp/dcl_slam/msg/detail/global_descriptor__rosidl_typesupport_fastrtps_cpp.hpp:11[m[K,
                 from [01m[K/home/isaac/DCL-SLAM/build/dcl_slam/rosidl_typesupport_fastrtps_cpp/dcl_slam/msg/detail/dds_fastrtps/global_descriptor__type_support.cpp:4[m[K:
[01m[K/home/isaac/DCL-SLAM/build/dcl_slam/rosidl_generator_cpp/dcl_slam/msg/detail/global_descriptor__struct.hpp:20:10:[m[K [01;31m[Kfatal error: [m[Kdcl_slam/msg/detail/header__struct.hpp: 没有那个文件或目录
   20 | #include [01;31m[K"dcl_slam/msg/detail/header__struct.hpp"[m[K
      |          [01;31m[K^~~~~~~~~~~~~~~~~~~~~~~~~~~~~~~~~~~~~~~~[m[K
compilation terminated.
In file included from [01m[K/home/isaac/DCL-SLAM/build/dcl_slam/rosidl_typesupport_fastrtps_cpp/dcl_slam/msg/detail/loop_info__rosidl_typesupport_fastrtps_cpp.hpp:11[m[K,
                 from [01m[K/home/isaac/DCL-SLAM/build/dcl_slam/rosidl_typesupport_fastrtps_cpp/dcl_slam/msg/detail/dds_fastrtps/loop_info__type_support.cpp:4[m[K:
[01m[K/home/isaac/DCL-SLAM/build/dcl_slam/rosidl_generator_cpp/dcl_slam/msg/detail/loop_info__struct.hpp:20:10:[m[K [01;31m[Kfatal error: [m[Kdcl_slam/msg/detail/header__struct.hpp: 没有那个文件或目录
   20 | #include [01;31m[K"dcl_slam/msg/detail/header__struct.hpp"[m[K
      |          [01;31m[K^~~~~~~~~~~~~~~~~~~~~~~~~~~~~~~~~~~~~~~~[m[K
compilation terminated.
gmake[2]: *** [CMakeFiles/dcl_slam__rosidl_typesupport_fastrtps_cpp.dir/build.make:221：CMakeFiles/dcl_slam__rosidl_typesupport_fastrtps_cpp.dir/rosidl_typesupport_fastrtps_cpp/dcl_slam/msg/detail/dds_fastrtps/global_descriptor__type_support.cpp.o] 错误 1
gmake[2]: *** 正在等待未完成的任务....
gmake[2]: *** [CMakeFiles/dcl_slam__rosidl_typesupport_fastrtps_cpp.dir/build.make:207：CMakeFiles/dcl_slam__rosidl_typesupport_fastrtps_cpp.dir/rosidl_typesupport_fastrtps_cpp/dcl_slam/msg/detail/dds_fastrtps/loop_info__type_support.cpp.o] 错误 1
In file included from [01m[K/home/isaac/DCL-SLAM/build/dcl_slam/rosidl_typesupport_fastrtps_cpp/dcl_slam/msg/detail/neighbor_estimate__rosidl_typesupport_fastrtps_cpp.hpp:11[m[K,
                 from [01m[K/home/isaac/DCL-SLAM/build/dcl_slam/rosidl_typesupport_fastrtps_cpp/dcl_slam/msg/detail/dds_fastrtps/neighbor_estimate__type_support.cpp:4[m[K:
[01m[K/home/isaac/DCL-SLAM/build/dcl_slam/rosidl_generator_cpp/dcl_slam/msg/detail/neighbor_estimate__struct.hpp:20:10:[m[K [01;31m[Kfatal error: [m[Kdcl_slam/msg/detail/header__struct.hpp: 没有那个文件或目录
   20 | #include [01;31m[K"dcl_slam/msg/detail/header__struct.hpp"[m[K
      |          [01;31m[K^~~~~~~~~~~~~~~~~~~~~~~~~~~~~~~~~~~~~~~~[m[K
compilation terminated.
gmake[2]: *** [CMakeFiles/dcl_slam__rosidl_typesupport_fastrtps_cpp.dir/build.make:235：CMakeFiles/dcl_slam__rosidl_typesupport_fastrtps_cpp.dir/rosidl_typesupport_fastrtps_cpp/dcl_slam/msg/detail/dds_fastrtps/neighbor_estimate__type_support.cpp.o] 错误 1
gmake[1]: *** [CMakeFiles/Makefile2:343：CMakeFiles/dcl_slam__rosidl_typesupport_fastrtps_cpp.dir/all] 错误 2
gmake: *** [Makefile:146：all] 错误 2
