-- Found ament_cmake: 1.3.12 (/opt/ros/humble/share/ament_cmake/cmake)
-- Found rosidl_default_generators: 1.2.0 (/opt/ros/humble/share/rosidl_default_generators/cmake)
-- Using all available rosidl_typesupport_c: rosidl_typesupport_fastrtps_c;rosidl_typesupport_introspection_c
-- Found rosidl_adapter: 3.1.7 (/opt/ros/humble/share/rosidl_adapter/cmake)
-- Using all available rosidl_typesupport_cpp: rosidl_typesupport_fastrtps_cpp;rosidl_typesupport_introspection_cpp
-- Found std_msgs: 4.9.0 (/opt/ros/humble/share/std_msgs/cmake)
-- Found sensor_msgs: 4.9.0 (/opt/ros/humble/share/sensor_msgs/cmake)
-- Found nav_msgs: 4.9.0 (/opt/ros/humble/share/nav_msgs/cmake)
-- Found ament_cmake_ros: 0.10.0 (/opt/ros/humble/share/ament_cmake_ros/cmake)
-- Using all available rosidl_typesupport_c: rosidl_typesupport_fastrtps_c;rosidl_typesupport_introspection_c
-- Using all available rosidl_typesupport_cpp: rosidl_typesupport_fastrtps_cpp;rosidl_typesupport_introspection_cpp
-- Found PythonInterp: /usr/bin/python3 (found suitable version "3.10.12", minimum required is "3.6") 
-- Found python_cmake_module: 0.10.0 (/opt/ros/humble/share/python_cmake_module/cmake)
-- Found PythonLibs: /usr/lib/x86_64-linux-gnu/libpython3.10.so (found suitable version "3.10.12", minimum required is "3.5") 
-- Using PYTHON_EXECUTABLE: /usr/bin/python3
-- Using PYTHON_INCLUDE_DIRS: /usr/include/python3.10
-- Using PYTHON_LIBRARIES: /usr/lib/x86_64-linux-gnu/libpython3.10.so
-- Found PythonExtra: .so  
-- Configuring done
-- Generating done
-- Build files have been written to: /home/isaac/DCL-SLAM/build/dcl_slam
[  2%] [34m[1mGenerating C code for ROS interfaces[0m
[  4%] [34m[1mGenerating C++ code for ROS interfaces[0m
[  4%] Built target ament_cmake_python_copy_dcl_slam
running egg_info
creating dcl_slam.egg-info
writing dcl_slam.egg-info/PKG-INFO
writing dependency_links to dcl_slam.egg-info/dependency_links.txt
writing top-level names to dcl_slam.egg-info/top_level.txt
writing manifest file 'dcl_slam.egg-info/SOURCES.txt'
reading manifest file 'dcl_slam.egg-info/SOURCES.txt'
writing manifest file 'dcl_slam.egg-info/SOURCES.txt'
[  4%] Built target ament_cmake_python_build_dcl_slam_egg
[  4%] Built target dcl_slam__cpp
[  6%] [32mBuilding C object CMakeFiles/dcl_slam__rosidl_generator_c.dir/rosidl_generator_c/dcl_slam/msg/detail/global_descriptor__functions.c.o[0m
[  8%] [32mBuilding C object CMakeFiles/dcl_slam__rosidl_generator_c.dir/rosidl_generator_c/dcl_slam/msg/detail/loop_info__functions.c.o[0m
[ 10%] [34m[1mGenerating C++ type support dispatch for ROS interfaces[0m
[ 14%] [34m[1mGenerating C++ type support for eProsima Fast-RTPS[0m
[ 14%] [32mBuilding C object CMakeFiles/dcl_slam__rosidl_generator_c.dir/rosidl_generator_c/dcl_slam/msg/detail/neighbor_estimate__functions.c.o[0m
[ 17%] [34m[1mGenerating C++ introspection for ROS interfaces[0m
In file included from [01m[K/home/isaac/DCL-SLAM/build/dcl_slam/rosidl_generator_c/dcl_slam/msg/detail/loop_info__functions.h:19[m[K,
                 from [01m[K/home/isaac/DCL-SLAM/build/dcl_slam/rosidl_generator_c/dcl_slam/msg/detail/loop_info__functions.c:4[m[K:
[01m[K/home/isaac/DCL-SLAM/build/dcl_slam/rosidl_generator_c/dcl_slam/msg/detail/loop_info__struct.h:22:10:[m[K [01;31m[Kfatal error: [m[Kdcl_slam/msg/detail/header__struct.h: 没有那个文件或目录
   22 | #include [01;31m[K"dcl_slam/msg/detail/header__struct.h"[m[K
      |          [01;31m[K^~~~~~~~~~~~~~~~~~~~~~~~~~~~~~~~~~~~~~[m[K
compilation terminated.
In file included from [01m[K/home/isaac/DCL-SLAM/build/dcl_slam/rosidl_generator_c/dcl_slam/msg/detail/global_descriptor__functions.h:19[m[K,
                 from [01m[K/home/isaac/DCL-SLAM/build/dcl_slam/rosidl_generator_c/dcl_slam/msg/detail/global_descriptor__functions.c:4[m[K:
[01m[K/home/isaac/DCL-SLAM/build/dcl_slam/rosidl_generator_c/dcl_slam/msg/detail/global_descriptor__struct.h:22:10:[m[K [01;31m[Kfatal error: [m[Kdcl_slam/msg/detail/header__struct.h: 没有那个文件或目录
   22 | #include [01;31m[K"dcl_slam/msg/detail/header__struct.h"[m[K
      |          [01;31m[K^~~~~~~~~~~~~~~~~~~~~~~~~~~~~~~~~~~~~~[m[K
compilation terminated.
In file included from [01m[K/home/isaac/DCL-SLAM/build/dcl_slam/rosidl_generator_c/dcl_slam/msg/detail/neighbor_estimate__functions.h:19[m[K,
                 from [01m[K/home/isaac/DCL-SLAM/build/dcl_slam/rosidl_generator_c/dcl_slam/msg/detail/neighbor_estimate__functions.c:4[m[K:
[01m[K/home/isaac/DCL-SLAM/build/dcl_slam/rosidl_generator_c/dcl_slam/msg/detail/neighbor_estimate__struct.h:22:10:[m[K [01;31m[Kfatal error: [m[Kdcl_slam/msg/detail/header__struct.h: 没有那个文件或目录
   22 | #include [01;31m[K"dcl_slam/msg/detail/header__struct.h"[m[K
      |          [01;31m[K^~~~~~~~~~~~~~~~~~~~~~~~~~~~~~~~~~~~~~[m[K
compilation terminated.
gmake[2]: *** [CMakeFiles/dcl_slam__rosidl_generator_c.dir/build.make:239：CMakeFiles/dcl_slam__rosidl_generator_c.dir/rosidl_generator_c/dcl_slam/msg/detail/loop_info__functions.c.o] 错误 1
gmake[2]: *** 正在等待未完成的任务....
gmake[2]: *** [CMakeFiles/dcl_slam__rosidl_generator_c.dir/build.make:253：CMakeFiles/dcl_slam__rosidl_generator_c.dir/rosidl_generator_c/dcl_slam/msg/detail/global_descriptor__functions.c.o] 错误 1
gmake[2]: *** [CMakeFiles/dcl_slam__rosidl_generator_c.dir/build.make:267：CMakeFiles/dcl_slam__rosidl_generator_c.dir/rosidl_generator_c/dcl_slam/msg/detail/neighbor_estimate__functions.c.o] 错误 1
gmake[1]: *** [CMakeFiles/Makefile2:213：CMakeFiles/dcl_slam__rosidl_generator_c.dir/all] 错误 2
gmake[1]: *** 正在等待未完成的任务....
[ 19%] [32mBuilding CXX object CMakeFiles/dcl_slam__rosidl_typesupport_cpp.dir/rosidl_typesupport_cpp/dcl_slam/msg/loop_info__type_support.cpp.o[0m
[ 21%] [32mBuilding CXX object CMakeFiles/dcl_slam__rosidl_typesupport_cpp.dir/rosidl_typesupport_cpp/dcl_slam/msg/global_descriptor__type_support.cpp.o[0m
[ 23%] [32mBuilding CXX object CMakeFiles/dcl_slam__rosidl_typesupport_cpp.dir/rosidl_typesupport_cpp/dcl_slam/msg/neighbor_estimate__type_support.cpp.o[0m
[ 25%] [32mBuilding CXX object CMakeFiles/dcl_slam__rosidl_typesupport_introspection_cpp.dir/rosidl_typesupport_introspection_cpp/dcl_slam/msg/detail/global_descriptor__type_support.cpp.o[0m
[ 27%] [32mBuilding CXX object CMakeFiles/dcl_slam__rosidl_typesupport_introspection_cpp.dir/rosidl_typesupport_introspection_cpp/dcl_slam/msg/detail/loop_info__type_support.cpp.o[0m
[ 29%] [32mBuilding CXX object CMakeFiles/dcl_slam__rosidl_typesupport_introspection_cpp.dir/rosidl_typesupport_introspection_cpp/dcl_slam/msg/detail/neighbor_estimate__type_support.cpp.o[0m
[ 31%] [32mBuilding CXX object CMakeFiles/dcl_slam__rosidl_typesupport_fastrtps_cpp.dir/rosidl_typesupport_fastrtps_cpp/dcl_slam/msg/detail/dds_fastrtps/loop_info__type_support.cpp.o[0m
[ 34%] [32mBuilding CXX object CMakeFiles/dcl_slam__rosidl_typesupport_fastrtps_cpp.dir/rosidl_typesupport_fastrtps_cpp/dcl_slam/msg/detail/dds_fastrtps/global_descriptor__type_support.cpp.o[0m
[ 36%] [32mBuilding CXX object CMakeFiles/dcl_slam__rosidl_typesupport_fastrtps_cpp.dir/rosidl_typesupport_fastrtps_cpp/dcl_slam/msg/detail/dds_fastrtps/neighbor_estimate__type_support.cpp.o[0m
In file included from [01m[K/home/isaac/DCL-SLAM/build/dcl_slam/rosidl_typesupport_cpp/dcl_slam/msg/neighbor_estimate__type_support.cpp:7[m[K:
[01m[K/home/isaac/DCL-SLAM/build/dcl_slam/rosidl_generator_cpp/dcl_slam/msg/detail/neighbor_estimate__struct.hpp:20:10:[m[K [01;31m[Kfatal error: [m[Kdcl_slam/msg/detail/header__struct.hpp: 没有那个文件或目录
   20 | #include [01;31m[K"dcl_slam/msg/detail/header__struct.hpp"[m[K
      |          [01;31m[K^~~~~~~~~~~~~~~~~~~~~~~~~~~~~~~~~~~~~~~~[m[K
In file included from [01m[K/home/isaac/DCL-SLAM/build/dcl_slam/rosidl_typesupport_cpp/dcl_slam/msg/loop_info__type_support.cpp:7[m[K:
[01m[K/home/isaac/DCL-SLAM/build/dcl_slam/rosidl_generator_cpp/dcl_slam/msg/detail/loop_info__struct.hpp:20:10:[m[K [01;31m[Kfatal error: [m[Kdcl_slam/msg/detail/header__struct.hpp: 没有那个文件或目录
   20 | #include [01;31m[K"dcl_slam/msg/detail/header__struct.hpp"[m[K
      |          [01;31m[K^~~~~~~~~~~~~~~~~~~~~~~~~~~~~~~~~~~~~~~~[m[K
compilation terminated.
compilation terminated.
In file included from [01m[K/home/isaac/DCL-SLAM/build/dcl_slam/rosidl_typesupport_cpp/dcl_slam/msg/global_descriptor__type_support.cpp:7[m[K:
[01m[K/home/isaac/DCL-SLAM/build/dcl_slam/rosidl_generator_cpp/dcl_slam/msg/detail/global_descriptor__struct.hpp:20:10:[m[K [01;31m[Kfatal error: [m[Kdcl_slam/msg/detail/header__struct.hpp: 没有那个文件或目录
   20 | #include [01;31m[K"dcl_slam/msg/detail/header__struct.hpp"[m[K
      |          [01;31m[K^~~~~~~~~~~~~~~~~~~~~~~~~~~~~~~~~~~~~~~~[m[K
gmake[2]: *** [CMakeFiles/dcl_slam__rosidl_typesupport_cpp.dir/build.make:196：CMakeFiles/dcl_slam__rosidl_typesupport_cpp.dir/rosidl_typesupport_cpp/dcl_slam/msg/loop_info__type_support.cpp.o] 错误 1
compilation terminated.
gmake[2]: *** 正在等待未完成的任务....
gmake[2]: *** [CMakeFiles/dcl_slam__rosidl_typesupport_cpp.dir/build.make:224：CMakeFiles/dcl_slam__rosidl_typesupport_cpp.dir/rosidl_typesupport_cpp/dcl_slam/msg/neighbor_estimate__type_support.cpp.o] 错误 1
gmake[2]: *** [CMakeFiles/dcl_slam__rosidl_typesupport_cpp.dir/build.make:210：CMakeFiles/dcl_slam__rosidl_typesupport_cpp.dir/rosidl_typesupport_cpp/dcl_slam/msg/global_descriptor__type_support.cpp.o] 错误 1
gmake[1]: *** [CMakeFiles/Makefile2:395：CMakeFiles/dcl_slam__rosidl_typesupport_cpp.dir/all] 错误 2
In file included from [01m[K/home/isaac/DCL-SLAM/build/dcl_slam/rosidl_typesupport_introspection_cpp/dcl_slam/msg/detail/global_descriptor__type_support.cpp:12[m[K:
[01m[K/home/isaac/DCL-SLAM/build/dcl_slam/rosidl_generator_cpp/dcl_slam/msg/detail/global_descriptor__struct.hpp:20:10:[m[K [01;31m[Kfatal error: [m[Kdcl_slam/msg/detail/header__struct.hpp: 没有那个文件或目录
   20 | #include [01;31m[K"dcl_slam/msg/detail/header__struct.hpp"[m[K
      |          [01;31m[K^~~~~~~~~~~~~~~~~~~~~~~~~~~~~~~~~~~~~~~~[m[K
In file included from [01m[K/home/isaac/DCL-SLAM/build/dcl_slam/rosidl_typesupport_introspection_cpp/dcl_slam/msg/detail/neighbor_estimate__type_support.cpp:12[m[K:
[01m[K/home/isaac/DCL-SLAM/build/dcl_slam/rosidl_generator_cpp/dcl_slam/msg/detail/neighbor_estimate__struct.hpp:20:10:[m[K [01;31m[Kfatal error: [m[Kdcl_slam/msg/detail/header__struct.hpp: 没有那个文件或目录
   20 | #include [01;31m[K"dcl_slam/msg/detail/header__struct.hpp"[m[K
      |          [01;31m[K^~~~~~~~~~~~~~~~~~~~~~~~~~~~~~~~~~~~~~~~[m[K
compilation terminated.
compilation terminated.
gmake[2]: *** [CMakeFiles/dcl_slam__rosidl_typesupport_introspection_cpp.dir/build.make:221：CMakeFiles/dcl_slam__rosidl_typesupport_introspection_cpp.dir/rosidl_typesupport_introspection_cpp/dcl_slam/msg/detail/global_descriptor__type_support.cpp.o] 错误 1
gmake[2]: *** 正在等待未完成的任务....
gmake[2]: *** [CMakeFiles/dcl_slam__rosidl_typesupport_introspection_cpp.dir/build.make:235：CMakeFiles/dcl_slam__rosidl_typesupport_introspection_cpp.dir/rosidl_typesupport_introspection_cpp/dcl_slam/msg/detail/neighbor_estimate__type_support.cpp.o] 错误 1
In file included from [01m[K/home/isaac/DCL-SLAM/build/dcl_slam/rosidl_typesupport_introspection_cpp/dcl_slam/msg/detail/loop_info__type_support.cpp:12[m[K:
[01m[K/home/isaac/DCL-SLAM/build/dcl_slam/rosidl_generator_cpp/dcl_slam/msg/detail/loop_info__struct.hpp:20:10:[m[K [01;31m[Kfatal error: [m[Kdcl_slam/msg/detail/header__struct.hpp: 没有那个文件或目录
   20 | #include [01;31m[K"dcl_slam/msg/detail/header__struct.hpp"[m[K
      |          [01;31m[K^~~~~~~~~~~~~~~~~~~~~~~~~~~~~~~~~~~~~~~~[m[K
compilation terminated.
gmake[2]: *** [CMakeFiles/dcl_slam__rosidl_typesupport_introspection_cpp.dir/build.make:207：CMakeFiles/dcl_slam__rosidl_typesupport_introspection_cpp.dir/rosidl_typesupport_introspection_cpp/dcl_slam/msg/detail/loop_info__type_support.cpp.o] 错误 1
gmake[1]: *** [CMakeFiles/Makefile2:369：CMakeFiles/dcl_slam__rosidl_typesupport_introspection_cpp.dir/all] 错误 2
In file included from [01m[K/home/isaac/DCL-SLAM/build/dcl_slam/rosidl_typesupport_fastrtps_cpp/dcl_slam/msg/detail/global_descriptor__rosidl_typesupport_fastrtps_cpp.hpp:11[m[K,
                 from [01m[K/home/isaac/DCL-SLAM/build/dcl_slam/rosidl_typesupport_fastrtps_cpp/dcl_slam/msg/detail/dds_fastrtps/global_descriptor__type_support.cpp:4[m[K:
[01m[K/home/isaac/DCL-SLAM/build/dcl_slam/rosidl_generator_cpp/dcl_slam/msg/detail/global_descriptor__struct.hpp:20:10:[m[K [01;31m[Kfatal error: [m[Kdcl_slam/msg/detail/header__struct.hpp: 没有那个文件或目录
   20 | #include [01;31m[K"dcl_slam/msg/detail/header__struct.hpp"[m[K
      |          [01;31m[K^~~~~~~~~~~~~~~~~~~~~~~~~~~~~~~~~~~~~~~~[m[K
compilation terminated.
In file included from [01m[K/home/isaac/DCL-SLAM/build/dcl_slam/rosidl_typesupport_fastrtps_cpp/dcl_slam/msg/detail/loop_info__rosidl_typesupport_fastrtps_cpp.hpp:11[m[K,
                 from [01m[K/home/isaac/DCL-SLAM/build/dcl_slam/rosidl_typesupport_fastrtps_cpp/dcl_slam/msg/detail/dds_fastrtps/loop_info__type_support.cpp:4[m[K:
[01m[K/home/isaac/DCL-SLAM/build/dcl_slam/rosidl_generator_cpp/dcl_slam/msg/detail/loop_info__struct.hpp:20:10:[m[K [01;31m[Kfatal error: [m[Kdcl_slam/msg/detail/header__struct.hpp: 没有那个文件或目录
   20 | #include [01;31m[K"dcl_slam/msg/detail/header__struct.hpp"[m[K
      |          [01;31m[K^~~~~~~~~~~~~~~~~~~~~~~~~~~~~~~~~~~~~~~~[m[K
compilation terminated.
gmake[2]: *** [CMakeFiles/dcl_slam__rosidl_typesupport_fastrtps_cpp.dir/build.make:221：CMakeFiles/dcl_slam__rosidl_typesupport_fastrtps_cpp.dir/rosidl_typesupport_fastrtps_cpp/dcl_slam/msg/detail/dds_fastrtps/global_descriptor__type_support.cpp.o] 错误 1
gmake[2]: *** 正在等待未完成的任务....
gmake[2]: *** [CMakeFiles/dcl_slam__rosidl_typesupport_fastrtps_cpp.dir/build.make:207：CMakeFiles/dcl_slam__rosidl_typesupport_fastrtps_cpp.dir/rosidl_typesupport_fastrtps_cpp/dcl_slam/msg/detail/dds_fastrtps/loop_info__type_support.cpp.o] 错误 1
In file included from [01m[K/home/isaac/DCL-SLAM/build/dcl_slam/rosidl_typesupport_fastrtps_cpp/dcl_slam/msg/detail/neighbor_estimate__rosidl_typesupport_fastrtps_cpp.hpp:11[m[K,
                 from [01m[K/home/isaac/DCL-SLAM/build/dcl_slam/rosidl_typesupport_fastrtps_cpp/dcl_slam/msg/detail/dds_fastrtps/neighbor_estimate__type_support.cpp:4[m[K:
[01m[K/home/isaac/DCL-SLAM/build/dcl_slam/rosidl_generator_cpp/dcl_slam/msg/detail/neighbor_estimate__struct.hpp:20:10:[m[K [01;31m[Kfatal error: [m[Kdcl_slam/msg/detail/header__struct.hpp: 没有那个文件或目录
   20 | #include [01;31m[K"dcl_slam/msg/detail/header__struct.hpp"[m[K
      |          [01;31m[K^~~~~~~~~~~~~~~~~~~~~~~~~~~~~~~~~~~~~~~~[m[K
compilation terminated.
gmake[2]: *** [CMakeFiles/dcl_slam__rosidl_typesupport_fastrtps_cpp.dir/build.make:235：CMakeFiles/dcl_slam__rosidl_typesupport_fastrtps_cpp.dir/rosidl_typesupport_fastrtps_cpp/dcl_slam/msg/detail/dds_fastrtps/neighbor_estimate__type_support.cpp.o] 错误 1
gmake[1]: *** [CMakeFiles/Makefile2:343：CMakeFiles/dcl_slam__rosidl_typesupport_fastrtps_cpp.dir/all] 错误 2
gmake: *** [Makefile:146：all] 错误 2
