[0.004s] Invoking command in '/home/isaac/DCL-SLAM/build/dcl_slam': CMAKE_PREFIX_PATH=/opt/ros/humble /usr/bin/cmake /home/isaac/DCL-SLAM -DCMAKE_INSTALL_PREFIX=/home/isaac/DCL-SLAM/install/dcl_slam
[0.013s] -- Found ament_cmake: 1.3.12 (/opt/ros/humble/share/ament_cmake/cmake)
[0.101s] -- Found rosidl_default_generators: 1.2.0 (/opt/ros/humble/share/rosidl_default_generators/cmake)
[0.102s] -- Using all available rosidl_typesupport_c: rosidl_typesupport_fastrtps_c;rosidl_typesupport_introspection_c
[0.103s] -- Found rosidl_adapter: 3.1.7 (/opt/ros/humble/share/rosidl_adapter/cmake)
[0.116s] -- Using all available rosidl_typesupport_cpp: rosidl_typesupport_fastrtps_cpp;rosidl_typesupport_introspection_cpp
[0.127s] -- Found std_msgs: 4.9.0 (/opt/ros/humble/share/std_msgs/cmake)
[0.137s] -- Found sensor_msgs: 4.9.0 (/opt/ros/humble/share/sensor_msgs/cmake)
[0.150s] -- Found nav_msgs: 4.9.0 (/opt/ros/humble/share/nav_msgs/cmake)
[0.323s] -- Found ament_cmake_ros: 0.10.0 (/opt/ros/humble/share/ament_cmake_ros/cmake)
[0.507s] -- Using all available rosidl_typesupport_c: rosidl_typesupport_fastrtps_c;rosidl_typesupport_introspection_c
[0.727s] -- Using all available rosidl_typesupport_cpp: rosidl_typesupport_fastrtps_cpp;rosidl_typesupport_introspection_cpp
[0.747s] -- Found PythonInterp: /usr/bin/python3 (found suitable version "3.10.12", minimum required is "3.6") 
[0.749s] -- Found python_cmake_module: 0.10.0 (/opt/ros/humble/share/python_cmake_module/cmake)
[0.776s] -- Found PythonLibs: /usr/lib/x86_64-linux-gnu/libpython3.10.so (found suitable version "3.10.12", minimum required is "3.5") 
[0.776s] -- Using PYTHON_EXECUTABLE: /usr/bin/python3
[0.776s] -- Using PYTHON_INCLUDE_DIRS: /usr/include/python3.10
[0.776s] -- Using PYTHON_LIBRARIES: /usr/lib/x86_64-linux-gnu/libpython3.10.so
[0.791s] -- Found PythonExtra: .so  
[0.839s] -- Configuring done
[0.864s] -- Generating done
[0.869s] -- Build files have been written to: /home/isaac/DCL-SLAM/build/dcl_slam
[0.874s] Invoked command in '/home/isaac/DCL-SLAM/build/dcl_slam' returned '0': CMAKE_PREFIX_PATH=/opt/ros/humble /usr/bin/cmake /home/isaac/DCL-SLAM -DCMAKE_INSTALL_PREFIX=/home/isaac/DCL-SLAM/install/dcl_slam
[0.875s] Invoking command in '/home/isaac/DCL-SLAM/build/dcl_slam': CMAKE_PREFIX_PATH=/opt/ros/humble /usr/bin/cmake --build /home/isaac/DCL-SLAM/build/dcl_slam -- -j32 -l32
[0.898s] [  2%] [34m[1mGenerating C code for ROS interfaces[0m
[0.910s] [  4%] [34m[1mGenerating C++ code for ROS interfaces[0m
[0.915s] [  4%] Built target ament_cmake_python_copy_dcl_slam
[1.020s] running egg_info
[1.020s] creating dcl_slam.egg-info
[1.020s] writing dcl_slam.egg-info/PKG-INFO
[1.020s] writing dependency_links to dcl_slam.egg-info/dependency_links.txt
[1.021s] writing top-level names to dcl_slam.egg-info/top_level.txt
[1.021s] writing manifest file 'dcl_slam.egg-info/SOURCES.txt'
[1.022s] reading manifest file 'dcl_slam.egg-info/SOURCES.txt'
[1.022s] writing manifest file 'dcl_slam.egg-info/SOURCES.txt'
[1.037s] [  4%] Built target ament_cmake_python_build_dcl_slam_egg
[1.089s] [  4%] Built target dcl_slam__cpp
[1.094s] [  6%] [32mBuilding C object CMakeFiles/dcl_slam__rosidl_generator_c.dir/rosidl_generator_c/dcl_slam/msg/detail/global_descriptor__functions.c.o[0m
[1.096s] [  8%] [32mBuilding C object CMakeFiles/dcl_slam__rosidl_generator_c.dir/rosidl_generator_c/dcl_slam/msg/detail/loop_info__functions.c.o[0m
[1.096s] [ 10%] [34m[1mGenerating C++ type support dispatch for ROS interfaces[0m
[1.096s] [ 14%] [34m[1mGenerating C++ type support for eProsima Fast-RTPS[0m
[1.097s] [ 14%] [32mBuilding C object CMakeFiles/dcl_slam__rosidl_generator_c.dir/rosidl_generator_c/dcl_slam/msg/detail/neighbor_estimate__functions.c.o[0m
[1.097s] [ 17%] [34m[1mGenerating C++ introspection for ROS interfaces[0m
[1.109s] In file included from [01m[K/home/isaac/DCL-SLAM/build/dcl_slam/rosidl_generator_c/dcl_slam/msg/detail/loop_info__functions.h:19[m[K,
[1.109s]                  from [01m[K/home/isaac/DCL-SLAM/build/dcl_slam/rosidl_generator_c/dcl_slam/msg/detail/loop_info__functions.c:4[m[K:
[1.109s] [01m[K/home/isaac/DCL-SLAM/build/dcl_slam/rosidl_generator_c/dcl_slam/msg/detail/loop_info__struct.h:22:10:[m[K [01;31m[Kfatal error: [m[Kdcl_slam/msg/detail/header__struct.h: 没有那个文件或目录
[1.109s]    22 | #include [01;31m[K"dcl_slam/msg/detail/header__struct.h"[m[K
[1.109s]       |          [01;31m[K^~~~~~~~~~~~~~~~~~~~~~~~~~~~~~~~~~~~~~[m[K
[1.109s] compilation terminated.
[1.109s] In file included from [01m[K/home/isaac/DCL-SLAM/build/dcl_slam/rosidl_generator_c/dcl_slam/msg/detail/global_descriptor__functions.h:19[m[K,
[1.109s]                  from [01m[K/home/isaac/DCL-SLAM/build/dcl_slam/rosidl_generator_c/dcl_slam/msg/detail/global_descriptor__functions.c:4[m[K:
[1.109s] [01m[K/home/isaac/DCL-SLAM/build/dcl_slam/rosidl_generator_c/dcl_slam/msg/detail/global_descriptor__struct.h:22:10:[m[K [01;31m[Kfatal error: [m[Kdcl_slam/msg/detail/header__struct.h: 没有那个文件或目录
[1.109s]    22 | #include [01;31m[K"dcl_slam/msg/detail/header__struct.h"[m[K
[1.109s]       |          [01;31m[K^~~~~~~~~~~~~~~~~~~~~~~~~~~~~~~~~~~~~~[m[K
[1.109s] compilation terminated.
[1.110s] In file included from [01m[K/home/isaac/DCL-SLAM/build/dcl_slam/rosidl_generator_c/dcl_slam/msg/detail/neighbor_estimate__functions.h:19[m[K,
[1.110s]                  from [01m[K/home/isaac/DCL-SLAM/build/dcl_slam/rosidl_generator_c/dcl_slam/msg/detail/neighbor_estimate__functions.c:4[m[K:
[1.110s] [01m[K/home/isaac/DCL-SLAM/build/dcl_slam/rosidl_generator_c/dcl_slam/msg/detail/neighbor_estimate__struct.h:22:10:[m[K [01;31m[Kfatal error: [m[Kdcl_slam/msg/detail/header__struct.h: 没有那个文件或目录
[1.110s]    22 | #include [01;31m[K"dcl_slam/msg/detail/header__struct.h"[m[K
[1.110s]       |          [01;31m[K^~~~~~~~~~~~~~~~~~~~~~~~~~~~~~~~~~~~~~[m[K
[1.110s] compilation terminated.
[1.110s] gmake[2]: *** [CMakeFiles/dcl_slam__rosidl_generator_c.dir/build.make:239：CMakeFiles/dcl_slam__rosidl_generator_c.dir/rosidl_generator_c/dcl_slam/msg/detail/loop_info__functions.c.o] 错误 1
[1.110s] gmake[2]: *** 正在等待未完成的任务....
[1.110s] gmake[2]: *** [CMakeFiles/dcl_slam__rosidl_generator_c.dir/build.make:253：CMakeFiles/dcl_slam__rosidl_generator_c.dir/rosidl_generator_c/dcl_slam/msg/detail/global_descriptor__functions.c.o] 错误 1
[1.110s] gmake[2]: *** [CMakeFiles/dcl_slam__rosidl_generator_c.dir/build.make:267：CMakeFiles/dcl_slam__rosidl_generator_c.dir/rosidl_generator_c/dcl_slam/msg/detail/neighbor_estimate__functions.c.o] 错误 1
[1.110s] gmake[1]: *** [CMakeFiles/Makefile2:213：CMakeFiles/dcl_slam__rosidl_generator_c.dir/all] 错误 2
[1.110s] gmake[1]: *** 正在等待未完成的任务....
[1.240s] [ 19%] [32mBuilding CXX object CMakeFiles/dcl_slam__rosidl_typesupport_cpp.dir/rosidl_typesupport_cpp/dcl_slam/msg/loop_info__type_support.cpp.o[0m
[1.240s] [ 21%] [32mBuilding CXX object CMakeFiles/dcl_slam__rosidl_typesupport_cpp.dir/rosidl_typesupport_cpp/dcl_slam/msg/global_descriptor__type_support.cpp.o[0m
[1.240s] [ 23%] [32mBuilding CXX object CMakeFiles/dcl_slam__rosidl_typesupport_cpp.dir/rosidl_typesupport_cpp/dcl_slam/msg/neighbor_estimate__type_support.cpp.o[0m
[1.252s] [ 25%] [32mBuilding CXX object CMakeFiles/dcl_slam__rosidl_typesupport_introspection_cpp.dir/rosidl_typesupport_introspection_cpp/dcl_slam/msg/detail/global_descriptor__type_support.cpp.o[0m
[1.253s] [ 27%] [32mBuilding CXX object CMakeFiles/dcl_slam__rosidl_typesupport_introspection_cpp.dir/rosidl_typesupport_introspection_cpp/dcl_slam/msg/detail/loop_info__type_support.cpp.o[0m
[1.253s] [ 29%] [32mBuilding CXX object CMakeFiles/dcl_slam__rosidl_typesupport_introspection_cpp.dir/rosidl_typesupport_introspection_cpp/dcl_slam/msg/detail/neighbor_estimate__type_support.cpp.o[0m
[1.264s] [ 31%] [32mBuilding CXX object CMakeFiles/dcl_slam__rosidl_typesupport_fastrtps_cpp.dir/rosidl_typesupport_fastrtps_cpp/dcl_slam/msg/detail/dds_fastrtps/loop_info__type_support.cpp.o[0m
[1.266s] [ 34%] [32mBuilding CXX object CMakeFiles/dcl_slam__rosidl_typesupport_fastrtps_cpp.dir/rosidl_typesupport_fastrtps_cpp/dcl_slam/msg/detail/dds_fastrtps/global_descriptor__type_support.cpp.o[0m
[1.266s] [ 36%] [32mBuilding CXX object CMakeFiles/dcl_slam__rosidl_typesupport_fastrtps_cpp.dir/rosidl_typesupport_fastrtps_cpp/dcl_slam/msg/detail/dds_fastrtps/neighbor_estimate__type_support.cpp.o[0m
[1.272s] In file included from [01m[K/home/isaac/DCL-SLAM/build/dcl_slam/rosidl_typesupport_cpp/dcl_slam/msg/neighbor_estimate__type_support.cpp:7[m[K:
[1.272s] [01m[K/home/isaac/DCL-SLAM/build/dcl_slam/rosidl_generator_cpp/dcl_slam/msg/detail/neighbor_estimate__struct.hpp:20:10:[m[K [01;31m[Kfatal error: [m[Kdcl_slam/msg/detail/header__struct.hpp: 没有那个文件或目录
[1.272s]    20 | #include [01;31m[K"dcl_slam/msg/detail/header__struct.hpp"[m[K
[1.272s]       |          [01;31m[K^~~~~~~~~~~~~~~~~~~~~~~~~~~~~~~~~~~~~~~~[m[K
[1.272s] In file included from [01m[K/home/isaac/DCL-SLAM/build/dcl_slam/rosidl_typesupport_cpp/dcl_slam/msg/loop_info__type_support.cpp:7[m[K:
[1.272s] [01m[K/home/isaac/DCL-SLAM/build/dcl_slam/rosidl_generator_cpp/dcl_slam/msg/detail/loop_info__struct.hpp:20:10:[m[K [01;31m[Kfatal error: [m[Kdcl_slam/msg/detail/header__struct.hpp: 没有那个文件或目录
[1.272s]    20 | #include [01;31m[K"dcl_slam/msg/detail/header__struct.hpp"[m[K
[1.272s]       |          [01;31m[K^~~~~~~~~~~~~~~~~~~~~~~~~~~~~~~~~~~~~~~~[m[K
[1.272s] compilation terminated.
[1.272s] compilation terminated.
[1.273s] In file included from [01m[K/home/isaac/DCL-SLAM/build/dcl_slam/rosidl_typesupport_cpp/dcl_slam/msg/global_descriptor__type_support.cpp:7[m[K:
[1.273s] [01m[K/home/isaac/DCL-SLAM/build/dcl_slam/rosidl_generator_cpp/dcl_slam/msg/detail/global_descriptor__struct.hpp:20:10:[m[K [01;31m[Kfatal error: [m[Kdcl_slam/msg/detail/header__struct.hpp: 没有那个文件或目录
[1.273s]    20 | #include [01;31m[K"dcl_slam/msg/detail/header__struct.hpp"[m[K
[1.273s]       |          [01;31m[K^~~~~~~~~~~~~~~~~~~~~~~~~~~~~~~~~~~~~~~~[m[K
[1.273s] gmake[2]: *** [CMakeFiles/dcl_slam__rosidl_typesupport_cpp.dir/build.make:196：CMakeFiles/dcl_slam__rosidl_typesupport_cpp.dir/rosidl_typesupport_cpp/dcl_slam/msg/loop_info__type_support.cpp.o] 错误 1
[1.273s] compilation terminated.
[1.273s] gmake[2]: *** 正在等待未完成的任务....
[1.273s] gmake[2]: *** [CMakeFiles/dcl_slam__rosidl_typesupport_cpp.dir/build.make:224：CMakeFiles/dcl_slam__rosidl_typesupport_cpp.dir/rosidl_typesupport_cpp/dcl_slam/msg/neighbor_estimate__type_support.cpp.o] 错误 1
[1.274s] gmake[2]: *** [CMakeFiles/dcl_slam__rosidl_typesupport_cpp.dir/build.make:210：CMakeFiles/dcl_slam__rosidl_typesupport_cpp.dir/rosidl_typesupport_cpp/dcl_slam/msg/global_descriptor__type_support.cpp.o] 错误 1
[1.274s] gmake[1]: *** [CMakeFiles/Makefile2:395：CMakeFiles/dcl_slam__rosidl_typesupport_cpp.dir/all] 错误 2
[1.282s] In file included from [01m[K/home/isaac/DCL-SLAM/build/dcl_slam/rosidl_typesupport_introspection_cpp/dcl_slam/msg/detail/global_descriptor__type_support.cpp:12[m[K:
[1.282s] [01m[K/home/isaac/DCL-SLAM/build/dcl_slam/rosidl_generator_cpp/dcl_slam/msg/detail/global_descriptor__struct.hpp:20:10:[m[K [01;31m[Kfatal error: [m[Kdcl_slam/msg/detail/header__struct.hpp: 没有那个文件或目录
[1.282s]    20 | #include [01;31m[K"dcl_slam/msg/detail/header__struct.hpp"[m[K
[1.282s]       |          [01;31m[K^~~~~~~~~~~~~~~~~~~~~~~~~~~~~~~~~~~~~~~~[m[K
[1.282s] In file included from [01m[K/home/isaac/DCL-SLAM/build/dcl_slam/rosidl_typesupport_introspection_cpp/dcl_slam/msg/detail/neighbor_estimate__type_support.cpp:12[m[K:
[1.282s] [01m[K/home/isaac/DCL-SLAM/build/dcl_slam/rosidl_generator_cpp/dcl_slam/msg/detail/neighbor_estimate__struct.hpp:20:10:[m[K [01;31m[Kfatal error: [m[Kdcl_slam/msg/detail/header__struct.hpp: 没有那个文件或目录
[1.282s]    20 | #include [01;31m[K"dcl_slam/msg/detail/header__struct.hpp"[m[K
[1.282s]       |          [01;31m[K^~~~~~~~~~~~~~~~~~~~~~~~~~~~~~~~~~~~~~~~[m[K
[1.282s] compilation terminated.
[1.282s] compilation terminated.
[1.283s] gmake[2]: *** [CMakeFiles/dcl_slam__rosidl_typesupport_introspection_cpp.dir/build.make:221：CMakeFiles/dcl_slam__rosidl_typesupport_introspection_cpp.dir/rosidl_typesupport_introspection_cpp/dcl_slam/msg/detail/global_descriptor__type_support.cpp.o] 错误 1
[1.283s] gmake[2]: *** 正在等待未完成的任务....
[1.283s] gmake[2]: *** [CMakeFiles/dcl_slam__rosidl_typesupport_introspection_cpp.dir/build.make:235：CMakeFiles/dcl_slam__rosidl_typesupport_introspection_cpp.dir/rosidl_typesupport_introspection_cpp/dcl_slam/msg/detail/neighbor_estimate__type_support.cpp.o] 错误 1
[1.285s] In file included from [01m[K/home/isaac/DCL-SLAM/build/dcl_slam/rosidl_typesupport_introspection_cpp/dcl_slam/msg/detail/loop_info__type_support.cpp:12[m[K:
[1.285s] [01m[K/home/isaac/DCL-SLAM/build/dcl_slam/rosidl_generator_cpp/dcl_slam/msg/detail/loop_info__struct.hpp:20:10:[m[K [01;31m[Kfatal error: [m[Kdcl_slam/msg/detail/header__struct.hpp: 没有那个文件或目录
[1.285s]    20 | #include [01;31m[K"dcl_slam/msg/detail/header__struct.hpp"[m[K
[1.286s]       |          [01;31m[K^~~~~~~~~~~~~~~~~~~~~~~~~~~~~~~~~~~~~~~~[m[K
[1.286s] compilation terminated.
[1.286s] gmake[2]: *** [CMakeFiles/dcl_slam__rosidl_typesupport_introspection_cpp.dir/build.make:207：CMakeFiles/dcl_slam__rosidl_typesupport_introspection_cpp.dir/rosidl_typesupport_introspection_cpp/dcl_slam/msg/detail/loop_info__type_support.cpp.o] 错误 1
[1.286s] gmake[1]: *** [CMakeFiles/Makefile2:369：CMakeFiles/dcl_slam__rosidl_typesupport_introspection_cpp.dir/all] 错误 2
[1.293s] In file included from [01m[K/home/isaac/DCL-SLAM/build/dcl_slam/rosidl_typesupport_fastrtps_cpp/dcl_slam/msg/detail/global_descriptor__rosidl_typesupport_fastrtps_cpp.hpp:11[m[K,
[1.293s]                  from [01m[K/home/isaac/DCL-SLAM/build/dcl_slam/rosidl_typesupport_fastrtps_cpp/dcl_slam/msg/detail/dds_fastrtps/global_descriptor__type_support.cpp:4[m[K:
[1.293s] [01m[K/home/isaac/DCL-SLAM/build/dcl_slam/rosidl_generator_cpp/dcl_slam/msg/detail/global_descriptor__struct.hpp:20:10:[m[K [01;31m[Kfatal error: [m[Kdcl_slam/msg/detail/header__struct.hpp: 没有那个文件或目录
[1.293s]    20 | #include [01;31m[K"dcl_slam/msg/detail/header__struct.hpp"[m[K
[1.293s]       |          [01;31m[K^~~~~~~~~~~~~~~~~~~~~~~~~~~~~~~~~~~~~~~~[m[K
[1.293s] compilation terminated.
[1.294s] In file included from [01m[K/home/isaac/DCL-SLAM/build/dcl_slam/rosidl_typesupport_fastrtps_cpp/dcl_slam/msg/detail/loop_info__rosidl_typesupport_fastrtps_cpp.hpp:11[m[K,
[1.294s]                  from [01m[K/home/isaac/DCL-SLAM/build/dcl_slam/rosidl_typesupport_fastrtps_cpp/dcl_slam/msg/detail/dds_fastrtps/loop_info__type_support.cpp:4[m[K:
[1.294s] [01m[K/home/isaac/DCL-SLAM/build/dcl_slam/rosidl_generator_cpp/dcl_slam/msg/detail/loop_info__struct.hpp:20:10:[m[K [01;31m[Kfatal error: [m[Kdcl_slam/msg/detail/header__struct.hpp: 没有那个文件或目录
[1.294s]    20 | #include [01;31m[K"dcl_slam/msg/detail/header__struct.hpp"[m[K
[1.294s]       |          [01;31m[K^~~~~~~~~~~~~~~~~~~~~~~~~~~~~~~~~~~~~~~~[m[K
[1.294s] compilation terminated.
[1.294s] gmake[2]: *** [CMakeFiles/dcl_slam__rosidl_typesupport_fastrtps_cpp.dir/build.make:221：CMakeFiles/dcl_slam__rosidl_typesupport_fastrtps_cpp.dir/rosidl_typesupport_fastrtps_cpp/dcl_slam/msg/detail/dds_fastrtps/global_descriptor__type_support.cpp.o] 错误 1
[1.294s] gmake[2]: *** 正在等待未完成的任务....
[1.294s] gmake[2]: *** [CMakeFiles/dcl_slam__rosidl_typesupport_fastrtps_cpp.dir/build.make:207：CMakeFiles/dcl_slam__rosidl_typesupport_fastrtps_cpp.dir/rosidl_typesupport_fastrtps_cpp/dcl_slam/msg/detail/dds_fastrtps/loop_info__type_support.cpp.o] 错误 1
[1.295s] In file included from [01m[K/home/isaac/DCL-SLAM/build/dcl_slam/rosidl_typesupport_fastrtps_cpp/dcl_slam/msg/detail/neighbor_estimate__rosidl_typesupport_fastrtps_cpp.hpp:11[m[K,
[1.295s]                  from [01m[K/home/isaac/DCL-SLAM/build/dcl_slam/rosidl_typesupport_fastrtps_cpp/dcl_slam/msg/detail/dds_fastrtps/neighbor_estimate__type_support.cpp:4[m[K:
[1.295s] [01m[K/home/isaac/DCL-SLAM/build/dcl_slam/rosidl_generator_cpp/dcl_slam/msg/detail/neighbor_estimate__struct.hpp:20:10:[m[K [01;31m[Kfatal error: [m[Kdcl_slam/msg/detail/header__struct.hpp: 没有那个文件或目录
[1.295s]    20 | #include [01;31m[K"dcl_slam/msg/detail/header__struct.hpp"[m[K
[1.295s]       |          [01;31m[K^~~~~~~~~~~~~~~~~~~~~~~~~~~~~~~~~~~~~~~~[m[K
[1.295s] compilation terminated.
[1.296s] gmake[2]: *** [CMakeFiles/dcl_slam__rosidl_typesupport_fastrtps_cpp.dir/build.make:235：CMakeFiles/dcl_slam__rosidl_typesupport_fastrtps_cpp.dir/rosidl_typesupport_fastrtps_cpp/dcl_slam/msg/detail/dds_fastrtps/neighbor_estimate__type_support.cpp.o] 错误 1
[1.296s] gmake[1]: *** [CMakeFiles/Makefile2:343：CMakeFiles/dcl_slam__rosidl_typesupport_fastrtps_cpp.dir/all] 错误 2
[1.296s] gmake: *** [Makefile:146：all] 错误 2
[1.298s] Invoked command in '/home/isaac/DCL-SLAM/build/dcl_slam' returned '2': CMAKE_PREFIX_PATH=/opt/ros/humble /usr/bin/cmake --build /home/isaac/DCL-SLAM/build/dcl_slam -- -j32 -l32
