-- Found ament_cmake: 1.3.12 (/opt/ros/humble/share/ament_cmake/cmake)
-- Found rosidl_default_generators: 1.2.0 (/opt/ros/humble/share/rosidl_default_generators/cmake)
-- Using all available rosidl_typesupport_c: rosidl_typesupport_fastrtps_c;rosidl_typesupport_introspection_c
-- Found rosidl_adapter: 3.1.7 (/opt/ros/humble/share/rosidl_adapter/cmake)
-- Using all available rosidl_typesupport_cpp: rosidl_typesupport_fastrtps_cpp;rosidl_typesupport_introspection_cpp
-- Found std_msgs: 4.9.0 (/opt/ros/humble/share/std_msgs/cmake)
-- Found sensor_msgs: 4.9.0 (/opt/ros/humble/share/sensor_msgs/cmake)
-- Found nav_msgs: 4.9.0 (/opt/ros/humble/share/nav_msgs/cmake)
-- Eigen found (include: /usr/include/eigen3, version: 3.4.0)
-- FLANN found (include: /usr/include, lib: /usr/lib/x86_64-linux-gnu/libflann_cpp.so)
-- OpenNI found (version: 1.5.4.0, include: /usr/include/ni, lib: /usr/lib/libOpenNI.so;libusb::libusb)
-- OpenNI2 found (version: 2.2.0.33, include: /usr/include/openni2, lib: /usr/lib/x86_64-linux-gnu/libOpenNI2.so;libusb::libusb)
-- Eigen found (include: /usr/include/eigen3, version: 3.4.0)
-- OpenNI found (version: 1.5.4.0, include: /usr/include/ni, lib: /usr/lib/libOpenNI.so;libusb::libusb)
-- OpenNI2 found (version: 2.2.0.33, include: /usr/include/openni2, lib: /usr/lib/x86_64-linux-gnu/libOpenNI2.so;libusb::libusb)
-- Found Qhull version 8.0.2
-- OpenNI found (version: 1.5.4.0, include: /usr/include/ni, lib: /usr/lib/libOpenNI.so;libusb::libusb)
-- looking for PCL_COMMON
-- looking for PCL_KDTREE
-- looking for PCL_OCTREE
-- looking for PCL_SEARCH
-- looking for PCL_SAMPLE_CONSENSUS
-- looking for PCL_FILTERS
-- looking for PCL_2D
-- looking for PCL_GEOMETRY
-- looking for PCL_IO
-- looking for PCL_FEATURES
-- looking for PCL_ML
-- looking for PCL_SEGMENTATION
-- looking for PCL_VISUALIZATION
-- looking for PCL_SURFACE
-- looking for PCL_REGISTRATION
-- looking for PCL_KEYPOINTS
-- looking for PCL_TRACKING
-- looking for PCL_RECOGNITION
-- looking for PCL_STEREO
-- looking for PCL_APPS
-- looking for PCL_IN_HAND_SCANNER
-- looking for PCL_MODELER
-- looking for PCL_POINT_CLOUD_EDITOR
-- looking for PCL_OUTOFCORE
-- looking for PCL_PEOPLE
-- Found rclcpp: 16.0.16 (/opt/ros/humble/share/rclcpp/cmake)
-- Found rmw_implementation_cmake: 6.1.2 (/opt/ros/humble/share/rmw_implementation_cmake/cmake)
-- Found rmw_fastrtps_cpp: 6.2.9 (/opt/ros/humble/share/rmw_fastrtps_cpp/cmake)
-- Found OpenSSL: /usr/lib/x86_64-linux-gnu/libcrypto.so (found version "3.0.2")  
-- Found FastRTPS: /opt/ros/humble/include  
-- Using RMW implementation 'rmw_fastrtps_cpp' as default
-- Found ament_cmake_ros: 0.10.0 (/opt/ros/humble/share/ament_cmake_ros/cmake)
-- Using all available rosidl_typesupport_c: rosidl_typesupport_fastrtps_c;rosidl_typesupport_introspection_c
-- Using all available rosidl_typesupport_cpp: rosidl_typesupport_fastrtps_cpp;rosidl_typesupport_introspection_cpp
-- Found python_cmake_module: 0.10.0 (/opt/ros/humble/share/python_cmake_module/cmake)
-- Using PYTHON_EXECUTABLE: /usr/bin/python3
-- Using PYTHON_INCLUDE_DIRS: /usr/include/python3.10
-- Using PYTHON_LIBRARIES: /usr/lib/x86_64-linux-gnu/libpython3.10.so
-- Configuring done
-- Generating done
-- Build files have been written to: /home/isaac/DCL-SLAM/build/dcl_slam
[35m[1mConsolidate compiler generated dependencies of target dcl_slam__rosidl_generator_c[0m
[  2%] [32mBuilding C object CMakeFiles/dcl_slam__rosidl_generator_c.dir/rosidl_generator_c/dcl_slam/msg/detail/loop_info__functions.c.o[0m
[  4%] Built target dcl_slam__cpp
[  6%] [32mBuilding C object CMakeFiles/dcl_slam__rosidl_generator_c.dir/rosidl_generator_c/dcl_slam/msg/detail/global_descriptor__functions.c.o[0m
[  8%] [32mBuilding C object CMakeFiles/dcl_slam__rosidl_generator_c.dir/rosidl_generator_c/dcl_slam/msg/detail/neighbor_estimate__functions.c.o[0m
[  8%] Built target ament_cmake_python_copy_dcl_slam
[35m[1mConsolidate compiler generated dependencies of target dcl_slam__rosidl_typesupport_fastrtps_cpp[0m
[35m[1mConsolidate compiler generated dependencies of target dcl_slam__rosidl_typesupport_cpp[0m
[35m[1mConsolidate compiler generated dependencies of target dcl_slam__rosidl_typesupport_introspection_cpp[0m
[ 12%] [32mBuilding CXX object CMakeFiles/dcl_slam__rosidl_typesupport_fastrtps_cpp.dir/rosidl_typesupport_fastrtps_cpp/dcl_slam/msg/detail/dds_fastrtps/global_descriptor__type_support.cpp.o[0m
[ 12%] [32mBuilding CXX object CMakeFiles/dcl_slam__rosidl_typesupport_cpp.dir/rosidl_typesupport_cpp/dcl_slam/msg/loop_info__type_support.cpp.o[0m
[ 14%] [32mBuilding CXX object CMakeFiles/dcl_slam__rosidl_typesupport_cpp.dir/rosidl_typesupport_cpp/dcl_slam/msg/global_descriptor__type_support.cpp.o[0m
[ 17%] [32mBuilding CXX object CMakeFiles/dcl_slam__rosidl_typesupport_cpp.dir/rosidl_typesupport_cpp/dcl_slam/msg/neighbor_estimate__type_support.cpp.o[0m
[ 19%] [32mBuilding CXX object CMakeFiles/dcl_slam__rosidl_typesupport_fastrtps_cpp.dir/rosidl_typesupport_fastrtps_cpp/dcl_slam/msg/detail/dds_fastrtps/loop_info__type_support.cpp.o[0m
[ 21%] [32mBuilding CXX object CMakeFiles/dcl_slam__rosidl_typesupport_fastrtps_cpp.dir/rosidl_typesupport_fastrtps_cpp/dcl_slam/msg/detail/dds_fastrtps/neighbor_estimate__type_support.cpp.o[0m
[ 23%] [32mBuilding CXX object CMakeFiles/dcl_slam__rosidl_typesupport_introspection_cpp.dir/rosidl_typesupport_introspection_cpp/dcl_slam/msg/detail/loop_info__type_support.cpp.o[0m
[ 25%] [32mBuilding CXX object CMakeFiles/dcl_slam__rosidl_typesupport_introspection_cpp.dir/rosidl_typesupport_introspection_cpp/dcl_slam/msg/detail/global_descriptor__type_support.cpp.o[0m
[ 27%] [32mBuilding CXX object CMakeFiles/dcl_slam__rosidl_typesupport_introspection_cpp.dir/rosidl_typesupport_introspection_cpp/dcl_slam/msg/detail/neighbor_estimate__type_support.cpp.o[0m
[ 29%] [32m[1mLinking C shared library libdcl_slam__rosidl_generator_c.so[0m
[ 31%] Built target dcl_slam__rosidl_generator_c
[35m[1mConsolidate compiler generated dependencies of target dcl_slam__rosidl_typesupport_c[0m
[35m[1mConsolidate compiler generated dependencies of target dcl_slam__rosidl_typesupport_introspection_c[0m
[35m[1mConsolidate compiler generated dependencies of target dcl_slam__rosidl_typesupport_fastrtps_c[0m
[ 44%] [32mBuilding C object CMakeFiles/dcl_slam__rosidl_typesupport_introspection_c.dir/rosidl_typesupport_introspection_c/dcl_slam/msg/detail/global_descriptor__type_support.c.o[0m
[ 44%] [32mBuilding C object CMakeFiles/dcl_slam__rosidl_typesupport_introspection_c.dir/rosidl_typesupport_introspection_c/dcl_slam/msg/detail/loop_info__type_support.c.o[0m
[ 44%] [32mBuilding CXX object CMakeFiles/dcl_slam__rosidl_typesupport_c.dir/rosidl_typesupport_c/dcl_slam/msg/global_descriptor__type_support.cpp.o[0m
[ 44%] [32mBuilding CXX object CMakeFiles/dcl_slam__rosidl_typesupport_c.dir/rosidl_typesupport_c/dcl_slam/msg/neighbor_estimate__type_support.cpp.o[0m
[ 44%] [32mBuilding C object CMakeFiles/dcl_slam__rosidl_typesupport_introspection_c.dir/rosidl_typesupport_introspection_c/dcl_slam/msg/detail/neighbor_estimate__type_support.c.o[0m
[ 44%] [32mBuilding CXX object CMakeFiles/dcl_slam__rosidl_typesupport_c.dir/rosidl_typesupport_c/dcl_slam/msg/loop_info__type_support.cpp.o[0m
[ 46%] [32mBuilding CXX object CMakeFiles/dcl_slam__rosidl_typesupport_fastrtps_c.dir/rosidl_typesupport_fastrtps_c/dcl_slam/msg/detail/loop_info__type_support_c.cpp.o[0m
[ 48%] [32mBuilding CXX object CMakeFiles/dcl_slam__rosidl_typesupport_fastrtps_c.dir/rosidl_typesupport_fastrtps_c/dcl_slam/msg/detail/global_descriptor__type_support_c.cpp.o[0m
[ 51%] [32mBuilding CXX object CMakeFiles/dcl_slam__rosidl_typesupport_fastrtps_c.dir/rosidl_typesupport_fastrtps_c/dcl_slam/msg/detail/neighbor_estimate__type_support_c.cpp.o[0m
[ 53%] [32m[1mLinking CXX shared library libdcl_slam__rosidl_typesupport_c.so[0m
[ 55%] [32m[1mLinking C shared library libdcl_slam__rosidl_typesupport_introspection_c.so[0m
[ 57%] Built target dcl_slam__rosidl_typesupport_introspection_c
[ 59%] Built target dcl_slam__rosidl_typesupport_c
[ 61%] [32m[1mLinking CXX shared library libdcl_slam__rosidl_typesupport_cpp.so[0m
running egg_info
writing dcl_slam.egg-info/PKG-INFO
writing dependency_links to dcl_slam.egg-info/dependency_links.txt
writing top-level names to dcl_slam.egg-info/top_level.txt
reading manifest file 'dcl_slam.egg-info/SOURCES.txt'
writing manifest file 'dcl_slam.egg-info/SOURCES.txt'
[ 63%] Built target dcl_slam__rosidl_typesupport_cpp
[ 63%] Built target ament_cmake_python_build_dcl_slam_egg
[ 65%] [32m[1mLinking CXX shared library libdcl_slam__rosidl_typesupport_fastrtps_cpp.so[0m
[ 68%] Built target dcl_slam__rosidl_typesupport_fastrtps_cpp
[ 70%] [32m[1mLinking CXX shared library libdcl_slam__rosidl_typesupport_fastrtps_c.so[0m
[ 72%] [32m[1mLinking CXX shared library libdcl_slam__rosidl_typesupport_introspection_cpp.so[0m
[ 74%] Built target dcl_slam__rosidl_typesupport_fastrtps_c
[ 76%] Built target dcl_slam__rosidl_typesupport_introspection_cpp
[ 76%] Built target dcl_slam
[ 78%] Built target dcl_slam__py
[35m[1mConsolidate compiler generated dependencies of target dcl_slam__rosidl_generator_py[0m
[ 80%] [32mBuilding C object CMakeFiles/dcl_slam__rosidl_generator_py.dir/rosidl_generator_py/dcl_slam/msg/_global_descriptor_s.c.o[0m
[ 82%] [32mBuilding C object CMakeFiles/dcl_slam__rosidl_generator_py.dir/rosidl_generator_py/dcl_slam/msg/_loop_info_s.c.o[0m
[ 85%] [32mBuilding C object CMakeFiles/dcl_slam__rosidl_generator_py.dir/rosidl_generator_py/dcl_slam/msg/_neighbor_estimate_s.c.o[0m
[ 87%] [32m[1mLinking C shared library rosidl_generator_py/dcl_slam/libdcl_slam__rosidl_generator_py.so[0m
[ 87%] Built target dcl_slam__rosidl_generator_py
[35m[1mConsolidate compiler generated dependencies of target dcl_slam__rosidl_typesupport_fastrtps_c__pyext[0m
[35m[1mConsolidate compiler generated dependencies of target dcl_slam__rosidl_typesupport_introspection_c__pyext[0m
[35m[1mConsolidate compiler generated dependencies of target dcl_slam__rosidl_typesupport_c__pyext[0m
[ 89%] [32mBuilding C object CMakeFiles/dcl_slam__rosidl_typesupport_introspection_c__pyext.dir/rosidl_generator_py/dcl_slam/_dcl_slam_s.ep.rosidl_typesupport_introspection_c.c.o[0m
[ 93%] [32mBuilding C object CMakeFiles/dcl_slam__rosidl_typesupport_c__pyext.dir/rosidl_generator_py/dcl_slam/_dcl_slam_s.ep.rosidl_typesupport_c.c.o[0m
[ 93%] [32mBuilding C object CMakeFiles/dcl_slam__rosidl_typesupport_fastrtps_c__pyext.dir/rosidl_generator_py/dcl_slam/_dcl_slam_s.ep.rosidl_typesupport_fastrtps_c.c.o[0m
[100%] [32m[1mLinking C shared library rosidl_generator_py/dcl_slam/dcl_slam_s__rosidl_typesupport_fastrtps_c.cpython-310-x86_64-linux-gnu.so[0m
[100%] [32m[1mLinking C shared library rosidl_generator_py/dcl_slam/dcl_slam_s__rosidl_typesupport_c.cpython-310-x86_64-linux-gnu.so[0m
[100%] [32m[1mLinking C shared library rosidl_generator_py/dcl_slam/dcl_slam_s__rosidl_typesupport_introspection_c.cpython-310-x86_64-linux-gnu.so[0m
[100%] Built target dcl_slam__rosidl_typesupport_introspection_c__pyext
[100%] Built target dcl_slam__rosidl_typesupport_c__pyext
[100%] Built target dcl_slam__rosidl_typesupport_fastrtps_c__pyext
-- Install configuration: ""
-- Up-to-date: /home/isaac/DCL-SLAM/install/dcl_slam/share/ament_index/resource_index/rosidl_interfaces/dcl_slam
-- Up-to-date: /home/isaac/DCL-SLAM/install/dcl_slam/include/dcl_slam/dcl_slam
-- Up-to-date: /home/isaac/DCL-SLAM/install/dcl_slam/include/dcl_slam/dcl_slam/msg
-- Up-to-date: /home/isaac/DCL-SLAM/install/dcl_slam/include/dcl_slam/dcl_slam/msg/detail
-- Up-to-date: /home/isaac/DCL-SLAM/install/dcl_slam/include/dcl_slam/dcl_slam/msg/detail/neighbor_estimate__type_support.h
-- Up-to-date: /home/isaac/DCL-SLAM/install/dcl_slam/include/dcl_slam/dcl_slam/msg/detail/global_descriptor__type_support.h
-- Up-to-date: /home/isaac/DCL-SLAM/install/dcl_slam/include/dcl_slam/dcl_slam/msg/detail/loop_info__functions.h
-- Up-to-date: /home/isaac/DCL-SLAM/install/dcl_slam/include/dcl_slam/dcl_slam/msg/detail/global_descriptor__functions.h
-- Up-to-date: /home/isaac/DCL-SLAM/install/dcl_slam/include/dcl_slam/dcl_slam/msg/detail/loop_info__functions.c
-- Up-to-date: /home/isaac/DCL-SLAM/install/dcl_slam/include/dcl_slam/dcl_slam/msg/detail/global_descriptor__struct.h
-- Up-to-date: /home/isaac/DCL-SLAM/install/dcl_slam/include/dcl_slam/dcl_slam/msg/detail/loop_info__type_support.h
-- Up-to-date: /home/isaac/DCL-SLAM/install/dcl_slam/include/dcl_slam/dcl_slam/msg/detail/neighbor_estimate__functions.h
-- Up-to-date: /home/isaac/DCL-SLAM/install/dcl_slam/include/dcl_slam/dcl_slam/msg/detail/neighbor_estimate__functions.c
-- Up-to-date: /home/isaac/DCL-SLAM/install/dcl_slam/include/dcl_slam/dcl_slam/msg/detail/global_descriptor__functions.c
-- Up-to-date: /home/isaac/DCL-SLAM/install/dcl_slam/include/dcl_slam/dcl_slam/msg/detail/neighbor_estimate__struct.h
-- Up-to-date: /home/isaac/DCL-SLAM/install/dcl_slam/include/dcl_slam/dcl_slam/msg/detail/loop_info__struct.h
-- Up-to-date: /home/isaac/DCL-SLAM/install/dcl_slam/include/dcl_slam/dcl_slam/msg/rosidl_generator_c__visibility_control.h
-- Up-to-date: /home/isaac/DCL-SLAM/install/dcl_slam/include/dcl_slam/dcl_slam/msg/global_descriptor.h
-- Up-to-date: /home/isaac/DCL-SLAM/install/dcl_slam/include/dcl_slam/dcl_slam/msg/neighbor_estimate.h
-- Up-to-date: /home/isaac/DCL-SLAM/install/dcl_slam/include/dcl_slam/dcl_slam/msg/loop_info.h
-- Up-to-date: /home/isaac/DCL-SLAM/install/dcl_slam/share/dcl_slam/environment/library_path.sh
-- Installing: /home/isaac/DCL-SLAM/install/dcl_slam/share/dcl_slam/environment/library_path.dsv
-- Installing: /home/isaac/DCL-SLAM/install/dcl_slam/lib/libdcl_slam__rosidl_generator_c.so
-- Set runtime path of "/home/isaac/DCL-SLAM/install/dcl_slam/lib/libdcl_slam__rosidl_generator_c.so" to ""
-- Up-to-date: /home/isaac/DCL-SLAM/install/dcl_slam/include/dcl_slam/dcl_slam
-- Up-to-date: /home/isaac/DCL-SLAM/install/dcl_slam/include/dcl_slam/dcl_slam/msg
-- Up-to-date: /home/isaac/DCL-SLAM/install/dcl_slam/include/dcl_slam/dcl_slam/msg/detail
-- Up-to-date: /home/isaac/DCL-SLAM/install/dcl_slam/include/dcl_slam/dcl_slam/msg/detail/neighbor_estimate__rosidl_typesupport_fastrtps_c.h
-- Up-to-date: /home/isaac/DCL-SLAM/install/dcl_slam/include/dcl_slam/dcl_slam/msg/detail/loop_info__rosidl_typesupport_fastrtps_c.h
-- Up-to-date: /home/isaac/DCL-SLAM/install/dcl_slam/include/dcl_slam/dcl_slam/msg/detail/global_descriptor__rosidl_typesupport_fastrtps_c.h
-- Up-to-date: /home/isaac/DCL-SLAM/install/dcl_slam/include/dcl_slam/dcl_slam/msg/rosidl_typesupport_fastrtps_c__visibility_control.h
-- Installing: /home/isaac/DCL-SLAM/install/dcl_slam/lib/libdcl_slam__rosidl_typesupport_fastrtps_c.so
-- Set runtime path of "/home/isaac/DCL-SLAM/install/dcl_slam/lib/libdcl_slam__rosidl_typesupport_fastrtps_c.so" to ""
-- Up-to-date: /home/isaac/DCL-SLAM/install/dcl_slam/include/dcl_slam/dcl_slam
-- Up-to-date: /home/isaac/DCL-SLAM/install/dcl_slam/include/dcl_slam/dcl_slam/msg
-- Up-to-date: /home/isaac/DCL-SLAM/install/dcl_slam/include/dcl_slam/dcl_slam/msg/detail
-- Up-to-date: /home/isaac/DCL-SLAM/install/dcl_slam/include/dcl_slam/dcl_slam/msg/detail/loop_info__type_support.c
-- Up-to-date: /home/isaac/DCL-SLAM/install/dcl_slam/include/dcl_slam/dcl_slam/msg/detail/global_descriptor__rosidl_typesupport_introspection_c.h
-- Up-to-date: /home/isaac/DCL-SLAM/install/dcl_slam/include/dcl_slam/dcl_slam/msg/detail/global_descriptor__type_support.c
-- Up-to-date: /home/isaac/DCL-SLAM/install/dcl_slam/include/dcl_slam/dcl_slam/msg/detail/neighbor_estimate__type_support.c
-- Up-to-date: /home/isaac/DCL-SLAM/install/dcl_slam/include/dcl_slam/dcl_slam/msg/detail/loop_info__rosidl_typesupport_introspection_c.h
-- Up-to-date: /home/isaac/DCL-SLAM/install/dcl_slam/include/dcl_slam/dcl_slam/msg/detail/neighbor_estimate__rosidl_typesupport_introspection_c.h
-- Up-to-date: /home/isaac/DCL-SLAM/install/dcl_slam/include/dcl_slam/dcl_slam/msg/rosidl_typesupport_introspection_c__visibility_control.h
-- Installing: /home/isaac/DCL-SLAM/install/dcl_slam/lib/libdcl_slam__rosidl_typesupport_introspection_c.so
-- Set runtime path of "/home/isaac/DCL-SLAM/install/dcl_slam/lib/libdcl_slam__rosidl_typesupport_introspection_c.so" to ""
-- Installing: /home/isaac/DCL-SLAM/install/dcl_slam/lib/libdcl_slam__rosidl_typesupport_c.so
-- Set runtime path of "/home/isaac/DCL-SLAM/install/dcl_slam/lib/libdcl_slam__rosidl_typesupport_c.so" to ""
-- Up-to-date: /home/isaac/DCL-SLAM/install/dcl_slam/include/dcl_slam/dcl_slam
-- Up-to-date: /home/isaac/DCL-SLAM/install/dcl_slam/include/dcl_slam/dcl_slam/msg
-- Up-to-date: /home/isaac/DCL-SLAM/install/dcl_slam/include/dcl_slam/dcl_slam/msg/global_descriptor.hpp
-- Up-to-date: /home/isaac/DCL-SLAM/install/dcl_slam/include/dcl_slam/dcl_slam/msg/loop_info.hpp
-- Up-to-date: /home/isaac/DCL-SLAM/install/dcl_slam/include/dcl_slam/dcl_slam/msg/detail
-- Up-to-date: /home/isaac/DCL-SLAM/install/dcl_slam/include/dcl_slam/dcl_slam/msg/detail/global_descriptor__traits.hpp
-- Up-to-date: /home/isaac/DCL-SLAM/install/dcl_slam/include/dcl_slam/dcl_slam/msg/detail/neighbor_estimate__type_support.hpp
-- Up-to-date: /home/isaac/DCL-SLAM/install/dcl_slam/include/dcl_slam/dcl_slam/msg/detail/loop_info__type_support.hpp
-- Up-to-date: /home/isaac/DCL-SLAM/install/dcl_slam/include/dcl_slam/dcl_slam/msg/detail/global_descriptor__builder.hpp
-- Up-to-date: /home/isaac/DCL-SLAM/install/dcl_slam/include/dcl_slam/dcl_slam/msg/detail/neighbor_estimate__traits.hpp
-- Up-to-date: /home/isaac/DCL-SLAM/install/dcl_slam/include/dcl_slam/dcl_slam/msg/detail/global_descriptor__type_support.hpp
-- Up-to-date: /home/isaac/DCL-SLAM/install/dcl_slam/include/dcl_slam/dcl_slam/msg/detail/loop_info__builder.hpp
-- Up-to-date: /home/isaac/DCL-SLAM/install/dcl_slam/include/dcl_slam/dcl_slam/msg/detail/loop_info__traits.hpp
-- Up-to-date: /home/isaac/DCL-SLAM/install/dcl_slam/include/dcl_slam/dcl_slam/msg/detail/neighbor_estimate__struct.hpp
-- Up-to-date: /home/isaac/DCL-SLAM/install/dcl_slam/include/dcl_slam/dcl_slam/msg/detail/neighbor_estimate__builder.hpp
-- Up-to-date: /home/isaac/DCL-SLAM/install/dcl_slam/include/dcl_slam/dcl_slam/msg/detail/loop_info__struct.hpp
-- Up-to-date: /home/isaac/DCL-SLAM/install/dcl_slam/include/dcl_slam/dcl_slam/msg/detail/global_descriptor__struct.hpp
-- Up-to-date: /home/isaac/DCL-SLAM/install/dcl_slam/include/dcl_slam/dcl_slam/msg/neighbor_estimate.hpp
-- Up-to-date: /home/isaac/DCL-SLAM/install/dcl_slam/include/dcl_slam/dcl_slam/msg/rosidl_generator_cpp__visibility_control.hpp
-- Up-to-date: /home/isaac/DCL-SLAM/install/dcl_slam/include/dcl_slam/dcl_slam
-- Up-to-date: /home/isaac/DCL-SLAM/install/dcl_slam/include/dcl_slam/dcl_slam/msg
-- Up-to-date: /home/isaac/DCL-SLAM/install/dcl_slam/include/dcl_slam/dcl_slam/msg/rosidl_typesupport_fastrtps_cpp__visibility_control.h
-- Up-to-date: /home/isaac/DCL-SLAM/install/dcl_slam/include/dcl_slam/dcl_slam/msg/detail
-- Up-to-date: /home/isaac/DCL-SLAM/install/dcl_slam/include/dcl_slam/dcl_slam/msg/detail/dds_fastrtps
-- Up-to-date: /home/isaac/DCL-SLAM/install/dcl_slam/include/dcl_slam/dcl_slam/msg/detail/loop_info__rosidl_typesupport_fastrtps_cpp.hpp
-- Up-to-date: /home/isaac/DCL-SLAM/install/dcl_slam/include/dcl_slam/dcl_slam/msg/detail/global_descriptor__rosidl_typesupport_fastrtps_cpp.hpp
-- Up-to-date: /home/isaac/DCL-SLAM/install/dcl_slam/include/dcl_slam/dcl_slam/msg/detail/neighbor_estimate__rosidl_typesupport_fastrtps_cpp.hpp
-- Installing: /home/isaac/DCL-SLAM/install/dcl_slam/lib/libdcl_slam__rosidl_typesupport_fastrtps_cpp.so
-- Set runtime path of "/home/isaac/DCL-SLAM/install/dcl_slam/lib/libdcl_slam__rosidl_typesupport_fastrtps_cpp.so" to ""
-- Up-to-date: /home/isaac/DCL-SLAM/install/dcl_slam/include/dcl_slam/dcl_slam
-- Up-to-date: /home/isaac/DCL-SLAM/install/dcl_slam/include/dcl_slam/dcl_slam/msg
-- Up-to-date: /home/isaac/DCL-SLAM/install/dcl_slam/include/dcl_slam/dcl_slam/msg/detail
-- Up-to-date: /home/isaac/DCL-SLAM/install/dcl_slam/include/dcl_slam/dcl_slam/msg/detail/neighbor_estimate__type_support.cpp
-- Up-to-date: /home/isaac/DCL-SLAM/install/dcl_slam/include/dcl_slam/dcl_slam/msg/detail/loop_info__rosidl_typesupport_introspection_cpp.hpp
-- Up-to-date: /home/isaac/DCL-SLAM/install/dcl_slam/include/dcl_slam/dcl_slam/msg/detail/neighbor_estimate__rosidl_typesupport_introspection_cpp.hpp
-- Up-to-date: /home/isaac/DCL-SLAM/install/dcl_slam/include/dcl_slam/dcl_slam/msg/detail/global_descriptor__type_support.cpp
-- Up-to-date: /home/isaac/DCL-SLAM/install/dcl_slam/include/dcl_slam/dcl_slam/msg/detail/loop_info__type_support.cpp
-- Up-to-date: /home/isaac/DCL-SLAM/install/dcl_slam/include/dcl_slam/dcl_slam/msg/detail/global_descriptor__rosidl_typesupport_introspection_cpp.hpp
-- Installing: /home/isaac/DCL-SLAM/install/dcl_slam/lib/libdcl_slam__rosidl_typesupport_introspection_cpp.so
-- Set runtime path of "/home/isaac/DCL-SLAM/install/dcl_slam/lib/libdcl_slam__rosidl_typesupport_introspection_cpp.so" to ""
-- Installing: /home/isaac/DCL-SLAM/install/dcl_slam/lib/libdcl_slam__rosidl_typesupport_cpp.so
-- Set runtime path of "/home/isaac/DCL-SLAM/install/dcl_slam/lib/libdcl_slam__rosidl_typesupport_cpp.so" to ""
-- Up-to-date: /home/isaac/DCL-SLAM/install/dcl_slam/share/dcl_slam/environment/pythonpath.sh
-- Installing: /home/isaac/DCL-SLAM/install/dcl_slam/share/dcl_slam/environment/pythonpath.dsv
-- Up-to-date: /home/isaac/DCL-SLAM/install/dcl_slam/local/lib/python3.10/dist-packages/dcl_slam-1.0.0-py3.10.egg-info
-- Installing: /home/isaac/DCL-SLAM/install/dcl_slam/local/lib/python3.10/dist-packages/dcl_slam-1.0.0-py3.10.egg-info/dependency_links.txt
-- Installing: /home/isaac/DCL-SLAM/install/dcl_slam/local/lib/python3.10/dist-packages/dcl_slam-1.0.0-py3.10.egg-info/SOURCES.txt
-- Installing: /home/isaac/DCL-SLAM/install/dcl_slam/local/lib/python3.10/dist-packages/dcl_slam-1.0.0-py3.10.egg-info/PKG-INFO
-- Installing: /home/isaac/DCL-SLAM/install/dcl_slam/local/lib/python3.10/dist-packages/dcl_slam-1.0.0-py3.10.egg-info/top_level.txt
-- Up-to-date: /home/isaac/DCL-SLAM/install/dcl_slam/local/lib/python3.10/dist-packages/dcl_slam
-- Up-to-date: /home/isaac/DCL-SLAM/install/dcl_slam/local/lib/python3.10/dist-packages/dcl_slam/_dcl_slam_s.ep.rosidl_typesupport_c.c
-- Up-to-date: /home/isaac/DCL-SLAM/install/dcl_slam/local/lib/python3.10/dist-packages/dcl_slam/_dcl_slam_s.ep.rosidl_typesupport_fastrtps_c.c
-- Up-to-date: /home/isaac/DCL-SLAM/install/dcl_slam/local/lib/python3.10/dist-packages/dcl_slam/msg
-- Up-to-date: /home/isaac/DCL-SLAM/install/dcl_slam/local/lib/python3.10/dist-packages/dcl_slam/msg/_neighbor_estimate_s.c
-- Up-to-date: /home/isaac/DCL-SLAM/install/dcl_slam/local/lib/python3.10/dist-packages/dcl_slam/msg/_global_descriptor.py
-- Up-to-date: /home/isaac/DCL-SLAM/install/dcl_slam/local/lib/python3.10/dist-packages/dcl_slam/msg/_loop_info_s.c
-- Up-to-date: /home/isaac/DCL-SLAM/install/dcl_slam/local/lib/python3.10/dist-packages/dcl_slam/msg/_loop_info.py
-- Up-to-date: /home/isaac/DCL-SLAM/install/dcl_slam/local/lib/python3.10/dist-packages/dcl_slam/msg/_neighbor_estimate.py
-- Up-to-date: /home/isaac/DCL-SLAM/install/dcl_slam/local/lib/python3.10/dist-packages/dcl_slam/msg/__init__.py
-- Up-to-date: /home/isaac/DCL-SLAM/install/dcl_slam/local/lib/python3.10/dist-packages/dcl_slam/msg/_global_descriptor_s.c
-- Installing: /home/isaac/DCL-SLAM/install/dcl_slam/local/lib/python3.10/dist-packages/dcl_slam/libdcl_slam__rosidl_generator_py.so
-- Installing: /home/isaac/DCL-SLAM/install/dcl_slam/local/lib/python3.10/dist-packages/dcl_slam/dcl_slam_s__rosidl_typesupport_c.cpython-310-x86_64-linux-gnu.so
-- Installing: /home/isaac/DCL-SLAM/install/dcl_slam/local/lib/python3.10/dist-packages/dcl_slam/dcl_slam_s__rosidl_typesupport_fastrtps_c.cpython-310-x86_64-linux-gnu.so
-- Installing: /home/isaac/DCL-SLAM/install/dcl_slam/local/lib/python3.10/dist-packages/dcl_slam/dcl_slam_s__rosidl_typesupport_introspection_c.cpython-310-x86_64-linux-gnu.so
-- Up-to-date: /home/isaac/DCL-SLAM/install/dcl_slam/local/lib/python3.10/dist-packages/dcl_slam/_dcl_slam_s.ep.rosidl_typesupport_introspection_c.c
-- Installing: /home/isaac/DCL-SLAM/install/dcl_slam/local/lib/python3.10/dist-packages/dcl_slam/__init__.py
Listing '/home/isaac/DCL-SLAM/install/dcl_slam/local/lib/python3.10/dist-packages/dcl_slam'...
Compiling '/home/isaac/DCL-SLAM/install/dcl_slam/local/lib/python3.10/dist-packages/dcl_slam/__init__.py'...
Listing '/home/isaac/DCL-SLAM/install/dcl_slam/local/lib/python3.10/dist-packages/dcl_slam/msg'...
-- Installing: /home/isaac/DCL-SLAM/install/dcl_slam/local/lib/python3.10/dist-packages/dcl_slam/dcl_slam_s__rosidl_typesupport_fastrtps_c.cpython-310-x86_64-linux-gnu.so
-- Set runtime path of "/home/isaac/DCL-SLAM/install/dcl_slam/local/lib/python3.10/dist-packages/dcl_slam/dcl_slam_s__rosidl_typesupport_fastrtps_c.cpython-310-x86_64-linux-gnu.so" to ""
-- Installing: /home/isaac/DCL-SLAM/install/dcl_slam/local/lib/python3.10/dist-packages/dcl_slam/dcl_slam_s__rosidl_typesupport_introspection_c.cpython-310-x86_64-linux-gnu.so
-- Set runtime path of "/home/isaac/DCL-SLAM/install/dcl_slam/local/lib/python3.10/dist-packages/dcl_slam/dcl_slam_s__rosidl_typesupport_introspection_c.cpython-310-x86_64-linux-gnu.so" to ""
-- Installing: /home/isaac/DCL-SLAM/install/dcl_slam/local/lib/python3.10/dist-packages/dcl_slam/dcl_slam_s__rosidl_typesupport_c.cpython-310-x86_64-linux-gnu.so
-- Set runtime path of "/home/isaac/DCL-SLAM/install/dcl_slam/local/lib/python3.10/dist-packages/dcl_slam/dcl_slam_s__rosidl_typesupport_c.cpython-310-x86_64-linux-gnu.so" to ""
-- Installing: /home/isaac/DCL-SLAM/install/dcl_slam/lib/libdcl_slam__rosidl_generator_py.so
-- Set runtime path of "/home/isaac/DCL-SLAM/install/dcl_slam/lib/libdcl_slam__rosidl_generator_py.so" to ""
-- Up-to-date: /home/isaac/DCL-SLAM/install/dcl_slam/share/dcl_slam/msg/LoopInfo.idl
-- Up-to-date: /home/isaac/DCL-SLAM/install/dcl_slam/share/dcl_slam/msg/GlobalDescriptor.idl
-- Up-to-date: /home/isaac/DCL-SLAM/install/dcl_slam/share/dcl_slam/msg/NeighborEstimate.idl
-- Up-to-date: /home/isaac/DCL-SLAM/install/dcl_slam/share/dcl_slam/msg/LoopInfo.msg
-- Up-to-date: /home/isaac/DCL-SLAM/install/dcl_slam/share/dcl_slam/msg/GlobalDescriptor.msg
-- Up-to-date: /home/isaac/DCL-SLAM/install/dcl_slam/share/dcl_slam/msg/NeighborEstimate.msg
-- Up-to-date: /home/isaac/DCL-SLAM/install/dcl_slam/share/ament_index/resource_index/package_run_dependencies/dcl_slam
-- Up-to-date: /home/isaac/DCL-SLAM/install/dcl_slam/share/ament_index/resource_index/parent_prefix_path/dcl_slam
-- Up-to-date: /home/isaac/DCL-SLAM/install/dcl_slam/share/dcl_slam/environment/ament_prefix_path.sh
-- Installing: /home/isaac/DCL-SLAM/install/dcl_slam/share/dcl_slam/environment/ament_prefix_path.dsv
-- Up-to-date: /home/isaac/DCL-SLAM/install/dcl_slam/share/dcl_slam/environment/path.sh
-- Installing: /home/isaac/DCL-SLAM/install/dcl_slam/share/dcl_slam/environment/path.dsv
-- Up-to-date: /home/isaac/DCL-SLAM/install/dcl_slam/share/dcl_slam/local_setup.bash
-- Up-to-date: /home/isaac/DCL-SLAM/install/dcl_slam/share/dcl_slam/local_setup.sh
-- Up-to-date: /home/isaac/DCL-SLAM/install/dcl_slam/share/dcl_slam/local_setup.zsh
-- Installing: /home/isaac/DCL-SLAM/install/dcl_slam/share/dcl_slam/local_setup.dsv
-- Installing: /home/isaac/DCL-SLAM/install/dcl_slam/share/dcl_slam/package.dsv
-- Up-to-date: /home/isaac/DCL-SLAM/install/dcl_slam/share/ament_index/resource_index/packages/dcl_slam
-- Up-to-date: /home/isaac/DCL-SLAM/install/dcl_slam/share/dcl_slam/cmake/export_dcl_slam__rosidl_generator_cExport.cmake
-- Up-to-date: /home/isaac/DCL-SLAM/install/dcl_slam/share/dcl_slam/cmake/export_dcl_slam__rosidl_generator_cExport-noconfig.cmake
-- Up-to-date: /home/isaac/DCL-SLAM/install/dcl_slam/share/dcl_slam/cmake/export_dcl_slam__rosidl_typesupport_fastrtps_cExport.cmake
-- Up-to-date: /home/isaac/DCL-SLAM/install/dcl_slam/share/dcl_slam/cmake/export_dcl_slam__rosidl_typesupport_fastrtps_cExport-noconfig.cmake
-- Up-to-date: /home/isaac/DCL-SLAM/install/dcl_slam/share/dcl_slam/cmake/dcl_slam__rosidl_typesupport_introspection_cExport.cmake
-- Up-to-date: /home/isaac/DCL-SLAM/install/dcl_slam/share/dcl_slam/cmake/dcl_slam__rosidl_typesupport_introspection_cExport-noconfig.cmake
-- Up-to-date: /home/isaac/DCL-SLAM/install/dcl_slam/share/dcl_slam/cmake/dcl_slam__rosidl_typesupport_cExport.cmake
-- Up-to-date: /home/isaac/DCL-SLAM/install/dcl_slam/share/dcl_slam/cmake/dcl_slam__rosidl_typesupport_cExport-noconfig.cmake
-- Up-to-date: /home/isaac/DCL-SLAM/install/dcl_slam/share/dcl_slam/cmake/export_dcl_slam__rosidl_generator_cppExport.cmake
-- Up-to-date: /home/isaac/DCL-SLAM/install/dcl_slam/share/dcl_slam/cmake/export_dcl_slam__rosidl_typesupport_fastrtps_cppExport.cmake
-- Up-to-date: /home/isaac/DCL-SLAM/install/dcl_slam/share/dcl_slam/cmake/export_dcl_slam__rosidl_typesupport_fastrtps_cppExport-noconfig.cmake
-- Up-to-date: /home/isaac/DCL-SLAM/install/dcl_slam/share/dcl_slam/cmake/dcl_slam__rosidl_typesupport_introspection_cppExport.cmake
-- Up-to-date: /home/isaac/DCL-SLAM/install/dcl_slam/share/dcl_slam/cmake/dcl_slam__rosidl_typesupport_introspection_cppExport-noconfig.cmake
-- Up-to-date: /home/isaac/DCL-SLAM/install/dcl_slam/share/dcl_slam/cmake/dcl_slam__rosidl_typesupport_cppExport.cmake
-- Up-to-date: /home/isaac/DCL-SLAM/install/dcl_slam/share/dcl_slam/cmake/dcl_slam__rosidl_typesupport_cppExport-noconfig.cmake
-- Up-to-date: /home/isaac/DCL-SLAM/install/dcl_slam/share/dcl_slam/cmake/export_dcl_slam__rosidl_generator_pyExport.cmake
-- Up-to-date: /home/isaac/DCL-SLAM/install/dcl_slam/share/dcl_slam/cmake/export_dcl_slam__rosidl_generator_pyExport-noconfig.cmake
-- Up-to-date: /home/isaac/DCL-SLAM/install/dcl_slam/share/dcl_slam/cmake/rosidl_cmake-extras.cmake
-- Up-to-date: /home/isaac/DCL-SLAM/install/dcl_slam/share/dcl_slam/cmake/ament_cmake_export_dependencies-extras.cmake
-- Up-to-date: /home/isaac/DCL-SLAM/install/dcl_slam/share/dcl_slam/cmake/ament_cmake_export_include_directories-extras.cmake
-- Up-to-date: /home/isaac/DCL-SLAM/install/dcl_slam/share/dcl_slam/cmake/ament_cmake_export_libraries-extras.cmake
-- Up-to-date: /home/isaac/DCL-SLAM/install/dcl_slam/share/dcl_slam/cmake/ament_cmake_export_targets-extras.cmake
-- Up-to-date: /home/isaac/DCL-SLAM/install/dcl_slam/share/dcl_slam/cmake/rosidl_cmake_export_typesupport_targets-extras.cmake
-- Up-to-date: /home/isaac/DCL-SLAM/install/dcl_slam/share/dcl_slam/cmake/rosidl_cmake_export_typesupport_libraries-extras.cmake
-- Up-to-date: /home/isaac/DCL-SLAM/install/dcl_slam/share/dcl_slam/cmake/dcl_slamConfig.cmake
-- Up-to-date: /home/isaac/DCL-SLAM/install/dcl_slam/share/dcl_slam/cmake/dcl_slamConfig-version.cmake
-- Up-to-date: /home/isaac/DCL-SLAM/install/dcl_slam/share/dcl_slam/package.xml
