-- Found ament_cmake: 1.3.12 (/opt/ros/humble/share/ament_cmake/cmake)
-- Found rosidl_default_generators: 1.2.0 (/opt/ros/humble/share/rosidl_default_generators/cmake)
-- Using all available rosidl_typesupport_c: rosidl_typesupport_fastrtps_c;rosidl_typesupport_introspection_c
-- Found rosidl_adapter: 3.1.7 (/opt/ros/humble/share/rosidl_adapter/cmake)
-- Using all available rosidl_typesupport_cpp: rosidl_typesupport_fastrtps_cpp;rosidl_typesupport_introspection_cpp
-- Found std_msgs: 4.9.0 (/opt/ros/humble/share/std_msgs/cmake)
-- Found sensor_msgs: 4.9.0 (/opt/ros/humble/share/sensor_msgs/cmake)
-- Found nav_msgs: 4.9.0 (/opt/ros/humble/share/nav_msgs/cmake)
-- Found visualization_msgs: 4.9.0 (/opt/ros/humble/share/visualization_msgs/cmake)
-- Found tf2: 0.25.17 (/opt/ros/humble/share/tf2/cmake)
-- Found tf2_ros: 0.25.17 (/opt/ros/humble/share/tf2_ros/cmake)
-- Found rmw_implementation_cmake: 6.1.2 (/opt/ros/humble/share/rmw_implementation_cmake/cmake)
-- Found rmw_fastrtps_cpp: 6.2.9 (/opt/ros/humble/share/rmw_fastrtps_cpp/cmake)
-- Using RMW implementation 'rmw_fastrtps_cpp' as default
-- Found tf2_geometry_msgs: 0.25.17 (/opt/ros/humble/share/tf2_geometry_msgs/cmake)
-- Found eigen3_cmake_module: 0.1.1 (/opt/ros/humble/share/eigen3_cmake_module/cmake)
-- Ensuring Eigen3 include directory is part of orocos-kdl CMake target
-- Found pcl_conversions: 2.4.5 (/opt/ros/humble/share/pcl_conversions/cmake)
-- Eigen found (include: /usr/include/eigen3, version: 3.4.0)
-- FLANN found (include: /usr/include, lib: /usr/lib/x86_64-linux-gnu/libflann_cpp.so)
-- OpenNI found (version: 1.5.4.0, include: /usr/include/ni, lib: /usr/lib/libOpenNI.so;libusb::libusb)
-- OpenNI2 found (version: 2.2.0.33, include: /usr/include/openni2, lib: /usr/lib/x86_64-linux-gnu/libOpenNI2.so;libusb::libusb)
-- Eigen found (include: /usr/include/eigen3, version: 3.4.0)
-- OpenNI found (version: 1.5.4.0, include: /usr/include/ni, lib: /usr/lib/libOpenNI.so;libusb::libusb)
-- OpenNI2 found (version: 2.2.0.33, include: /usr/include/openni2, lib: /usr/lib/x86_64-linux-gnu/libOpenNI2.so;libusb::libusb)
-- Found Qhull version 8.0.2
-- OpenNI found (version: 1.5.4.0, include: /usr/include/ni, lib: /usr/lib/libOpenNI.so;libusb::libusb)
-- Found ament_cmake_ros: 0.10.0 (/opt/ros/humble/share/ament_cmake_ros/cmake)
-- Using all available rosidl_typesupport_c: rosidl_typesupport_fastrtps_c;rosidl_typesupport_introspection_c
-- Using all available rosidl_typesupport_cpp: rosidl_typesupport_fastrtps_cpp;rosidl_typesupport_introspection_cpp
-- Found python_cmake_module: 0.10.0 (/opt/ros/humble/share/python_cmake_module/cmake)
-- Using PYTHON_EXECUTABLE: /usr/bin/python3
-- Using PYTHON_INCLUDE_DIRS: /usr/include/python3.10
-- Using PYTHON_LIBRARIES: /usr/lib/x86_64-linux-gnu/libpython3.10.so
-- Configuring done
-- Generating done
-- Build files have been written to: /home/isaac/DCL-SLAM/build/dcl_slam
[35m[1mConsolidate compiler generated dependencies of target dcl_slam__rosidl_generator_c[0m
[  1%] Built target dcl_slam__cpp
[ 11%] Built target dcl_slam__rosidl_generator_c
[ 11%] Built target ament_cmake_python_copy_dcl_slam
[35m[1mConsolidate compiler generated dependencies of target dcl_slam__rosidl_typesupport_cpp[0m
[35m[1mConsolidate compiler generated dependencies of target dcl_slam__rosidl_typesupport_introspection_cpp[0m
[35m[1mConsolidate compiler generated dependencies of target dcl_slam__rosidl_typesupport_fastrtps_cpp[0m
[35m[1mConsolidate compiler generated dependencies of target dcl_slam__rosidl_typesupport_c[0m
[35m[1mConsolidate compiler generated dependencies of target dcl_slam__rosidl_typesupport_introspection_c[0m
[35m[1mConsolidate compiler generated dependencies of target dcl_slam__rosidl_typesupport_fastrtps_c[0m
[ 21%] Built target dcl_slam__rosidl_typesupport_introspection_cpp
[ 31%] Built target dcl_slam__rosidl_typesupport_cpp
[ 41%] Built target dcl_slam__rosidl_typesupport_c
[ 50%] Built target dcl_slam__rosidl_typesupport_fastrtps_cpp
[ 60%] Built target dcl_slam__rosidl_typesupport_introspection_c
[ 70%] Built target dcl_slam__rosidl_typesupport_fastrtps_c
[ 70%] Built target dcl_slam
[ 72%] Built target dcl_slam__py
[ 74%] [32mBuilding CXX object CMakeFiles/dcl_slam_descriptors.dir/src/m2dpDescriptor.cpp.o[0m
[ 76%] [32mBuilding CXX object CMakeFiles/dcl_slam_descriptors.dir/src/lidarIrisDescriptor.cpp.o[0m
[ 78%] [32mBuilding CXX object CMakeFiles/dcl_slam_descriptors.dir/src/scanContextDescriptor.cpp.o[0m
[35m[1mConsolidate compiler generated dependencies of target dcl_slam__rosidl_generator_py[0m
[ 86%] Built target dcl_slam__rosidl_generator_py
running egg_info
writing dcl_slam.egg-info/PKG-INFO
writing dependency_links to dcl_slam.egg-info/dependency_links.txt
writing top-level names to dcl_slam.egg-info/top_level.txt
reading manifest file 'dcl_slam.egg-info/SOURCES.txt'
writing manifest file 'dcl_slam.egg-info/SOURCES.txt'
[ 86%] Built target ament_cmake_python_build_dcl_slam_egg
