-- Found ament_cmake: 1.3.12 (/opt/ros/humble/share/ament_cmake/cmake)
-- Found rosidl_default_generators: 1.2.0 (/opt/ros/humble/share/rosidl_default_generators/cmake)
-- Using all available rosidl_typesupport_c: rosidl_typesupport_fastrtps_c;rosidl_typesupport_introspection_c
-- Found rosidl_adapter: 3.1.7 (/opt/ros/humble/share/rosidl_adapter/cmake)
-- Using all available rosidl_typesupport_cpp: rosidl_typesupport_fastrtps_cpp;rosidl_typesupport_introspection_cpp
-- Found std_msgs: 4.9.0 (/opt/ros/humble/share/std_msgs/cmake)
-- Found sensor_msgs: 4.9.0 (/opt/ros/humble/share/sensor_msgs/cmake)
-- Found nav_msgs: 4.9.0 (/opt/ros/humble/share/nav_msgs/cmake)
-- Found ament_cmake_ros: 0.10.0 (/opt/ros/humble/share/ament_cmake_ros/cmake)
-- Using all available rosidl_typesupport_c: rosidl_typesupport_fastrtps_c;rosidl_typesupport_introspection_c
-- Using all available rosidl_typesupport_cpp: rosidl_typesupport_fastrtps_cpp;rosidl_typesupport_introspection_cpp
-- Found python_cmake_module: 0.10.0 (/opt/ros/humble/share/python_cmake_module/cmake)
-- Using PYTHON_EXECUTABLE: /usr/bin/python3
-- Using PYTHON_INCLUDE_DIRS: /usr/include/python3.10
-- Using PYTHON_LIBRARIES: /usr/lib/x86_64-linux-gnu/libpython3.10.so
-- Configuring done
-- Generating done
-- Build files have been written to: /home/isaac/DCL-SLAM/build/dcl_slam
[  2%] [34m[1mGenerating C code for ROS interfaces[0m
[  4%] [34m[1mGenerating C++ code for ROS interfaces[0m
[  4%] Built target ament_cmake_python_copy_dcl_slam
running egg_info
writing dcl_slam.egg-info/PKG-INFO
writing dependency_links to dcl_slam.egg-info/dependency_links.txt
writing top-level names to dcl_slam.egg-info/top_level.txt
reading manifest file 'dcl_slam.egg-info/SOURCES.txt'
writing manifest file 'dcl_slam.egg-info/SOURCES.txt'
[  4%] Built target ament_cmake_python_build_dcl_slam_egg
[  4%] Built target dcl_slam__cpp
[  8%] [34m[1mGenerating C++ type support dispatch for ROS interfaces[0m
[  8%] [34m[1mGenerating C++ type support for eProsima Fast-RTPS[0m
[ 10%] [32mBuilding C object CMakeFiles/dcl_slam__rosidl_generator_c.dir/rosidl_generator_c/dcl_slam/msg/detail/loop_info__functions.c.o[0m
[ 14%] [32mBuilding C object CMakeFiles/dcl_slam__rosidl_generator_c.dir/rosidl_generator_c/dcl_slam/msg/detail/neighbor_estimate__functions.c.o[0m
[ 14%] [32mBuilding C object CMakeFiles/dcl_slam__rosidl_generator_c.dir/rosidl_generator_c/dcl_slam/msg/detail/global_descriptor__functions.c.o[0m
[ 17%] [34m[1mGenerating C++ introspection for ROS interfaces[0m
[ 19%] [32m[1mLinking C shared library libdcl_slam__rosidl_generator_c.so[0m
[ 19%] Built target dcl_slam__rosidl_generator_c
[ 25%] [34m[1mGenerating C type support for eProsima Fast-RTPS[0m
[ 25%] [34m[1mGenerating C introspection for ROS interfaces[0m
[ 25%] [34m[1mGenerating C type support dispatch for ROS interfaces[0m
[ 27%] [32mBuilding CXX object CMakeFiles/dcl_slam__rosidl_typesupport_cpp.dir/rosidl_typesupport_cpp/dcl_slam/msg/global_descriptor__type_support.cpp.o[0m
[ 29%] [32mBuilding CXX object CMakeFiles/dcl_slam__rosidl_typesupport_cpp.dir/rosidl_typesupport_cpp/dcl_slam/msg/loop_info__type_support.cpp.o[0m
[ 31%] [32mBuilding CXX object CMakeFiles/dcl_slam__rosidl_typesupport_cpp.dir/rosidl_typesupport_cpp/dcl_slam/msg/neighbor_estimate__type_support.cpp.o[0m
[ 34%] [32mBuilding CXX object CMakeFiles/dcl_slam__rosidl_typesupport_introspection_cpp.dir/rosidl_typesupport_introspection_cpp/dcl_slam/msg/detail/global_descriptor__type_support.cpp.o[0m
[ 36%] [32mBuilding CXX object CMakeFiles/dcl_slam__rosidl_typesupport_introspection_cpp.dir/rosidl_typesupport_introspection_cpp/dcl_slam/msg/detail/neighbor_estimate__type_support.cpp.o[0m
[ 38%] [32mBuilding CXX object CMakeFiles/dcl_slam__rosidl_typesupport_introspection_cpp.dir/rosidl_typesupport_introspection_cpp/dcl_slam/msg/detail/loop_info__type_support.cpp.o[0m
[ 40%] [32mBuilding CXX object CMakeFiles/dcl_slam__rosidl_typesupport_fastrtps_cpp.dir/rosidl_typesupport_fastrtps_cpp/dcl_slam/msg/detail/dds_fastrtps/neighbor_estimate__type_support.cpp.o[0m
[ 44%] [32mBuilding CXX object CMakeFiles/dcl_slam__rosidl_typesupport_fastrtps_cpp.dir/rosidl_typesupport_fastrtps_cpp/dcl_slam/msg/detail/dds_fastrtps/loop_info__type_support.cpp.o[0m
[ 42%] [32mBuilding CXX object CMakeFiles/dcl_slam__rosidl_typesupport_fastrtps_cpp.dir/rosidl_typesupport_fastrtps_cpp/dcl_slam/msg/detail/dds_fastrtps/global_descriptor__type_support.cpp.o[0m
[ 51%] [32mBuilding CXX object CMakeFiles/dcl_slam__rosidl_typesupport_c.dir/rosidl_typesupport_c/dcl_slam/msg/neighbor_estimate__type_support.cpp.o[0m
[ 51%] [32mBuilding CXX object CMakeFiles/dcl_slam__rosidl_typesupport_c.dir/rosidl_typesupport_c/dcl_slam/msg/loop_info__type_support.cpp.o[0m
[ 51%] [32mBuilding CXX object CMakeFiles/dcl_slam__rosidl_typesupport_c.dir/rosidl_typesupport_c/dcl_slam/msg/global_descriptor__type_support.cpp.o[0m
[ 53%] [32mBuilding C object CMakeFiles/dcl_slam__rosidl_typesupport_introspection_c.dir/rosidl_typesupport_introspection_c/dcl_slam/msg/detail/loop_info__type_support.c.o[0m
[ 57%] [32mBuilding C object CMakeFiles/dcl_slam__rosidl_typesupport_introspection_c.dir/rosidl_typesupport_introspection_c/dcl_slam/msg/detail/global_descriptor__type_support.c.o[0m
[ 57%] [32mBuilding C object CMakeFiles/dcl_slam__rosidl_typesupport_introspection_c.dir/rosidl_typesupport_introspection_c/dcl_slam/msg/detail/neighbor_estimate__type_support.c.o[0m
[ 59%] [32m[1mLinking CXX shared library libdcl_slam__rosidl_typesupport_c.so[0m
[ 61%] [32m[1mLinking C shared library libdcl_slam__rosidl_typesupport_introspection_c.so[0m
[ 61%] Built target dcl_slam__rosidl_typesupport_c
[ 61%] Built target dcl_slam__rosidl_typesupport_introspection_c
[ 63%] [32mBuilding CXX object CMakeFiles/dcl_slam__rosidl_typesupport_fastrtps_c.dir/rosidl_typesupport_fastrtps_c/dcl_slam/msg/detail/loop_info__type_support_c.cpp.o[0m
[ 68%] [32mBuilding CXX object CMakeFiles/dcl_slam__rosidl_typesupport_fastrtps_c.dir/rosidl_typesupport_fastrtps_c/dcl_slam/msg/detail/neighbor_estimate__type_support_c.cpp.o[0m
[ 68%] [32mBuilding CXX object CMakeFiles/dcl_slam__rosidl_typesupport_fastrtps_c.dir/rosidl_typesupport_fastrtps_c/dcl_slam/msg/detail/global_descriptor__type_support_c.cpp.o[0m
[ 70%] [32m[1mLinking CXX shared library libdcl_slam__rosidl_typesupport_cpp.so[0m
[ 70%] Built target dcl_slam__rosidl_typesupport_cpp
[ 72%] [32m[1mLinking CXX shared library libdcl_slam__rosidl_typesupport_introspection_cpp.so[0m
[ 74%] [32m[1mLinking CXX shared library libdcl_slam__rosidl_typesupport_fastrtps_cpp.so[0m
[ 74%] Built target dcl_slam__rosidl_typesupport_introspection_cpp
[ 76%] [32m[1mLinking CXX shared library libdcl_slam__rosidl_typesupport_fastrtps_c.so[0m
[ 76%] Built target dcl_slam__rosidl_typesupport_fastrtps_cpp
[ 76%] Built target dcl_slam__rosidl_typesupport_fastrtps_c
[ 76%] Built target dcl_slam
[ 78%] [34m[1mGenerating Python code for ROS interfaces[0m
[ 78%] Built target dcl_slam__py
[ 80%] [32mBuilding C object CMakeFiles/dcl_slam__rosidl_generator_py.dir/rosidl_generator_py/dcl_slam/msg/_global_descriptor_s.c.o[0m
[ 82%] [32mBuilding C object CMakeFiles/dcl_slam__rosidl_generator_py.dir/rosidl_generator_py/dcl_slam/msg/_loop_info_s.c.o[0m
[ 85%] [32mBuilding C object CMakeFiles/dcl_slam__rosidl_generator_py.dir/rosidl_generator_py/dcl_slam/msg/_neighbor_estimate_s.c.o[0m
[ 87%] [32m[1mLinking C shared library rosidl_generator_py/dcl_slam/libdcl_slam__rosidl_generator_py.so[0m
[ 87%] Built target dcl_slam__rosidl_generator_py
[ 89%] [32mBuilding C object CMakeFiles/dcl_slam__rosidl_typesupport_fastrtps_c__pyext.dir/rosidl_generator_py/dcl_slam/_dcl_slam_s.ep.rosidl_typesupport_fastrtps_c.c.o[0m
[ 91%] [32mBuilding C object CMakeFiles/dcl_slam__rosidl_typesupport_c__pyext.dir/rosidl_generator_py/dcl_slam/_dcl_slam_s.ep.rosidl_typesupport_c.c.o[0m
[ 93%] [32mBuilding C object CMakeFiles/dcl_slam__rosidl_typesupport_introspection_c__pyext.dir/rosidl_generator_py/dcl_slam/_dcl_slam_s.ep.rosidl_typesupport_introspection_c.c.o[0m
[ 95%] [32m[1mLinking C shared library rosidl_generator_py/dcl_slam/dcl_slam_s__rosidl_typesupport_fastrtps_c.cpython-310-x86_64-linux-gnu.so[0m
[100%] [32m[1mLinking C shared library rosidl_generator_py/dcl_slam/dcl_slam_s__rosidl_typesupport_c.cpython-310-x86_64-linux-gnu.so[0m
[100%] [32m[1mLinking C shared library rosidl_generator_py/dcl_slam/dcl_slam_s__rosidl_typesupport_introspection_c.cpython-310-x86_64-linux-gnu.so[0m
[100%] Built target dcl_slam__rosidl_typesupport_fastrtps_c__pyext
[100%] Built target dcl_slam__rosidl_typesupport_c__pyext
[100%] Built target dcl_slam__rosidl_typesupport_introspection_c__pyext
-- Install configuration: ""
-- Installing: /home/isaac/DCL-SLAM/install/dcl_slam/share/ament_index/resource_index/rosidl_interfaces/dcl_slam
-- Installing: /home/isaac/DCL-SLAM/install/dcl_slam/include/dcl_slam/dcl_slam
-- Installing: /home/isaac/DCL-SLAM/install/dcl_slam/include/dcl_slam/dcl_slam/msg
-- Installing: /home/isaac/DCL-SLAM/install/dcl_slam/include/dcl_slam/dcl_slam/msg/detail
-- Installing: /home/isaac/DCL-SLAM/install/dcl_slam/include/dcl_slam/dcl_slam/msg/detail/neighbor_estimate__type_support.h
-- Installing: /home/isaac/DCL-SLAM/install/dcl_slam/include/dcl_slam/dcl_slam/msg/detail/global_descriptor__type_support.h
-- Installing: /home/isaac/DCL-SLAM/install/dcl_slam/include/dcl_slam/dcl_slam/msg/detail/loop_info__functions.h
-- Installing: /home/isaac/DCL-SLAM/install/dcl_slam/include/dcl_slam/dcl_slam/msg/detail/global_descriptor__functions.h
-- Installing: /home/isaac/DCL-SLAM/install/dcl_slam/include/dcl_slam/dcl_slam/msg/detail/loop_info__functions.c
-- Installing: /home/isaac/DCL-SLAM/install/dcl_slam/include/dcl_slam/dcl_slam/msg/detail/global_descriptor__struct.h
-- Installing: /home/isaac/DCL-SLAM/install/dcl_slam/include/dcl_slam/dcl_slam/msg/detail/loop_info__type_support.h
-- Installing: /home/isaac/DCL-SLAM/install/dcl_slam/include/dcl_slam/dcl_slam/msg/detail/neighbor_estimate__functions.h
-- Installing: /home/isaac/DCL-SLAM/install/dcl_slam/include/dcl_slam/dcl_slam/msg/detail/neighbor_estimate__functions.c
-- Installing: /home/isaac/DCL-SLAM/install/dcl_slam/include/dcl_slam/dcl_slam/msg/detail/global_descriptor__functions.c
-- Installing: /home/isaac/DCL-SLAM/install/dcl_slam/include/dcl_slam/dcl_slam/msg/detail/neighbor_estimate__struct.h
-- Installing: /home/isaac/DCL-SLAM/install/dcl_slam/include/dcl_slam/dcl_slam/msg/detail/loop_info__struct.h
-- Installing: /home/isaac/DCL-SLAM/install/dcl_slam/include/dcl_slam/dcl_slam/msg/rosidl_generator_c__visibility_control.h
-- Installing: /home/isaac/DCL-SLAM/install/dcl_slam/include/dcl_slam/dcl_slam/msg/global_descriptor.h
-- Installing: /home/isaac/DCL-SLAM/install/dcl_slam/include/dcl_slam/dcl_slam/msg/neighbor_estimate.h
-- Installing: /home/isaac/DCL-SLAM/install/dcl_slam/include/dcl_slam/dcl_slam/msg/loop_info.h
-- Installing: /home/isaac/DCL-SLAM/install/dcl_slam/share/dcl_slam/environment/library_path.sh
-- Installing: /home/isaac/DCL-SLAM/install/dcl_slam/share/dcl_slam/environment/library_path.dsv
-- Installing: /home/isaac/DCL-SLAM/install/dcl_slam/lib/libdcl_slam__rosidl_generator_c.so
-- Set runtime path of "/home/isaac/DCL-SLAM/install/dcl_slam/lib/libdcl_slam__rosidl_generator_c.so" to ""
-- Up-to-date: /home/isaac/DCL-SLAM/install/dcl_slam/include/dcl_slam/dcl_slam
-- Up-to-date: /home/isaac/DCL-SLAM/install/dcl_slam/include/dcl_slam/dcl_slam/msg
-- Up-to-date: /home/isaac/DCL-SLAM/install/dcl_slam/include/dcl_slam/dcl_slam/msg/detail
-- Installing: /home/isaac/DCL-SLAM/install/dcl_slam/include/dcl_slam/dcl_slam/msg/detail/neighbor_estimate__rosidl_typesupport_fastrtps_c.h
-- Installing: /home/isaac/DCL-SLAM/install/dcl_slam/include/dcl_slam/dcl_slam/msg/detail/loop_info__rosidl_typesupport_fastrtps_c.h
-- Installing: /home/isaac/DCL-SLAM/install/dcl_slam/include/dcl_slam/dcl_slam/msg/detail/global_descriptor__rosidl_typesupport_fastrtps_c.h
-- Installing: /home/isaac/DCL-SLAM/install/dcl_slam/include/dcl_slam/dcl_slam/msg/rosidl_typesupport_fastrtps_c__visibility_control.h
-- Installing: /home/isaac/DCL-SLAM/install/dcl_slam/lib/libdcl_slam__rosidl_typesupport_fastrtps_c.so
-- Set runtime path of "/home/isaac/DCL-SLAM/install/dcl_slam/lib/libdcl_slam__rosidl_typesupport_fastrtps_c.so" to ""
-- Up-to-date: /home/isaac/DCL-SLAM/install/dcl_slam/include/dcl_slam/dcl_slam
-- Up-to-date: /home/isaac/DCL-SLAM/install/dcl_slam/include/dcl_slam/dcl_slam/msg
-- Up-to-date: /home/isaac/DCL-SLAM/install/dcl_slam/include/dcl_slam/dcl_slam/msg/detail
-- Installing: /home/isaac/DCL-SLAM/install/dcl_slam/include/dcl_slam/dcl_slam/msg/detail/loop_info__type_support.c
-- Installing: /home/isaac/DCL-SLAM/install/dcl_slam/include/dcl_slam/dcl_slam/msg/detail/global_descriptor__rosidl_typesupport_introspection_c.h
-- Installing: /home/isaac/DCL-SLAM/install/dcl_slam/include/dcl_slam/dcl_slam/msg/detail/global_descriptor__type_support.c
-- Installing: /home/isaac/DCL-SLAM/install/dcl_slam/include/dcl_slam/dcl_slam/msg/detail/neighbor_estimate__type_support.c
-- Installing: /home/isaac/DCL-SLAM/install/dcl_slam/include/dcl_slam/dcl_slam/msg/detail/loop_info__rosidl_typesupport_introspection_c.h
-- Installing: /home/isaac/DCL-SLAM/install/dcl_slam/include/dcl_slam/dcl_slam/msg/detail/neighbor_estimate__rosidl_typesupport_introspection_c.h
-- Installing: /home/isaac/DCL-SLAM/install/dcl_slam/include/dcl_slam/dcl_slam/msg/rosidl_typesupport_introspection_c__visibility_control.h
-- Installing: /home/isaac/DCL-SLAM/install/dcl_slam/lib/libdcl_slam__rosidl_typesupport_introspection_c.so
-- Set runtime path of "/home/isaac/DCL-SLAM/install/dcl_slam/lib/libdcl_slam__rosidl_typesupport_introspection_c.so" to ""
-- Installing: /home/isaac/DCL-SLAM/install/dcl_slam/lib/libdcl_slam__rosidl_typesupport_c.so
-- Set runtime path of "/home/isaac/DCL-SLAM/install/dcl_slam/lib/libdcl_slam__rosidl_typesupport_c.so" to ""
-- Up-to-date: /home/isaac/DCL-SLAM/install/dcl_slam/include/dcl_slam/dcl_slam
-- Up-to-date: /home/isaac/DCL-SLAM/install/dcl_slam/include/dcl_slam/dcl_slam/msg
-- Installing: /home/isaac/DCL-SLAM/install/dcl_slam/include/dcl_slam/dcl_slam/msg/global_descriptor.hpp
-- Installing: /home/isaac/DCL-SLAM/install/dcl_slam/include/dcl_slam/dcl_slam/msg/loop_info.hpp
-- Up-to-date: /home/isaac/DCL-SLAM/install/dcl_slam/include/dcl_slam/dcl_slam/msg/detail
-- Installing: /home/isaac/DCL-SLAM/install/dcl_slam/include/dcl_slam/dcl_slam/msg/detail/global_descriptor__traits.hpp
-- Installing: /home/isaac/DCL-SLAM/install/dcl_slam/include/dcl_slam/dcl_slam/msg/detail/neighbor_estimate__type_support.hpp
-- Installing: /home/isaac/DCL-SLAM/install/dcl_slam/include/dcl_slam/dcl_slam/msg/detail/loop_info__type_support.hpp
-- Installing: /home/isaac/DCL-SLAM/install/dcl_slam/include/dcl_slam/dcl_slam/msg/detail/global_descriptor__builder.hpp
-- Installing: /home/isaac/DCL-SLAM/install/dcl_slam/include/dcl_slam/dcl_slam/msg/detail/neighbor_estimate__traits.hpp
-- Installing: /home/isaac/DCL-SLAM/install/dcl_slam/include/dcl_slam/dcl_slam/msg/detail/global_descriptor__type_support.hpp
-- Installing: /home/isaac/DCL-SLAM/install/dcl_slam/include/dcl_slam/dcl_slam/msg/detail/loop_info__builder.hpp
-- Installing: /home/isaac/DCL-SLAM/install/dcl_slam/include/dcl_slam/dcl_slam/msg/detail/loop_info__traits.hpp
-- Installing: /home/isaac/DCL-SLAM/install/dcl_slam/include/dcl_slam/dcl_slam/msg/detail/neighbor_estimate__struct.hpp
-- Installing: /home/isaac/DCL-SLAM/install/dcl_slam/include/dcl_slam/dcl_slam/msg/detail/neighbor_estimate__builder.hpp
-- Installing: /home/isaac/DCL-SLAM/install/dcl_slam/include/dcl_slam/dcl_slam/msg/detail/loop_info__struct.hpp
-- Installing: /home/isaac/DCL-SLAM/install/dcl_slam/include/dcl_slam/dcl_slam/msg/detail/global_descriptor__struct.hpp
-- Installing: /home/isaac/DCL-SLAM/install/dcl_slam/include/dcl_slam/dcl_slam/msg/neighbor_estimate.hpp
-- Installing: /home/isaac/DCL-SLAM/install/dcl_slam/include/dcl_slam/dcl_slam/msg/rosidl_generator_cpp__visibility_control.hpp
-- Up-to-date: /home/isaac/DCL-SLAM/install/dcl_slam/include/dcl_slam/dcl_slam
-- Up-to-date: /home/isaac/DCL-SLAM/install/dcl_slam/include/dcl_slam/dcl_slam/msg
-- Installing: /home/isaac/DCL-SLAM/install/dcl_slam/include/dcl_slam/dcl_slam/msg/rosidl_typesupport_fastrtps_cpp__visibility_control.h
-- Up-to-date: /home/isaac/DCL-SLAM/install/dcl_slam/include/dcl_slam/dcl_slam/msg/detail
-- Installing: /home/isaac/DCL-SLAM/install/dcl_slam/include/dcl_slam/dcl_slam/msg/detail/dds_fastrtps
-- Installing: /home/isaac/DCL-SLAM/install/dcl_slam/include/dcl_slam/dcl_slam/msg/detail/loop_info__rosidl_typesupport_fastrtps_cpp.hpp
-- Installing: /home/isaac/DCL-SLAM/install/dcl_slam/include/dcl_slam/dcl_slam/msg/detail/global_descriptor__rosidl_typesupport_fastrtps_cpp.hpp
-- Installing: /home/isaac/DCL-SLAM/install/dcl_slam/include/dcl_slam/dcl_slam/msg/detail/neighbor_estimate__rosidl_typesupport_fastrtps_cpp.hpp
-- Installing: /home/isaac/DCL-SLAM/install/dcl_slam/lib/libdcl_slam__rosidl_typesupport_fastrtps_cpp.so
-- Set runtime path of "/home/isaac/DCL-SLAM/install/dcl_slam/lib/libdcl_slam__rosidl_typesupport_fastrtps_cpp.so" to ""
-- Up-to-date: /home/isaac/DCL-SLAM/install/dcl_slam/include/dcl_slam/dcl_slam
-- Up-to-date: /home/isaac/DCL-SLAM/install/dcl_slam/include/dcl_slam/dcl_slam/msg
-- Up-to-date: /home/isaac/DCL-SLAM/install/dcl_slam/include/dcl_slam/dcl_slam/msg/detail
-- Installing: /home/isaac/DCL-SLAM/install/dcl_slam/include/dcl_slam/dcl_slam/msg/detail/neighbor_estimate__type_support.cpp
-- Installing: /home/isaac/DCL-SLAM/install/dcl_slam/include/dcl_slam/dcl_slam/msg/detail/loop_info__rosidl_typesupport_introspection_cpp.hpp
-- Installing: /home/isaac/DCL-SLAM/install/dcl_slam/include/dcl_slam/dcl_slam/msg/detail/neighbor_estimate__rosidl_typesupport_introspection_cpp.hpp
-- Installing: /home/isaac/DCL-SLAM/install/dcl_slam/include/dcl_slam/dcl_slam/msg/detail/global_descriptor__type_support.cpp
-- Installing: /home/isaac/DCL-SLAM/install/dcl_slam/include/dcl_slam/dcl_slam/msg/detail/loop_info__type_support.cpp
-- Installing: /home/isaac/DCL-SLAM/install/dcl_slam/include/dcl_slam/dcl_slam/msg/detail/global_descriptor__rosidl_typesupport_introspection_cpp.hpp
-- Installing: /home/isaac/DCL-SLAM/install/dcl_slam/lib/libdcl_slam__rosidl_typesupport_introspection_cpp.so
-- Set runtime path of "/home/isaac/DCL-SLAM/install/dcl_slam/lib/libdcl_slam__rosidl_typesupport_introspection_cpp.so" to ""
-- Installing: /home/isaac/DCL-SLAM/install/dcl_slam/lib/libdcl_slam__rosidl_typesupport_cpp.so
-- Set runtime path of "/home/isaac/DCL-SLAM/install/dcl_slam/lib/libdcl_slam__rosidl_typesupport_cpp.so" to ""
-- Installing: /home/isaac/DCL-SLAM/install/dcl_slam/share/dcl_slam/environment/pythonpath.sh
-- Installing: /home/isaac/DCL-SLAM/install/dcl_slam/share/dcl_slam/environment/pythonpath.dsv
-- Installing: /home/isaac/DCL-SLAM/install/dcl_slam/local/lib/python3.10/dist-packages/dcl_slam-1.0.0-py3.10.egg-info
-- Installing: /home/isaac/DCL-SLAM/install/dcl_slam/local/lib/python3.10/dist-packages/dcl_slam-1.0.0-py3.10.egg-info/dependency_links.txt
-- Installing: /home/isaac/DCL-SLAM/install/dcl_slam/local/lib/python3.10/dist-packages/dcl_slam-1.0.0-py3.10.egg-info/SOURCES.txt
-- Installing: /home/isaac/DCL-SLAM/install/dcl_slam/local/lib/python3.10/dist-packages/dcl_slam-1.0.0-py3.10.egg-info/PKG-INFO
-- Installing: /home/isaac/DCL-SLAM/install/dcl_slam/local/lib/python3.10/dist-packages/dcl_slam-1.0.0-py3.10.egg-info/top_level.txt
-- Installing: /home/isaac/DCL-SLAM/install/dcl_slam/local/lib/python3.10/dist-packages/dcl_slam
-- Installing: /home/isaac/DCL-SLAM/install/dcl_slam/local/lib/python3.10/dist-packages/dcl_slam/_dcl_slam_s.ep.rosidl_typesupport_c.c
-- Installing: /home/isaac/DCL-SLAM/install/dcl_slam/local/lib/python3.10/dist-packages/dcl_slam/_dcl_slam_s.ep.rosidl_typesupport_fastrtps_c.c
-- Installing: /home/isaac/DCL-SLAM/install/dcl_slam/local/lib/python3.10/dist-packages/dcl_slam/msg
-- Installing: /home/isaac/DCL-SLAM/install/dcl_slam/local/lib/python3.10/dist-packages/dcl_slam/msg/_neighbor_estimate_s.c
-- Installing: /home/isaac/DCL-SLAM/install/dcl_slam/local/lib/python3.10/dist-packages/dcl_slam/msg/_global_descriptor.py
-- Installing: /home/isaac/DCL-SLAM/install/dcl_slam/local/lib/python3.10/dist-packages/dcl_slam/msg/_loop_info_s.c
-- Installing: /home/isaac/DCL-SLAM/install/dcl_slam/local/lib/python3.10/dist-packages/dcl_slam/msg/_loop_info.py
-- Installing: /home/isaac/DCL-SLAM/install/dcl_slam/local/lib/python3.10/dist-packages/dcl_slam/msg/_neighbor_estimate.py
-- Installing: /home/isaac/DCL-SLAM/install/dcl_slam/local/lib/python3.10/dist-packages/dcl_slam/msg/__init__.py
-- Installing: /home/isaac/DCL-SLAM/install/dcl_slam/local/lib/python3.10/dist-packages/dcl_slam/msg/_global_descriptor_s.c
-- Installing: /home/isaac/DCL-SLAM/install/dcl_slam/local/lib/python3.10/dist-packages/dcl_slam/libdcl_slam__rosidl_generator_py.so
-- Installing: /home/isaac/DCL-SLAM/install/dcl_slam/local/lib/python3.10/dist-packages/dcl_slam/dcl_slam_s__rosidl_typesupport_c.cpython-310-x86_64-linux-gnu.so
-- Installing: /home/isaac/DCL-SLAM/install/dcl_slam/local/lib/python3.10/dist-packages/dcl_slam/dcl_slam_s__rosidl_typesupport_fastrtps_c.cpython-310-x86_64-linux-gnu.so
-- Installing: /home/isaac/DCL-SLAM/install/dcl_slam/local/lib/python3.10/dist-packages/dcl_slam/dcl_slam_s__rosidl_typesupport_introspection_c.cpython-310-x86_64-linux-gnu.so
-- Installing: /home/isaac/DCL-SLAM/install/dcl_slam/local/lib/python3.10/dist-packages/dcl_slam/_dcl_slam_s.ep.rosidl_typesupport_introspection_c.c
-- Installing: /home/isaac/DCL-SLAM/install/dcl_slam/local/lib/python3.10/dist-packages/dcl_slam/__init__.py
Listing '/home/isaac/DCL-SLAM/install/dcl_slam/local/lib/python3.10/dist-packages/dcl_slam'...
Compiling '/home/isaac/DCL-SLAM/install/dcl_slam/local/lib/python3.10/dist-packages/dcl_slam/__init__.py'...
Listing '/home/isaac/DCL-SLAM/install/dcl_slam/local/lib/python3.10/dist-packages/dcl_slam/msg'...
Compiling '/home/isaac/DCL-SLAM/install/dcl_slam/local/lib/python3.10/dist-packages/dcl_slam/msg/__init__.py'...
Compiling '/home/isaac/DCL-SLAM/install/dcl_slam/local/lib/python3.10/dist-packages/dcl_slam/msg/_global_descriptor.py'...
Compiling '/home/isaac/DCL-SLAM/install/dcl_slam/local/lib/python3.10/dist-packages/dcl_slam/msg/_loop_info.py'...
Compiling '/home/isaac/DCL-SLAM/install/dcl_slam/local/lib/python3.10/dist-packages/dcl_slam/msg/_neighbor_estimate.py'...
-- Installing: /home/isaac/DCL-SLAM/install/dcl_slam/local/lib/python3.10/dist-packages/dcl_slam/dcl_slam_s__rosidl_typesupport_fastrtps_c.cpython-310-x86_64-linux-gnu.so
-- Set runtime path of "/home/isaac/DCL-SLAM/install/dcl_slam/local/lib/python3.10/dist-packages/dcl_slam/dcl_slam_s__rosidl_typesupport_fastrtps_c.cpython-310-x86_64-linux-gnu.so" to ""
-- Installing: /home/isaac/DCL-SLAM/install/dcl_slam/local/lib/python3.10/dist-packages/dcl_slam/dcl_slam_s__rosidl_typesupport_introspection_c.cpython-310-x86_64-linux-gnu.so
-- Set runtime path of "/home/isaac/DCL-SLAM/install/dcl_slam/local/lib/python3.10/dist-packages/dcl_slam/dcl_slam_s__rosidl_typesupport_introspection_c.cpython-310-x86_64-linux-gnu.so" to ""
-- Installing: /home/isaac/DCL-SLAM/install/dcl_slam/local/lib/python3.10/dist-packages/dcl_slam/dcl_slam_s__rosidl_typesupport_c.cpython-310-x86_64-linux-gnu.so
-- Set runtime path of "/home/isaac/DCL-SLAM/install/dcl_slam/local/lib/python3.10/dist-packages/dcl_slam/dcl_slam_s__rosidl_typesupport_c.cpython-310-x86_64-linux-gnu.so" to ""
-- Installing: /home/isaac/DCL-SLAM/install/dcl_slam/lib/libdcl_slam__rosidl_generator_py.so
-- Set runtime path of "/home/isaac/DCL-SLAM/install/dcl_slam/lib/libdcl_slam__rosidl_generator_py.so" to ""
-- Installing: /home/isaac/DCL-SLAM/install/dcl_slam/share/dcl_slam/msg/LoopInfo.idl
-- Installing: /home/isaac/DCL-SLAM/install/dcl_slam/share/dcl_slam/msg/GlobalDescriptor.idl
-- Installing: /home/isaac/DCL-SLAM/install/dcl_slam/share/dcl_slam/msg/NeighborEstimate.idl
-- Installing: /home/isaac/DCL-SLAM/install/dcl_slam/share/dcl_slam/msg/LoopInfo.msg
-- Installing: /home/isaac/DCL-SLAM/install/dcl_slam/share/dcl_slam/msg/GlobalDescriptor.msg
-- Installing: /home/isaac/DCL-SLAM/install/dcl_slam/share/dcl_slam/msg/NeighborEstimate.msg
-- Installing: /home/isaac/DCL-SLAM/install/dcl_slam/share/ament_index/resource_index/package_run_dependencies/dcl_slam
-- Installing: /home/isaac/DCL-SLAM/install/dcl_slam/share/ament_index/resource_index/parent_prefix_path/dcl_slam
-- Installing: /home/isaac/DCL-SLAM/install/dcl_slam/share/dcl_slam/environment/ament_prefix_path.sh
-- Installing: /home/isaac/DCL-SLAM/install/dcl_slam/share/dcl_slam/environment/ament_prefix_path.dsv
-- Installing: /home/isaac/DCL-SLAM/install/dcl_slam/share/dcl_slam/environment/path.sh
-- Installing: /home/isaac/DCL-SLAM/install/dcl_slam/share/dcl_slam/environment/path.dsv
-- Installing: /home/isaac/DCL-SLAM/install/dcl_slam/share/dcl_slam/local_setup.bash
-- Installing: /home/isaac/DCL-SLAM/install/dcl_slam/share/dcl_slam/local_setup.sh
-- Installing: /home/isaac/DCL-SLAM/install/dcl_slam/share/dcl_slam/local_setup.zsh
-- Installing: /home/isaac/DCL-SLAM/install/dcl_slam/share/dcl_slam/local_setup.dsv
-- Installing: /home/isaac/DCL-SLAM/install/dcl_slam/share/dcl_slam/package.dsv
-- Installing: /home/isaac/DCL-SLAM/install/dcl_slam/share/ament_index/resource_index/packages/dcl_slam
-- Installing: /home/isaac/DCL-SLAM/install/dcl_slam/share/dcl_slam/cmake/export_dcl_slam__rosidl_generator_cExport.cmake
-- Installing: /home/isaac/DCL-SLAM/install/dcl_slam/share/dcl_slam/cmake/export_dcl_slam__rosidl_generator_cExport-noconfig.cmake
-- Installing: /home/isaac/DCL-SLAM/install/dcl_slam/share/dcl_slam/cmake/export_dcl_slam__rosidl_typesupport_fastrtps_cExport.cmake
-- Installing: /home/isaac/DCL-SLAM/install/dcl_slam/share/dcl_slam/cmake/export_dcl_slam__rosidl_typesupport_fastrtps_cExport-noconfig.cmake
-- Installing: /home/isaac/DCL-SLAM/install/dcl_slam/share/dcl_slam/cmake/dcl_slam__rosidl_typesupport_introspection_cExport.cmake
-- Installing: /home/isaac/DCL-SLAM/install/dcl_slam/share/dcl_slam/cmake/dcl_slam__rosidl_typesupport_introspection_cExport-noconfig.cmake
-- Installing: /home/isaac/DCL-SLAM/install/dcl_slam/share/dcl_slam/cmake/dcl_slam__rosidl_typesupport_cExport.cmake
-- Installing: /home/isaac/DCL-SLAM/install/dcl_slam/share/dcl_slam/cmake/dcl_slam__rosidl_typesupport_cExport-noconfig.cmake
-- Installing: /home/isaac/DCL-SLAM/install/dcl_slam/share/dcl_slam/cmake/export_dcl_slam__rosidl_generator_cppExport.cmake
-- Installing: /home/isaac/DCL-SLAM/install/dcl_slam/share/dcl_slam/cmake/export_dcl_slam__rosidl_typesupport_fastrtps_cppExport.cmake
-- Installing: /home/isaac/DCL-SLAM/install/dcl_slam/share/dcl_slam/cmake/export_dcl_slam__rosidl_typesupport_fastrtps_cppExport-noconfig.cmake
-- Installing: /home/isaac/DCL-SLAM/install/dcl_slam/share/dcl_slam/cmake/dcl_slam__rosidl_typesupport_introspection_cppExport.cmake
-- Installing: /home/isaac/DCL-SLAM/install/dcl_slam/share/dcl_slam/cmake/dcl_slam__rosidl_typesupport_introspection_cppExport-noconfig.cmake
-- Installing: /home/isaac/DCL-SLAM/install/dcl_slam/share/dcl_slam/cmake/dcl_slam__rosidl_typesupport_cppExport.cmake
-- Installing: /home/isaac/DCL-SLAM/install/dcl_slam/share/dcl_slam/cmake/dcl_slam__rosidl_typesupport_cppExport-noconfig.cmake
-- Installing: /home/isaac/DCL-SLAM/install/dcl_slam/share/dcl_slam/cmake/export_dcl_slam__rosidl_generator_pyExport.cmake
-- Installing: /home/isaac/DCL-SLAM/install/dcl_slam/share/dcl_slam/cmake/export_dcl_slam__rosidl_generator_pyExport-noconfig.cmake
-- Installing: /home/isaac/DCL-SLAM/install/dcl_slam/share/dcl_slam/cmake/rosidl_cmake-extras.cmake
-- Installing: /home/isaac/DCL-SLAM/install/dcl_slam/share/dcl_slam/cmake/ament_cmake_export_dependencies-extras.cmake
-- Installing: /home/isaac/DCL-SLAM/install/dcl_slam/share/dcl_slam/cmake/ament_cmake_export_include_directories-extras.cmake
-- Installing: /home/isaac/DCL-SLAM/install/dcl_slam/share/dcl_slam/cmake/ament_cmake_export_libraries-extras.cmake
-- Installing: /home/isaac/DCL-SLAM/install/dcl_slam/share/dcl_slam/cmake/ament_cmake_export_targets-extras.cmake
-- Installing: /home/isaac/DCL-SLAM/install/dcl_slam/share/dcl_slam/cmake/rosidl_cmake_export_typesupport_targets-extras.cmake
-- Installing: /home/isaac/DCL-SLAM/install/dcl_slam/share/dcl_slam/cmake/rosidl_cmake_export_typesupport_libraries-extras.cmake
-- Installing: /home/isaac/DCL-SLAM/install/dcl_slam/share/dcl_slam/cmake/dcl_slamConfig.cmake
-- Installing: /home/isaac/DCL-SLAM/install/dcl_slam/share/dcl_slam/cmake/dcl_slamConfig-version.cmake
-- Installing: /home/isaac/DCL-SLAM/install/dcl_slam/share/dcl_slam/package.xml
