[0.005s] Invoking command in '/home/isaac/DCL-SLAM/build/dcl_slam': CMAKE_PREFIX_PATH=/opt/ros/humble /usr/bin/cmake --build /home/isaac/DCL-SLAM/build/dcl_slam -- -j32 -l32
[0.024s] -- Found ament_cmake: 1.3.12 (/opt/ros/humble/share/ament_cmake/cmake)
[0.097s] -- Found rosidl_default_generators: 1.2.0 (/opt/ros/humble/share/rosidl_default_generators/cmake)
[0.097s] -- Using all available rosidl_typesupport_c: rosidl_typesupport_fastrtps_c;rosidl_typesupport_introspection_c
[0.099s] -- Found rosidl_adapter: 3.1.7 (/opt/ros/humble/share/rosidl_adapter/cmake)
[0.112s] -- Using all available rosidl_typesupport_cpp: rosidl_typesupport_fastrtps_cpp;rosidl_typesupport_introspection_cpp
[0.123s] -- Found std_msgs: 4.9.0 (/opt/ros/humble/share/std_msgs/cmake)
[0.133s] -- Found sensor_msgs: 4.9.0 (/opt/ros/humble/share/sensor_msgs/cmake)
[0.146s] -- Found nav_msgs: 4.9.0 (/opt/ros/humble/share/nav_msgs/cmake)
[0.328s] -- Found ament_cmake_ros: 0.10.0 (/opt/ros/humble/share/ament_cmake_ros/cmake)
[0.512s] -- Using all available rosidl_typesupport_c: rosidl_typesupport_fastrtps_c;rosidl_typesupport_introspection_c
[0.716s] -- Using all available rosidl_typesupport_cpp: rosidl_typesupport_fastrtps_cpp;rosidl_typesupport_introspection_cpp
[0.734s] -- Found python_cmake_module: 0.10.0 (/opt/ros/humble/share/python_cmake_module/cmake)
[0.757s] -- Using PYTHON_EXECUTABLE: /usr/bin/python3
[0.757s] -- Using PYTHON_INCLUDE_DIRS: /usr/include/python3.10
[0.758s] -- Using PYTHON_LIBRARIES: /usr/lib/x86_64-linux-gnu/libpython3.10.so
[0.794s] -- Configuring done
[0.811s] -- Generating done
[0.817s] -- Build files have been written to: /home/isaac/DCL-SLAM/build/dcl_slam
[0.831s] [  2%] [34m[1mGenerating C code for ROS interfaces[0m
[0.837s] [  4%] [34m[1mGenerating C++ code for ROS interfaces[0m
[0.842s] [  4%] Built target ament_cmake_python_copy_dcl_slam
[0.947s] running egg_info
[0.947s] writing dcl_slam.egg-info/PKG-INFO
[0.948s] writing dependency_links to dcl_slam.egg-info/dependency_links.txt
[0.948s] writing top-level names to dcl_slam.egg-info/top_level.txt
[0.949s] reading manifest file 'dcl_slam.egg-info/SOURCES.txt'
[0.949s] writing manifest file 'dcl_slam.egg-info/SOURCES.txt'
[0.963s] [  4%] Built target ament_cmake_python_build_dcl_slam_egg
[1.009s] [  4%] Built target dcl_slam__cpp
[1.017s] [  8%] [34m[1mGenerating C++ type support dispatch for ROS interfaces[0m
[1.017s] [  8%] [34m[1mGenerating C++ type support for eProsima Fast-RTPS[0m
[1.017s] [ 10%] [32mBuilding C object CMakeFiles/dcl_slam__rosidl_generator_c.dir/rosidl_generator_c/dcl_slam/msg/detail/loop_info__functions.c.o[0m
[1.017s] [ 14%] [32mBuilding C object CMakeFiles/dcl_slam__rosidl_generator_c.dir/rosidl_generator_c/dcl_slam/msg/detail/neighbor_estimate__functions.c.o[0m
[1.017s] [ 14%] [32mBuilding C object CMakeFiles/dcl_slam__rosidl_generator_c.dir/rosidl_generator_c/dcl_slam/msg/detail/global_descriptor__functions.c.o[0m
[1.017s] [ 17%] [34m[1mGenerating C++ introspection for ROS interfaces[0m
[1.055s] [ 19%] [32m[1mLinking C shared library libdcl_slam__rosidl_generator_c.so[0m
[1.082s] [ 19%] Built target dcl_slam__rosidl_generator_c
[1.090s] [ 25%] [34m[1mGenerating C type support for eProsima Fast-RTPS[0m
[1.090s] [ 25%] [34m[1mGenerating C introspection for ROS interfaces[0m
[1.090s] [ 25%] [34m[1mGenerating C type support dispatch for ROS interfaces[0m
[1.168s] [ 27%] [32mBuilding CXX object CMakeFiles/dcl_slam__rosidl_typesupport_cpp.dir/rosidl_typesupport_cpp/dcl_slam/msg/global_descriptor__type_support.cpp.o[0m
[1.169s] [ 29%] [32mBuilding CXX object CMakeFiles/dcl_slam__rosidl_typesupport_cpp.dir/rosidl_typesupport_cpp/dcl_slam/msg/loop_info__type_support.cpp.o[0m
[1.169s] [ 31%] [32mBuilding CXX object CMakeFiles/dcl_slam__rosidl_typesupport_cpp.dir/rosidl_typesupport_cpp/dcl_slam/msg/neighbor_estimate__type_support.cpp.o[0m
[1.180s] [ 34%] [32mBuilding CXX object CMakeFiles/dcl_slam__rosidl_typesupport_introspection_cpp.dir/rosidl_typesupport_introspection_cpp/dcl_slam/msg/detail/global_descriptor__type_support.cpp.o[0m
[1.180s] [ 36%] [32mBuilding CXX object CMakeFiles/dcl_slam__rosidl_typesupport_introspection_cpp.dir/rosidl_typesupport_introspection_cpp/dcl_slam/msg/detail/neighbor_estimate__type_support.cpp.o[0m
[1.182s] [ 38%] [32mBuilding CXX object CMakeFiles/dcl_slam__rosidl_typesupport_introspection_cpp.dir/rosidl_typesupport_introspection_cpp/dcl_slam/msg/detail/loop_info__type_support.cpp.o[0m
[1.191s] [ 40%] [32mBuilding CXX object CMakeFiles/dcl_slam__rosidl_typesupport_fastrtps_cpp.dir/rosidl_typesupport_fastrtps_cpp/dcl_slam/msg/detail/dds_fastrtps/neighbor_estimate__type_support.cpp.o[0m
[1.192s] [ 44%] [32mBuilding CXX object CMakeFiles/dcl_slam__rosidl_typesupport_fastrtps_cpp.dir/rosidl_typesupport_fastrtps_cpp/dcl_slam/msg/detail/dds_fastrtps/loop_info__type_support.cpp.o[0m
[1.192s] [ 42%] [32mBuilding CXX object CMakeFiles/dcl_slam__rosidl_typesupport_fastrtps_cpp.dir/rosidl_typesupport_fastrtps_cpp/dcl_slam/msg/detail/dds_fastrtps/global_descriptor__type_support.cpp.o[0m
[1.249s] [ 51%] [32mBuilding CXX object CMakeFiles/dcl_slam__rosidl_typesupport_c.dir/rosidl_typesupport_c/dcl_slam/msg/neighbor_estimate__type_support.cpp.o[0m
[1.249s] [ 51%] [32mBuilding CXX object CMakeFiles/dcl_slam__rosidl_typesupport_c.dir/rosidl_typesupport_c/dcl_slam/msg/loop_info__type_support.cpp.o[0m
[1.249s] [ 51%] [32mBuilding CXX object CMakeFiles/dcl_slam__rosidl_typesupport_c.dir/rosidl_typesupport_c/dcl_slam/msg/global_descriptor__type_support.cpp.o[0m
[1.272s] [ 53%] [32mBuilding C object CMakeFiles/dcl_slam__rosidl_typesupport_introspection_c.dir/rosidl_typesupport_introspection_c/dcl_slam/msg/detail/loop_info__type_support.c.o[0m
[1.274s] [ 57%] [32mBuilding C object CMakeFiles/dcl_slam__rosidl_typesupport_introspection_c.dir/rosidl_typesupport_introspection_c/dcl_slam/msg/detail/global_descriptor__type_support.c.o[0m
[1.274s] [ 57%] [32mBuilding C object CMakeFiles/dcl_slam__rosidl_typesupport_introspection_c.dir/rosidl_typesupport_introspection_c/dcl_slam/msg/detail/neighbor_estimate__type_support.c.o[0m
[1.276s] [ 59%] [32m[1mLinking CXX shared library libdcl_slam__rosidl_typesupport_c.so[0m
[1.307s] [ 61%] [32m[1mLinking C shared library libdcl_slam__rosidl_typesupport_introspection_c.so[0m
[1.310s] [ 61%] Built target dcl_slam__rosidl_typesupport_c
[1.337s] [ 61%] Built target dcl_slam__rosidl_typesupport_introspection_c
[1.342s] [ 63%] [32mBuilding CXX object CMakeFiles/dcl_slam__rosidl_typesupport_fastrtps_c.dir/rosidl_typesupport_fastrtps_c/dcl_slam/msg/detail/loop_info__type_support_c.cpp.o[0m
[1.342s] [ 68%] [32mBuilding CXX object CMakeFiles/dcl_slam__rosidl_typesupport_fastrtps_c.dir/rosidl_typesupport_fastrtps_c/dcl_slam/msg/detail/neighbor_estimate__type_support_c.cpp.o[0m
[1.343s] [ 68%] [32mBuilding CXX object CMakeFiles/dcl_slam__rosidl_typesupport_fastrtps_c.dir/rosidl_typesupport_fastrtps_c/dcl_slam/msg/detail/global_descriptor__type_support_c.cpp.o[0m
[1.393s] [ 70%] [32m[1mLinking CXX shared library libdcl_slam__rosidl_typesupport_cpp.so[0m
[1.425s] [ 70%] Built target dcl_slam__rosidl_typesupport_cpp
[1.454s] [ 72%] [32m[1mLinking CXX shared library libdcl_slam__rosidl_typesupport_introspection_cpp.so[0m
[1.485s] [ 74%] [32m[1mLinking CXX shared library libdcl_slam__rosidl_typesupport_fastrtps_cpp.so[0m
[1.503s] [ 74%] Built target dcl_slam__rosidl_typesupport_introspection_cpp
[1.535s] [ 76%] [32m[1mLinking CXX shared library libdcl_slam__rosidl_typesupport_fastrtps_c.so[0m
[1.535s] [ 76%] Built target dcl_slam__rosidl_typesupport_fastrtps_cpp
[1.584s] [ 76%] Built target dcl_slam__rosidl_typesupport_fastrtps_c
[1.599s] [ 76%] Built target dcl_slam
[1.624s] [ 78%] [34m[1mGenerating Python code for ROS interfaces[0m
[1.872s] [ 78%] Built target dcl_slam__py
[1.888s] [ 80%] [32mBuilding C object CMakeFiles/dcl_slam__rosidl_generator_py.dir/rosidl_generator_py/dcl_slam/msg/_global_descriptor_s.c.o[0m
[1.888s] [ 82%] [32mBuilding C object CMakeFiles/dcl_slam__rosidl_generator_py.dir/rosidl_generator_py/dcl_slam/msg/_loop_info_s.c.o[0m
[1.889s] [ 85%] [32mBuilding C object CMakeFiles/dcl_slam__rosidl_generator_py.dir/rosidl_generator_py/dcl_slam/msg/_neighbor_estimate_s.c.o[0m
[1.968s] [ 87%] [32m[1mLinking C shared library rosidl_generator_py/dcl_slam/libdcl_slam__rosidl_generator_py.so[0m
[2.010s] [ 87%] Built target dcl_slam__rosidl_generator_py
[2.031s] [ 89%] [32mBuilding C object CMakeFiles/dcl_slam__rosidl_typesupport_fastrtps_c__pyext.dir/rosidl_generator_py/dcl_slam/_dcl_slam_s.ep.rosidl_typesupport_fastrtps_c.c.o[0m
[2.031s] [ 91%] [32mBuilding C object CMakeFiles/dcl_slam__rosidl_typesupport_c__pyext.dir/rosidl_generator_py/dcl_slam/_dcl_slam_s.ep.rosidl_typesupport_c.c.o[0m
[2.031s] [ 93%] [32mBuilding C object CMakeFiles/dcl_slam__rosidl_typesupport_introspection_c__pyext.dir/rosidl_generator_py/dcl_slam/_dcl_slam_s.ep.rosidl_typesupport_introspection_c.c.o[0m
[2.088s] [ 95%] [32m[1mLinking C shared library rosidl_generator_py/dcl_slam/dcl_slam_s__rosidl_typesupport_fastrtps_c.cpython-310-x86_64-linux-gnu.so[0m
[2.091s] [100%] [32m[1mLinking C shared library rosidl_generator_py/dcl_slam/dcl_slam_s__rosidl_typesupport_c.cpython-310-x86_64-linux-gnu.so[0m
[2.091s] [100%] [32m[1mLinking C shared library rosidl_generator_py/dcl_slam/dcl_slam_s__rosidl_typesupport_introspection_c.cpython-310-x86_64-linux-gnu.so[0m
[2.116s] [100%] Built target dcl_slam__rosidl_typesupport_fastrtps_c__pyext
[2.124s] [100%] Built target dcl_slam__rosidl_typesupport_c__pyext
[2.125s] [100%] Built target dcl_slam__rosidl_typesupport_introspection_c__pyext
[2.136s] Invoked command in '/home/isaac/DCL-SLAM/build/dcl_slam' returned '0': CMAKE_PREFIX_PATH=/opt/ros/humble /usr/bin/cmake --build /home/isaac/DCL-SLAM/build/dcl_slam -- -j32 -l32
[2.149s] Invoking command in '/home/isaac/DCL-SLAM/build/dcl_slam': CMAKE_PREFIX_PATH=/opt/ros/humble /usr/bin/cmake --install /home/isaac/DCL-SLAM/build/dcl_slam
[2.157s] -- Install configuration: ""
[2.157s] -- Installing: /home/isaac/DCL-SLAM/install/dcl_slam/share/ament_index/resource_index/rosidl_interfaces/dcl_slam
[2.157s] -- Installing: /home/isaac/DCL-SLAM/install/dcl_slam/include/dcl_slam/dcl_slam
[2.157s] -- Installing: /home/isaac/DCL-SLAM/install/dcl_slam/include/dcl_slam/dcl_slam/msg
[2.157s] -- Installing: /home/isaac/DCL-SLAM/install/dcl_slam/include/dcl_slam/dcl_slam/msg/detail
[2.157s] -- Installing: /home/isaac/DCL-SLAM/install/dcl_slam/include/dcl_slam/dcl_slam/msg/detail/neighbor_estimate__type_support.h
[2.157s] -- Installing: /home/isaac/DCL-SLAM/install/dcl_slam/include/dcl_slam/dcl_slam/msg/detail/global_descriptor__type_support.h
[2.157s] -- Installing: /home/isaac/DCL-SLAM/install/dcl_slam/include/dcl_slam/dcl_slam/msg/detail/loop_info__functions.h
[2.157s] -- Installing: /home/isaac/DCL-SLAM/install/dcl_slam/include/dcl_slam/dcl_slam/msg/detail/global_descriptor__functions.h
[2.157s] -- Installing: /home/isaac/DCL-SLAM/install/dcl_slam/include/dcl_slam/dcl_slam/msg/detail/loop_info__functions.c
[2.157s] -- Installing: /home/isaac/DCL-SLAM/install/dcl_slam/include/dcl_slam/dcl_slam/msg/detail/global_descriptor__struct.h
[2.157s] -- Installing: /home/isaac/DCL-SLAM/install/dcl_slam/include/dcl_slam/dcl_slam/msg/detail/loop_info__type_support.h
[2.157s] -- Installing: /home/isaac/DCL-SLAM/install/dcl_slam/include/dcl_slam/dcl_slam/msg/detail/neighbor_estimate__functions.h
[2.157s] -- Installing: /home/isaac/DCL-SLAM/install/dcl_slam/include/dcl_slam/dcl_slam/msg/detail/neighbor_estimate__functions.c
[2.157s] -- Installing: /home/isaac/DCL-SLAM/install/dcl_slam/include/dcl_slam/dcl_slam/msg/detail/global_descriptor__functions.c
[2.157s] -- Installing: /home/isaac/DCL-SLAM/install/dcl_slam/include/dcl_slam/dcl_slam/msg/detail/neighbor_estimate__struct.h
[2.157s] -- Installing: /home/isaac/DCL-SLAM/install/dcl_slam/include/dcl_slam/dcl_slam/msg/detail/loop_info__struct.h
[2.157s] -- Installing: /home/isaac/DCL-SLAM/install/dcl_slam/include/dcl_slam/dcl_slam/msg/rosidl_generator_c__visibility_control.h
[2.157s] -- Installing: /home/isaac/DCL-SLAM/install/dcl_slam/include/dcl_slam/dcl_slam/msg/global_descriptor.h
[2.157s] -- Installing: /home/isaac/DCL-SLAM/install/dcl_slam/include/dcl_slam/dcl_slam/msg/neighbor_estimate.h
[2.157s] -- Installing: /home/isaac/DCL-SLAM/install/dcl_slam/include/dcl_slam/dcl_slam/msg/loop_info.h
[2.157s] -- Installing: /home/isaac/DCL-SLAM/install/dcl_slam/share/dcl_slam/environment/library_path.sh
[2.157s] -- Installing: /home/isaac/DCL-SLAM/install/dcl_slam/share/dcl_slam/environment/library_path.dsv
[2.157s] -- Installing: /home/isaac/DCL-SLAM/install/dcl_slam/lib/libdcl_slam__rosidl_generator_c.so
[2.157s] -- Set runtime path of "/home/isaac/DCL-SLAM/install/dcl_slam/lib/libdcl_slam__rosidl_generator_c.so" to ""
[2.158s] -- Up-to-date: /home/isaac/DCL-SLAM/install/dcl_slam/include/dcl_slam/dcl_slam
[2.158s] -- Up-to-date: /home/isaac/DCL-SLAM/install/dcl_slam/include/dcl_slam/dcl_slam/msg
[2.158s] -- Up-to-date: /home/isaac/DCL-SLAM/install/dcl_slam/include/dcl_slam/dcl_slam/msg/detail
[2.158s] -- Installing: /home/isaac/DCL-SLAM/install/dcl_slam/include/dcl_slam/dcl_slam/msg/detail/neighbor_estimate__rosidl_typesupport_fastrtps_c.h
[2.158s] -- Installing: /home/isaac/DCL-SLAM/install/dcl_slam/include/dcl_slam/dcl_slam/msg/detail/loop_info__rosidl_typesupport_fastrtps_c.h
[2.158s] -- Installing: /home/isaac/DCL-SLAM/install/dcl_slam/include/dcl_slam/dcl_slam/msg/detail/global_descriptor__rosidl_typesupport_fastrtps_c.h
[2.158s] -- Installing: /home/isaac/DCL-SLAM/install/dcl_slam/include/dcl_slam/dcl_slam/msg/rosidl_typesupport_fastrtps_c__visibility_control.h
[2.158s] -- Installing: /home/isaac/DCL-SLAM/install/dcl_slam/lib/libdcl_slam__rosidl_typesupport_fastrtps_c.so
[2.158s] -- Set runtime path of "/home/isaac/DCL-SLAM/install/dcl_slam/lib/libdcl_slam__rosidl_typesupport_fastrtps_c.so" to ""
[2.158s] -- Up-to-date: /home/isaac/DCL-SLAM/install/dcl_slam/include/dcl_slam/dcl_slam
[2.158s] -- Up-to-date: /home/isaac/DCL-SLAM/install/dcl_slam/include/dcl_slam/dcl_slam/msg
[2.158s] -- Up-to-date: /home/isaac/DCL-SLAM/install/dcl_slam/include/dcl_slam/dcl_slam/msg/detail
[2.158s] -- Installing: /home/isaac/DCL-SLAM/install/dcl_slam/include/dcl_slam/dcl_slam/msg/detail/loop_info__type_support.c
[2.158s] -- Installing: /home/isaac/DCL-SLAM/install/dcl_slam/include/dcl_slam/dcl_slam/msg/detail/global_descriptor__rosidl_typesupport_introspection_c.h
[2.158s] -- Installing: /home/isaac/DCL-SLAM/install/dcl_slam/include/dcl_slam/dcl_slam/msg/detail/global_descriptor__type_support.c
[2.158s] -- Installing: /home/isaac/DCL-SLAM/install/dcl_slam/include/dcl_slam/dcl_slam/msg/detail/neighbor_estimate__type_support.c
[2.158s] -- Installing: /home/isaac/DCL-SLAM/install/dcl_slam/include/dcl_slam/dcl_slam/msg/detail/loop_info__rosidl_typesupport_introspection_c.h
[2.158s] -- Installing: /home/isaac/DCL-SLAM/install/dcl_slam/include/dcl_slam/dcl_slam/msg/detail/neighbor_estimate__rosidl_typesupport_introspection_c.h
[2.158s] -- Installing: /home/isaac/DCL-SLAM/install/dcl_slam/include/dcl_slam/dcl_slam/msg/rosidl_typesupport_introspection_c__visibility_control.h
[2.158s] -- Installing: /home/isaac/DCL-SLAM/install/dcl_slam/lib/libdcl_slam__rosidl_typesupport_introspection_c.so
[2.158s] -- Set runtime path of "/home/isaac/DCL-SLAM/install/dcl_slam/lib/libdcl_slam__rosidl_typesupport_introspection_c.so" to ""
[2.158s] -- Installing: /home/isaac/DCL-SLAM/install/dcl_slam/lib/libdcl_slam__rosidl_typesupport_c.so
[2.158s] -- Set runtime path of "/home/isaac/DCL-SLAM/install/dcl_slam/lib/libdcl_slam__rosidl_typesupport_c.so" to ""
[2.158s] -- Up-to-date: /home/isaac/DCL-SLAM/install/dcl_slam/include/dcl_slam/dcl_slam
[2.158s] -- Up-to-date: /home/isaac/DCL-SLAM/install/dcl_slam/include/dcl_slam/dcl_slam/msg
[2.158s] -- Installing: /home/isaac/DCL-SLAM/install/dcl_slam/include/dcl_slam/dcl_slam/msg/global_descriptor.hpp
[2.158s] -- Installing: /home/isaac/DCL-SLAM/install/dcl_slam/include/dcl_slam/dcl_slam/msg/loop_info.hpp
[2.158s] -- Up-to-date: /home/isaac/DCL-SLAM/install/dcl_slam/include/dcl_slam/dcl_slam/msg/detail
[2.158s] -- Installing: /home/isaac/DCL-SLAM/install/dcl_slam/include/dcl_slam/dcl_slam/msg/detail/global_descriptor__traits.hpp
[2.158s] -- Installing: /home/isaac/DCL-SLAM/install/dcl_slam/include/dcl_slam/dcl_slam/msg/detail/neighbor_estimate__type_support.hpp
[2.158s] -- Installing: /home/isaac/DCL-SLAM/install/dcl_slam/include/dcl_slam/dcl_slam/msg/detail/loop_info__type_support.hpp
[2.158s] -- Installing: /home/isaac/DCL-SLAM/install/dcl_slam/include/dcl_slam/dcl_slam/msg/detail/global_descriptor__builder.hpp
[2.158s] -- Installing: /home/isaac/DCL-SLAM/install/dcl_slam/include/dcl_slam/dcl_slam/msg/detail/neighbor_estimate__traits.hpp
[2.158s] -- Installing: /home/isaac/DCL-SLAM/install/dcl_slam/include/dcl_slam/dcl_slam/msg/detail/global_descriptor__type_support.hpp
[2.158s] -- Installing: /home/isaac/DCL-SLAM/install/dcl_slam/include/dcl_slam/dcl_slam/msg/detail/loop_info__builder.hpp
[2.158s] -- Installing: /home/isaac/DCL-SLAM/install/dcl_slam/include/dcl_slam/dcl_slam/msg/detail/loop_info__traits.hpp
[2.158s] -- Installing: /home/isaac/DCL-SLAM/install/dcl_slam/include/dcl_slam/dcl_slam/msg/detail/neighbor_estimate__struct.hpp
[2.158s] -- Installing: /home/isaac/DCL-SLAM/install/dcl_slam/include/dcl_slam/dcl_slam/msg/detail/neighbor_estimate__builder.hpp
[2.158s] -- Installing: /home/isaac/DCL-SLAM/install/dcl_slam/include/dcl_slam/dcl_slam/msg/detail/loop_info__struct.hpp
[2.158s] -- Installing: /home/isaac/DCL-SLAM/install/dcl_slam/include/dcl_slam/dcl_slam/msg/detail/global_descriptor__struct.hpp
[2.158s] -- Installing: /home/isaac/DCL-SLAM/install/dcl_slam/include/dcl_slam/dcl_slam/msg/neighbor_estimate.hpp
[2.159s] -- Installing: /home/isaac/DCL-SLAM/install/dcl_slam/include/dcl_slam/dcl_slam/msg/rosidl_generator_cpp__visibility_control.hpp
[2.159s] -- Up-to-date: /home/isaac/DCL-SLAM/install/dcl_slam/include/dcl_slam/dcl_slam
[2.159s] -- Up-to-date: /home/isaac/DCL-SLAM/install/dcl_slam/include/dcl_slam/dcl_slam/msg
[2.159s] -- Installing: /home/isaac/DCL-SLAM/install/dcl_slam/include/dcl_slam/dcl_slam/msg/rosidl_typesupport_fastrtps_cpp__visibility_control.h
[2.159s] -- Up-to-date: /home/isaac/DCL-SLAM/install/dcl_slam/include/dcl_slam/dcl_slam/msg/detail
[2.159s] -- Installing: /home/isaac/DCL-SLAM/install/dcl_slam/include/dcl_slam/dcl_slam/msg/detail/dds_fastrtps
[2.159s] -- Installing: /home/isaac/DCL-SLAM/install/dcl_slam/include/dcl_slam/dcl_slam/msg/detail/loop_info__rosidl_typesupport_fastrtps_cpp.hpp
[2.159s] -- Installing: /home/isaac/DCL-SLAM/install/dcl_slam/include/dcl_slam/dcl_slam/msg/detail/global_descriptor__rosidl_typesupport_fastrtps_cpp.hpp
[2.159s] -- Installing: /home/isaac/DCL-SLAM/install/dcl_slam/include/dcl_slam/dcl_slam/msg/detail/neighbor_estimate__rosidl_typesupport_fastrtps_cpp.hpp
[2.159s] -- Installing: /home/isaac/DCL-SLAM/install/dcl_slam/lib/libdcl_slam__rosidl_typesupport_fastrtps_cpp.so
[2.159s] -- Set runtime path of "/home/isaac/DCL-SLAM/install/dcl_slam/lib/libdcl_slam__rosidl_typesupport_fastrtps_cpp.so" to ""
[2.159s] -- Up-to-date: /home/isaac/DCL-SLAM/install/dcl_slam/include/dcl_slam/dcl_slam
[2.159s] -- Up-to-date: /home/isaac/DCL-SLAM/install/dcl_slam/include/dcl_slam/dcl_slam/msg
[2.159s] -- Up-to-date: /home/isaac/DCL-SLAM/install/dcl_slam/include/dcl_slam/dcl_slam/msg/detail
[2.159s] -- Installing: /home/isaac/DCL-SLAM/install/dcl_slam/include/dcl_slam/dcl_slam/msg/detail/neighbor_estimate__type_support.cpp
[2.159s] -- Installing: /home/isaac/DCL-SLAM/install/dcl_slam/include/dcl_slam/dcl_slam/msg/detail/loop_info__rosidl_typesupport_introspection_cpp.hpp
[2.159s] -- Installing: /home/isaac/DCL-SLAM/install/dcl_slam/include/dcl_slam/dcl_slam/msg/detail/neighbor_estimate__rosidl_typesupport_introspection_cpp.hpp
[2.159s] -- Installing: /home/isaac/DCL-SLAM/install/dcl_slam/include/dcl_slam/dcl_slam/msg/detail/global_descriptor__type_support.cpp
[2.159s] -- Installing: /home/isaac/DCL-SLAM/install/dcl_slam/include/dcl_slam/dcl_slam/msg/detail/loop_info__type_support.cpp
[2.159s] -- Installing: /home/isaac/DCL-SLAM/install/dcl_slam/include/dcl_slam/dcl_slam/msg/detail/global_descriptor__rosidl_typesupport_introspection_cpp.hpp
[2.159s] -- Installing: /home/isaac/DCL-SLAM/install/dcl_slam/lib/libdcl_slam__rosidl_typesupport_introspection_cpp.so
[2.159s] -- Set runtime path of "/home/isaac/DCL-SLAM/install/dcl_slam/lib/libdcl_slam__rosidl_typesupport_introspection_cpp.so" to ""
[2.159s] -- Installing: /home/isaac/DCL-SLAM/install/dcl_slam/lib/libdcl_slam__rosidl_typesupport_cpp.so
[2.159s] -- Set runtime path of "/home/isaac/DCL-SLAM/install/dcl_slam/lib/libdcl_slam__rosidl_typesupport_cpp.so" to ""
[2.159s] -- Installing: /home/isaac/DCL-SLAM/install/dcl_slam/share/dcl_slam/environment/pythonpath.sh
[2.159s] -- Installing: /home/isaac/DCL-SLAM/install/dcl_slam/share/dcl_slam/environment/pythonpath.dsv
[2.159s] -- Installing: /home/isaac/DCL-SLAM/install/dcl_slam/local/lib/python3.10/dist-packages/dcl_slam-1.0.0-py3.10.egg-info
[2.159s] -- Installing: /home/isaac/DCL-SLAM/install/dcl_slam/local/lib/python3.10/dist-packages/dcl_slam-1.0.0-py3.10.egg-info/dependency_links.txt
[2.160s] -- Installing: /home/isaac/DCL-SLAM/install/dcl_slam/local/lib/python3.10/dist-packages/dcl_slam-1.0.0-py3.10.egg-info/SOURCES.txt
[2.160s] -- Installing: /home/isaac/DCL-SLAM/install/dcl_slam/local/lib/python3.10/dist-packages/dcl_slam-1.0.0-py3.10.egg-info/PKG-INFO
[2.160s] -- Installing: /home/isaac/DCL-SLAM/install/dcl_slam/local/lib/python3.10/dist-packages/dcl_slam-1.0.0-py3.10.egg-info/top_level.txt
[2.160s] -- Installing: /home/isaac/DCL-SLAM/install/dcl_slam/local/lib/python3.10/dist-packages/dcl_slam
[2.160s] -- Installing: /home/isaac/DCL-SLAM/install/dcl_slam/local/lib/python3.10/dist-packages/dcl_slam/_dcl_slam_s.ep.rosidl_typesupport_c.c
[2.160s] -- Installing: /home/isaac/DCL-SLAM/install/dcl_slam/local/lib/python3.10/dist-packages/dcl_slam/_dcl_slam_s.ep.rosidl_typesupport_fastrtps_c.c
[2.160s] -- Installing: /home/isaac/DCL-SLAM/install/dcl_slam/local/lib/python3.10/dist-packages/dcl_slam/msg
[2.160s] -- Installing: /home/isaac/DCL-SLAM/install/dcl_slam/local/lib/python3.10/dist-packages/dcl_slam/msg/_neighbor_estimate_s.c
[2.160s] -- Installing: /home/isaac/DCL-SLAM/install/dcl_slam/local/lib/python3.10/dist-packages/dcl_slam/msg/_global_descriptor.py
[2.160s] -- Installing: /home/isaac/DCL-SLAM/install/dcl_slam/local/lib/python3.10/dist-packages/dcl_slam/msg/_loop_info_s.c
[2.160s] -- Installing: /home/isaac/DCL-SLAM/install/dcl_slam/local/lib/python3.10/dist-packages/dcl_slam/msg/_loop_info.py
[2.160s] -- Installing: /home/isaac/DCL-SLAM/install/dcl_slam/local/lib/python3.10/dist-packages/dcl_slam/msg/_neighbor_estimate.py
[2.160s] -- Installing: /home/isaac/DCL-SLAM/install/dcl_slam/local/lib/python3.10/dist-packages/dcl_slam/msg/__init__.py
[2.160s] -- Installing: /home/isaac/DCL-SLAM/install/dcl_slam/local/lib/python3.10/dist-packages/dcl_slam/msg/_global_descriptor_s.c
[2.160s] -- Installing: /home/isaac/DCL-SLAM/install/dcl_slam/local/lib/python3.10/dist-packages/dcl_slam/libdcl_slam__rosidl_generator_py.so
[2.160s] -- Installing: /home/isaac/DCL-SLAM/install/dcl_slam/local/lib/python3.10/dist-packages/dcl_slam/dcl_slam_s__rosidl_typesupport_c.cpython-310-x86_64-linux-gnu.so
[2.160s] -- Installing: /home/isaac/DCL-SLAM/install/dcl_slam/local/lib/python3.10/dist-packages/dcl_slam/dcl_slam_s__rosidl_typesupport_fastrtps_c.cpython-310-x86_64-linux-gnu.so
[2.160s] -- Installing: /home/isaac/DCL-SLAM/install/dcl_slam/local/lib/python3.10/dist-packages/dcl_slam/dcl_slam_s__rosidl_typesupport_introspection_c.cpython-310-x86_64-linux-gnu.so
[2.160s] -- Installing: /home/isaac/DCL-SLAM/install/dcl_slam/local/lib/python3.10/dist-packages/dcl_slam/_dcl_slam_s.ep.rosidl_typesupport_introspection_c.c
[2.160s] -- Installing: /home/isaac/DCL-SLAM/install/dcl_slam/local/lib/python3.10/dist-packages/dcl_slam/__init__.py
[2.182s] Listing '/home/isaac/DCL-SLAM/install/dcl_slam/local/lib/python3.10/dist-packages/dcl_slam'...
[2.182s] Compiling '/home/isaac/DCL-SLAM/install/dcl_slam/local/lib/python3.10/dist-packages/dcl_slam/__init__.py'...
[2.182s] Listing '/home/isaac/DCL-SLAM/install/dcl_slam/local/lib/python3.10/dist-packages/dcl_slam/msg'...
[2.182s] Compiling '/home/isaac/DCL-SLAM/install/dcl_slam/local/lib/python3.10/dist-packages/dcl_slam/msg/__init__.py'...
[2.182s] Compiling '/home/isaac/DCL-SLAM/install/dcl_slam/local/lib/python3.10/dist-packages/dcl_slam/msg/_global_descriptor.py'...
[2.182s] Compiling '/home/isaac/DCL-SLAM/install/dcl_slam/local/lib/python3.10/dist-packages/dcl_slam/msg/_loop_info.py'...
[2.182s] Compiling '/home/isaac/DCL-SLAM/install/dcl_slam/local/lib/python3.10/dist-packages/dcl_slam/msg/_neighbor_estimate.py'...
[2.184s] -- Installing: /home/isaac/DCL-SLAM/install/dcl_slam/local/lib/python3.10/dist-packages/dcl_slam/dcl_slam_s__rosidl_typesupport_fastrtps_c.cpython-310-x86_64-linux-gnu.so
[2.184s] -- Set runtime path of "/home/isaac/DCL-SLAM/install/dcl_slam/local/lib/python3.10/dist-packages/dcl_slam/dcl_slam_s__rosidl_typesupport_fastrtps_c.cpython-310-x86_64-linux-gnu.so" to ""
[2.184s] -- Installing: /home/isaac/DCL-SLAM/install/dcl_slam/local/lib/python3.10/dist-packages/dcl_slam/dcl_slam_s__rosidl_typesupport_introspection_c.cpython-310-x86_64-linux-gnu.so
[2.184s] -- Set runtime path of "/home/isaac/DCL-SLAM/install/dcl_slam/local/lib/python3.10/dist-packages/dcl_slam/dcl_slam_s__rosidl_typesupport_introspection_c.cpython-310-x86_64-linux-gnu.so" to ""
[2.184s] -- Installing: /home/isaac/DCL-SLAM/install/dcl_slam/local/lib/python3.10/dist-packages/dcl_slam/dcl_slam_s__rosidl_typesupport_c.cpython-310-x86_64-linux-gnu.so
[2.184s] -- Set runtime path of "/home/isaac/DCL-SLAM/install/dcl_slam/local/lib/python3.10/dist-packages/dcl_slam/dcl_slam_s__rosidl_typesupport_c.cpython-310-x86_64-linux-gnu.so" to ""
[2.184s] -- Installing: /home/isaac/DCL-SLAM/install/dcl_slam/lib/libdcl_slam__rosidl_generator_py.so
[2.185s] -- Set runtime path of "/home/isaac/DCL-SLAM/install/dcl_slam/lib/libdcl_slam__rosidl_generator_py.so" to ""
[2.185s] -- Installing: /home/isaac/DCL-SLAM/install/dcl_slam/share/dcl_slam/msg/LoopInfo.idl
[2.185s] -- Installing: /home/isaac/DCL-SLAM/install/dcl_slam/share/dcl_slam/msg/GlobalDescriptor.idl
[2.185s] -- Installing: /home/isaac/DCL-SLAM/install/dcl_slam/share/dcl_slam/msg/NeighborEstimate.idl
[2.185s] -- Installing: /home/isaac/DCL-SLAM/install/dcl_slam/share/dcl_slam/msg/LoopInfo.msg
[2.185s] -- Installing: /home/isaac/DCL-SLAM/install/dcl_slam/share/dcl_slam/msg/GlobalDescriptor.msg
[2.185s] -- Installing: /home/isaac/DCL-SLAM/install/dcl_slam/share/dcl_slam/msg/NeighborEstimate.msg
[2.185s] -- Installing: /home/isaac/DCL-SLAM/install/dcl_slam/share/ament_index/resource_index/package_run_dependencies/dcl_slam
[2.185s] -- Installing: /home/isaac/DCL-SLAM/install/dcl_slam/share/ament_index/resource_index/parent_prefix_path/dcl_slam
[2.185s] -- Installing: /home/isaac/DCL-SLAM/install/dcl_slam/share/dcl_slam/environment/ament_prefix_path.sh
[2.185s] -- Installing: /home/isaac/DCL-SLAM/install/dcl_slam/share/dcl_slam/environment/ament_prefix_path.dsv
[2.185s] -- Installing: /home/isaac/DCL-SLAM/install/dcl_slam/share/dcl_slam/environment/path.sh
[2.185s] -- Installing: /home/isaac/DCL-SLAM/install/dcl_slam/share/dcl_slam/environment/path.dsv
[2.185s] -- Installing: /home/isaac/DCL-SLAM/install/dcl_slam/share/dcl_slam/local_setup.bash
[2.185s] -- Installing: /home/isaac/DCL-SLAM/install/dcl_slam/share/dcl_slam/local_setup.sh
[2.185s] -- Installing: /home/isaac/DCL-SLAM/install/dcl_slam/share/dcl_slam/local_setup.zsh
[2.185s] -- Installing: /home/isaac/DCL-SLAM/install/dcl_slam/share/dcl_slam/local_setup.dsv
[2.185s] -- Installing: /home/isaac/DCL-SLAM/install/dcl_slam/share/dcl_slam/package.dsv
[2.185s] -- Installing: /home/isaac/DCL-SLAM/install/dcl_slam/share/ament_index/resource_index/packages/dcl_slam
[2.185s] -- Installing: /home/isaac/DCL-SLAM/install/dcl_slam/share/dcl_slam/cmake/export_dcl_slam__rosidl_generator_cExport.cmake
[2.185s] -- Installing: /home/isaac/DCL-SLAM/install/dcl_slam/share/dcl_slam/cmake/export_dcl_slam__rosidl_generator_cExport-noconfig.cmake
[2.185s] -- Installing: /home/isaac/DCL-SLAM/install/dcl_slam/share/dcl_slam/cmake/export_dcl_slam__rosidl_typesupport_fastrtps_cExport.cmake
[2.185s] -- Installing: /home/isaac/DCL-SLAM/install/dcl_slam/share/dcl_slam/cmake/export_dcl_slam__rosidl_typesupport_fastrtps_cExport-noconfig.cmake
[2.185s] -- Installing: /home/isaac/DCL-SLAM/install/dcl_slam/share/dcl_slam/cmake/dcl_slam__rosidl_typesupport_introspection_cExport.cmake
[2.185s] -- Installing: /home/isaac/DCL-SLAM/install/dcl_slam/share/dcl_slam/cmake/dcl_slam__rosidl_typesupport_introspection_cExport-noconfig.cmake
[2.185s] -- Installing: /home/isaac/DCL-SLAM/install/dcl_slam/share/dcl_slam/cmake/dcl_slam__rosidl_typesupport_cExport.cmake
[2.186s] -- Installing: /home/isaac/DCL-SLAM/install/dcl_slam/share/dcl_slam/cmake/dcl_slam__rosidl_typesupport_cExport-noconfig.cmake
[2.186s] -- Installing: /home/isaac/DCL-SLAM/install/dcl_slam/share/dcl_slam/cmake/export_dcl_slam__rosidl_generator_cppExport.cmake
[2.186s] -- Installing: /home/isaac/DCL-SLAM/install/dcl_slam/share/dcl_slam/cmake/export_dcl_slam__rosidl_typesupport_fastrtps_cppExport.cmake
[2.186s] -- Installing: /home/isaac/DCL-SLAM/install/dcl_slam/share/dcl_slam/cmake/export_dcl_slam__rosidl_typesupport_fastrtps_cppExport-noconfig.cmake
[2.186s] -- Installing: /home/isaac/DCL-SLAM/install/dcl_slam/share/dcl_slam/cmake/dcl_slam__rosidl_typesupport_introspection_cppExport.cmake
[2.186s] -- Installing: /home/isaac/DCL-SLAM/install/dcl_slam/share/dcl_slam/cmake/dcl_slam__rosidl_typesupport_introspection_cppExport-noconfig.cmake
[2.186s] -- Installing: /home/isaac/DCL-SLAM/install/dcl_slam/share/dcl_slam/cmake/dcl_slam__rosidl_typesupport_cppExport.cmake
[2.186s] -- Installing: /home/isaac/DCL-SLAM/install/dcl_slam/share/dcl_slam/cmake/dcl_slam__rosidl_typesupport_cppExport-noconfig.cmake
[2.186s] -- Installing: /home/isaac/DCL-SLAM/install/dcl_slam/share/dcl_slam/cmake/export_dcl_slam__rosidl_generator_pyExport.cmake
[2.186s] -- Installing: /home/isaac/DCL-SLAM/install/dcl_slam/share/dcl_slam/cmake/export_dcl_slam__rosidl_generator_pyExport-noconfig.cmake
[2.186s] -- Installing: /home/isaac/DCL-SLAM/install/dcl_slam/share/dcl_slam/cmake/rosidl_cmake-extras.cmake
[2.186s] -- Installing: /home/isaac/DCL-SLAM/install/dcl_slam/share/dcl_slam/cmake/ament_cmake_export_dependencies-extras.cmake
[2.186s] -- Installing: /home/isaac/DCL-SLAM/install/dcl_slam/share/dcl_slam/cmake/ament_cmake_export_include_directories-extras.cmake
[2.186s] -- Installing: /home/isaac/DCL-SLAM/install/dcl_slam/share/dcl_slam/cmake/ament_cmake_export_libraries-extras.cmake
[2.186s] -- Installing: /home/isaac/DCL-SLAM/install/dcl_slam/share/dcl_slam/cmake/ament_cmake_export_targets-extras.cmake
[2.186s] -- Installing: /home/isaac/DCL-SLAM/install/dcl_slam/share/dcl_slam/cmake/rosidl_cmake_export_typesupport_targets-extras.cmake
[2.186s] -- Installing: /home/isaac/DCL-SLAM/install/dcl_slam/share/dcl_slam/cmake/rosidl_cmake_export_typesupport_libraries-extras.cmake
[2.186s] -- Installing: /home/isaac/DCL-SLAM/install/dcl_slam/share/dcl_slam/cmake/dcl_slamConfig.cmake
[2.186s] -- Installing: /home/isaac/DCL-SLAM/install/dcl_slam/share/dcl_slam/cmake/dcl_slamConfig-version.cmake
[2.186s] -- Installing: /home/isaac/DCL-SLAM/install/dcl_slam/share/dcl_slam/package.xml
[2.188s] Invoked command in '/home/isaac/DCL-SLAM/build/dcl_slam' returned '0': CMAKE_PREFIX_PATH=/opt/ros/humble /usr/bin/cmake --install /home/isaac/DCL-SLAM/build/dcl_slam
