[33mCMake Warning (dev) at CMakeLists.txt:21 (find_package):
  Policy CMP0074 is not set: find_package uses <PackageName>_ROOT variables.
  Run "cmake --help-policy CMP0074" for policy details.  Use the cmake_policy
  command to set the policy and suppress this warning.

  CMake variable PCL_ROOT is set to:

    /usr

  For compatibility, CMake is ignoring the variable.
This warning is for project developers.  Use -Wno-dev to suppress it.
[0m
[0mCMake Deprecation Warning at /opt/ros/humble/share/rosidl_cmake/cmake/rosidl_target_interfaces.cmake:32 (message):
  Use rosidl_get_typesupport_target() and target_link_libraries() instead of
  rosidl_target_interfaces()
Call Stack (most recent call first):
  CMakeLists.txt:63 (rosidl_target_interfaces)

[0m
In file included from [01m[K/home/isaac/DCL-SLAM/include/scanContextDescriptor.h:1[m[K,
                 from [01m[K/home/isaac/DCL-SLAM/src/scanContextDescriptor.cpp:1[m[K:
[01m[K/home/isaac/DCL-SLAM/include/descriptorBasis.h:5:10:[m[K [01;31m[Kfatal error: [m[Knabo/nabo.h: 没有那个文件或目录
    5 | #include [01;31m[K<nabo/nabo.h>[m[K
      |          [01;31m[K^~~~~~~~~~~~~[m[K
compilation terminated.
In file included from [01m[K/home/isaac/DCL-SLAM/include/m2dpDescriptor.h:1[m[K,
                 from [01m[K/home/isaac/DCL-SLAM/src/m2dpDescriptor.cpp:1[m[K:
[01m[K/home/isaac/DCL-SLAM/include/descriptorBasis.h:5:10:[m[K [01;31m[Kfatal error: [m[Knabo/nabo.h: 没有那个文件或目录
    5 | #include [01;31m[K<nabo/nabo.h>[m[K
      |          [01;31m[K^~~~~~~~~~~~~[m[K
compilation terminated.
In file included from [01m[K/home/isaac/DCL-SLAM/include/lidarIrisDescriptor.h:1[m[K,
                 from [01m[K/home/isaac/DCL-SLAM/src/lidarIrisDescriptor.cpp:1[m[K:
[01m[K/home/isaac/DCL-SLAM/include/descriptorBasis.h:5:10:[m[K [01;31m[Kfatal error: [m[Knabo/nabo.h: 没有那个文件或目录
    5 | #include [01;31m[K<nabo/nabo.h>[m[K
      |          [01;31m[K^~~~~~~~~~~~~[m[K
compilation terminated.
gmake[2]: *** [CMakeFiles/dcl_slam_descriptors.dir/build.make:76：CMakeFiles/dcl_slam_descriptors.dir/src/scanContextDescriptor.cpp.o] 错误 1
gmake[2]: *** 正在等待未完成的任务....
gmake[2]: *** [CMakeFiles/dcl_slam_descriptors.dir/build.make:104：CMakeFiles/dcl_slam_descriptors.dir/src/m2dpDescriptor.cpp.o] 错误 1
gmake[2]: *** [CMakeFiles/dcl_slam_descriptors.dir/build.make:90：CMakeFiles/dcl_slam_descriptors.dir/src/lidarIrisDescriptor.cpp.o] 错误 1
gmake[1]: *** [CMakeFiles/Makefile2:594：CMakeFiles/dcl_slam_descriptors.dir/all] 错误 2
gmake[1]: *** 正在等待未完成的任务....
gmake: *** [Makefile:146：all] 错误 2
