[0.007s] Invoking command in '/home/isaac/DCL-SLAM/build/dcl_slam': CMAKE_PREFIX_PATH=/opt/ros/humble /usr/bin/cmake --build /home/isaac/DCL-SLAM/build/dcl_slam -- -j32 -l32
[0.027s] -- Found ament_cmake: 1.3.12 (/opt/ros/humble/share/ament_cmake/cmake)
[0.114s] -- Found rosidl_default_generators: 1.2.0 (/opt/ros/humble/share/rosidl_default_generators/cmake)
[0.115s] -- Using all available rosidl_typesupport_c: rosidl_typesupport_fastrtps_c;rosidl_typesupport_introspection_c
[0.116s] -- Found rosidl_adapter: 3.1.7 (/opt/ros/humble/share/rosidl_adapter/cmake)
[0.130s] -- Using all available rosidl_typesupport_cpp: rosidl_typesupport_fastrtps_cpp;rosidl_typesupport_introspection_cpp
[0.141s] -- Found std_msgs: 4.9.0 (/opt/ros/humble/share/std_msgs/cmake)
[0.151s] -- Found sensor_msgs: 4.9.0 (/opt/ros/humble/share/sensor_msgs/cmake)
[0.164s] -- Found nav_msgs: 4.9.0 (/opt/ros/humble/share/nav_msgs/cmake)
[0.172s] -- Found visualization_msgs: 4.9.0 (/opt/ros/humble/share/visualization_msgs/cmake)
[0.180s] -- Found tf2: 0.25.17 (/opt/ros/humble/share/tf2/cmake)
[0.182s] -- Found tf2_ros: 0.25.17 (/opt/ros/humble/share/tf2_ros/cmake)
[0.203s] -- Found rmw_implementation_cmake: 6.1.2 (/opt/ros/humble/share/rmw_implementation_cmake/cmake)
[0.203s] -- Found rmw_fastrtps_cpp: 6.2.9 (/opt/ros/humble/share/rmw_fastrtps_cpp/cmake)
[0.262s] -- Using RMW implementation 'rmw_fastrtps_cpp' as default
[0.311s] -- Found tf2_geometry_msgs: 0.25.17 (/opt/ros/humble/share/tf2_geometry_msgs/cmake)
[0.312s] -- Found eigen3_cmake_module: 0.1.1 (/opt/ros/humble/share/eigen3_cmake_module/cmake)
[0.313s] -- Ensuring Eigen3 include directory is part of orocos-kdl CMake target
[0.314s] -- Found pcl_conversions: 2.4.5 (/opt/ros/humble/share/pcl_conversions/cmake)
[0.329s] -- Eigen found (include: /usr/include/eigen3, version: 3.4.0)
[0.346s] -- FLANN found (include: /usr/include, lib: /usr/lib/x86_64-linux-gnu/libflann_cpp.so)
[0.570s] -- OpenNI found (version: 1.5.4.0, include: /usr/include/ni, lib: /usr/lib/libOpenNI.so;libusb::libusb)
[0.574s] -- OpenNI2 found (version: 2.2.0.33, include: /usr/include/openni2, lib: /usr/lib/x86_64-linux-gnu/libOpenNI2.so;libusb::libusb)
[0.669s] -- Eigen found (include: /usr/include/eigen3, version: 3.4.0)
[0.673s] -- OpenNI found (version: 1.5.4.0, include: /usr/include/ni, lib: /usr/lib/libOpenNI.so;libusb::libusb)
[0.677s] -- OpenNI2 found (version: 2.2.0.33, include: /usr/include/openni2, lib: /usr/lib/x86_64-linux-gnu/libOpenNI2.so;libusb::libusb)
[0.770s] -- Found Qhull version 8.0.2
[0.862s] -- OpenNI found (version: 1.5.4.0, include: /usr/include/ni, lib: /usr/lib/libOpenNI.so;libusb::libusb)
[0.960s] [33mCMake Warning (dev) at CMakeLists.txt:21 (find_package):
[0.960s]   Policy CMP0074 is not set: find_package uses <PackageName>_ROOT variables.
[0.960s]   Run "cmake --help-policy CMP0074" for policy details.  Use the cmake_policy
[0.960s]   command to set the policy and suppress this warning.
[0.960s] 
[0.960s]   CMake variable PCL_ROOT is set to:
[0.960s] 
[0.960s]     /usr
[0.960s] 
[0.960s]   For compatibility, CMake is ignoring the variable.
[0.960s] This warning is for project developers.  Use -Wno-dev to suppress it.
[0.960s] [0m
[1.151s] -- Found ament_cmake_ros: 0.10.0 (/opt/ros/humble/share/ament_cmake_ros/cmake)
[1.291s] -- Using all available rosidl_typesupport_c: rosidl_typesupport_fastrtps_c;rosidl_typesupport_introspection_c
[1.518s] -- Using all available rosidl_typesupport_cpp: rosidl_typesupport_fastrtps_cpp;rosidl_typesupport_introspection_cpp
[1.538s] -- Found python_cmake_module: 0.10.0 (/opt/ros/humble/share/python_cmake_module/cmake)
[1.555s] -- Using PYTHON_EXECUTABLE: /usr/bin/python3
[1.555s] -- Using PYTHON_INCLUDE_DIRS: /usr/include/python3.10
[1.555s] -- Using PYTHON_LIBRARIES: /usr/lib/x86_64-linux-gnu/libpython3.10.so
[1.590s] [0mCMake Deprecation Warning at /opt/ros/humble/share/rosidl_cmake/cmake/rosidl_target_interfaces.cmake:32 (message):
[1.590s]   Use rosidl_get_typesupport_target() and target_link_libraries() instead of
[1.590s]   rosidl_target_interfaces()
[1.590s] Call Stack (most recent call first):
[1.590s]   CMakeLists.txt:63 (rosidl_target_interfaces)
[1.590s] 
[1.591s] [0m
[1.592s] -- Configuring done
[1.621s] -- Generating done
[1.631s] -- Build files have been written to: /home/isaac/DCL-SLAM/build/dcl_slam
[1.653s] [35m[1mConsolidate compiler generated dependencies of target dcl_slam__rosidl_generator_c[0m
[1.660s] [  1%] Built target dcl_slam__cpp
[1.661s] [  3%] [32mBuilding C object CMakeFiles/dcl_slam__rosidl_generator_c.dir/rosidl_generator_c/dcl_slam/msg/detail/loop_info__functions.c.o[0m
[1.661s] [  5%] [32mBuilding C object CMakeFiles/dcl_slam__rosidl_generator_c.dir/rosidl_generator_c/dcl_slam/msg/detail/global_descriptor__functions.c.o[0m
[1.662s] [  7%] [32mBuilding C object CMakeFiles/dcl_slam__rosidl_generator_c.dir/rosidl_generator_c/dcl_slam/msg/detail/neighbor_estimate__functions.c.o[0m
[1.664s] [  7%] Built target ament_cmake_python_copy_dcl_slam
[1.668s] [35m[1mConsolidate compiler generated dependencies of target dcl_slam__rosidl_typesupport_cpp[0m
[1.668s] [35m[1mConsolidate compiler generated dependencies of target dcl_slam__rosidl_typesupport_introspection_cpp[0m
[1.668s] [35m[1mConsolidate compiler generated dependencies of target dcl_slam__rosidl_typesupport_fastrtps_cpp[0m
[1.677s] [ 11%] [32mBuilding CXX object CMakeFiles/dcl_slam__rosidl_typesupport_introspection_cpp.dir/rosidl_typesupport_introspection_cpp/dcl_slam/msg/detail/loop_info__type_support.cpp.o[0m
[1.677s] [ 11%] [32mBuilding CXX object CMakeFiles/dcl_slam__rosidl_typesupport_introspection_cpp.dir/rosidl_typesupport_introspection_cpp/dcl_slam/msg/detail/global_descriptor__type_support.cpp.o[0m
[1.680s] [ 13%] [32mBuilding CXX object CMakeFiles/dcl_slam__rosidl_typesupport_introspection_cpp.dir/rosidl_typesupport_introspection_cpp/dcl_slam/msg/detail/neighbor_estimate__type_support.cpp.o[0m
[1.682s] [ 15%] [32mBuilding CXX object CMakeFiles/dcl_slam__rosidl_typesupport_cpp.dir/rosidl_typesupport_cpp/dcl_slam/msg/loop_info__type_support.cpp.o[0m
[1.682s] [ 17%] [32mBuilding CXX object CMakeFiles/dcl_slam__rosidl_typesupport_cpp.dir/rosidl_typesupport_cpp/dcl_slam/msg/global_descriptor__type_support.cpp.o[0m
[1.682s] [ 19%] [32mBuilding CXX object CMakeFiles/dcl_slam__rosidl_typesupport_fastrtps_cpp.dir/rosidl_typesupport_fastrtps_cpp/dcl_slam/msg/detail/dds_fastrtps/loop_info__type_support.cpp.o[0m
[1.682s] [ 21%] [32mBuilding CXX object CMakeFiles/dcl_slam__rosidl_typesupport_cpp.dir/rosidl_typesupport_cpp/dcl_slam/msg/neighbor_estimate__type_support.cpp.o[0m
[1.682s] [ 23%] [32mBuilding CXX object CMakeFiles/dcl_slam__rosidl_typesupport_fastrtps_cpp.dir/rosidl_typesupport_fastrtps_cpp/dcl_slam/msg/detail/dds_fastrtps/global_descriptor__type_support.cpp.o[0m
[1.683s] [ 25%] [32mBuilding CXX object CMakeFiles/dcl_slam__rosidl_typesupport_fastrtps_cpp.dir/rosidl_typesupport_fastrtps_cpp/dcl_slam/msg/detail/dds_fastrtps/neighbor_estimate__type_support.cpp.o[0m
[1.697s] [ 27%] [32m[1mLinking C shared library libdcl_slam__rosidl_generator_c.so[0m
[1.725s] [ 29%] Built target dcl_slam__rosidl_generator_c
[1.735s] [35m[1mConsolidate compiler generated dependencies of target dcl_slam__rosidl_typesupport_c[0m
[1.735s] [35m[1mConsolidate compiler generated dependencies of target dcl_slam__rosidl_typesupport_introspection_c[0m
[1.735s] [35m[1mConsolidate compiler generated dependencies of target dcl_slam__rosidl_typesupport_fastrtps_c[0m
[1.746s] [ 39%] [32mBuilding C object CMakeFiles/dcl_slam__rosidl_typesupport_introspection_c.dir/rosidl_typesupport_introspection_c/dcl_slam/msg/detail/loop_info__type_support.c.o[0m
[1.746s] [ 39%] [32mBuilding CXX object CMakeFiles/dcl_slam__rosidl_typesupport_c.dir/rosidl_typesupport_c/dcl_slam/msg/neighbor_estimate__type_support.cpp.o[0m
[1.746s] [ 39%] [32mBuilding C object CMakeFiles/dcl_slam__rosidl_typesupport_introspection_c.dir/rosidl_typesupport_introspection_c/dcl_slam/msg/detail/global_descriptor__type_support.c.o[0m
[1.746s] [ 39%] [32mBuilding CXX object CMakeFiles/dcl_slam__rosidl_typesupport_c.dir/rosidl_typesupport_c/dcl_slam/msg/global_descriptor__type_support.cpp.o[0m
[1.746s] [ 41%] [32mBuilding CXX object CMakeFiles/dcl_slam__rosidl_typesupport_c.dir/rosidl_typesupport_c/dcl_slam/msg/loop_info__type_support.cpp.o[0m
[1.746s] [ 41%] [32mBuilding C object CMakeFiles/dcl_slam__rosidl_typesupport_introspection_c.dir/rosidl_typesupport_introspection_c/dcl_slam/msg/detail/neighbor_estimate__type_support.c.o[0m
[1.748s] [ 43%] [32mBuilding CXX object CMakeFiles/dcl_slam__rosidl_typesupport_fastrtps_c.dir/rosidl_typesupport_fastrtps_c/dcl_slam/msg/detail/loop_info__type_support_c.cpp.o[0m
[1.748s] [ 45%] [32mBuilding CXX object CMakeFiles/dcl_slam__rosidl_typesupport_fastrtps_c.dir/rosidl_typesupport_fastrtps_c/dcl_slam/msg/detail/global_descriptor__type_support_c.cpp.o[0m
[1.748s] [ 47%] [32mBuilding CXX object CMakeFiles/dcl_slam__rosidl_typesupport_fastrtps_c.dir/rosidl_typesupport_fastrtps_c/dcl_slam/msg/detail/neighbor_estimate__type_support_c.cpp.o[0m
[1.776s] [ 49%] [32m[1mLinking CXX shared library libdcl_slam__rosidl_typesupport_c.so[0m
[1.786s] [ 50%] [32m[1mLinking C shared library libdcl_slam__rosidl_typesupport_introspection_c.so[0m
[1.812s] [ 52%] Built target dcl_slam__rosidl_typesupport_introspection_c
[1.816s] [ 54%] Built target dcl_slam__rosidl_typesupport_c
[1.884s] running egg_info
[1.885s] writing dcl_slam.egg-info/PKG-INFO
[1.885s] writing dependency_links to dcl_slam.egg-info/dependency_links.txt
[1.885s] writing top-level names to dcl_slam.egg-info/top_level.txt
[1.887s] reading manifest file 'dcl_slam.egg-info/SOURCES.txt'
[1.887s] writing manifest file 'dcl_slam.egg-info/SOURCES.txt'
[1.911s] [ 56%] Built target ament_cmake_python_build_dcl_slam_egg
[1.912s] [ 56%] [32m[1mLinking CXX shared library libdcl_slam__rosidl_typesupport_cpp.so[0m
[1.914s] [ 58%] [32m[1mLinking CXX shared library libdcl_slam__rosidl_typesupport_introspection_cpp.so[0m
[1.942s] [ 60%] Built target dcl_slam__rosidl_typesupport_cpp
[1.964s] [ 62%] Built target dcl_slam__rosidl_typesupport_introspection_cpp
[1.984s] [ 64%] [32m[1mLinking CXX shared library libdcl_slam__rosidl_typesupport_fastrtps_c.so[0m
[1.985s] [ 66%] [32m[1mLinking CXX shared library libdcl_slam__rosidl_typesupport_fastrtps_cpp.so[0m
[2.026s] [ 68%] Built target dcl_slam__rosidl_typesupport_fastrtps_c
[2.031s] [ 70%] Built target dcl_slam__rosidl_typesupport_fastrtps_cpp
[2.050s] [ 70%] Built target dcl_slam
[2.079s] [ 72%] [32mBuilding CXX object CMakeFiles/dcl_slam_descriptors.dir/src/m2dpDescriptor.cpp.o[0m
[2.079s] [ 74%] [32mBuilding CXX object CMakeFiles/dcl_slam_descriptors.dir/src/scanContextDescriptor.cpp.o[0m
[2.079s] [ 76%] Built target dcl_slam__py
[2.079s] [ 78%] [32mBuilding CXX object CMakeFiles/dcl_slam_descriptors.dir/src/lidarIrisDescriptor.cpp.o[0m
[2.088s] [35m[1mConsolidate compiler generated dependencies of target dcl_slam__rosidl_generator_py[0m
[2.089s] In file included from [01m[K/home/isaac/DCL-SLAM/include/scanContextDescriptor.h:1[m[K,
[2.089s]                  from [01m[K/home/isaac/DCL-SLAM/src/scanContextDescriptor.cpp:1[m[K:
[2.089s] [01m[K/home/isaac/DCL-SLAM/include/descriptorBasis.h:5:10:[m[K [01;31m[Kfatal error: [m[Knabo/nabo.h: µ▓Īµ£ēķéŻõĖ¬µ¢ćõ╗Čµł¢ńø«ÕĮĢ
[2.089s]     5 | #include [01;31m[K<nabo/nabo.h>[m[K
[2.089s]       |          [01;31m[K^~~~~~~~~~~~~[m[K
[2.089s] compilation terminated.
[2.089s] In file included from [01m[K/home/isaac/DCL-SLAM/include/m2dpDescriptor.h:1[m[K,
[2.089s]                  from [01m[K/home/isaac/DCL-SLAM/src/m2dpDescriptor.cpp:1[m[K:
[2.089s] [01m[K/home/isaac/DCL-SLAM/include/descriptorBasis.h:5:10:[m[K [01;31m[Kfatal error: [m[Knabo/nabo.h: µ▓Īµ£ēķéŻõĖ¬µ¢ćõ╗Čµł¢ńø«ÕĮĢ
[2.089s]     5 | #include [01;31m[K<nabo/nabo.h>[m[K
[2.089s]       |          [01;31m[K^~~~~~~~~~~~~[m[K
[2.089s] compilation terminated.
[2.089s] In file included from [01m[K/home/isaac/DCL-SLAM/include/lidarIrisDescriptor.h:1[m[K,
[2.089s]                  from [01m[K/home/isaac/DCL-SLAM/src/lidarIrisDescriptor.cpp:1[m[K:
[2.089s] [01m[K/home/isaac/DCL-SLAM/include/descriptorBasis.h:5:10:[m[K [01;31m[Kfatal error: [m[Knabo/nabo.h: µ▓Īµ£ēķéŻõĖ¬µ¢ćõ╗Čµł¢ńø«ÕĮĢ
[2.089s]     5 | #include [01;31m[K<nabo/nabo.h>[m[K
[2.089s]       |          [01;31m[K^~~~~~~~~~~~~[m[K
[2.089s] compilation terminated.
[2.089s] gmake[2]: *** [CMakeFiles/dcl_slam_descriptors.dir/build.make:76’╝ÜCMakeFiles/dcl_slam_descriptors.dir/src/scanContextDescriptor.cpp.o] ķöÖĶ»» 1
[2.089s] gmake[2]: *** µŁŻÕ£©ńŁēÕŠģµ£¬Õ«īµłÉńÜäõ╗╗ÕŖĪ....
[2.089s] gmake[2]: *** [CMakeFiles/dcl_slam_descriptors.dir/build.make:104’╝ÜCMakeFiles/dcl_slam_descriptors.dir/src/m2dpDescriptor.cpp.o] ķöÖĶ»» 1
[2.089s] gmake[2]: *** [CMakeFiles/dcl_slam_descriptors.dir/build.make:90’╝ÜCMakeFiles/dcl_slam_descriptors.dir/src/lidarIrisDescriptor.cpp.o] ķöÖĶ»» 1
[2.089s] gmake[1]: *** [CMakeFiles/Makefile2:594’╝ÜCMakeFiles/dcl_slam_descriptors.dir/all] ķöÖĶ»» 2
[2.089s] gmake[1]: *** µŁŻÕ£©ńŁēÕŠģµ£¬Õ«īµłÉńÜäõ╗╗ÕŖĪ....
[2.097s] [ 80%] [32mBuilding C object CMakeFiles/dcl_slam__rosidl_generator_py.dir/rosidl_generator_py/dcl_slam/msg/_global_descriptor_s.c.o[0m
[2.097s] [ 82%] [32mBuilding C object CMakeFiles/dcl_slam__rosidl_generator_py.dir/rosidl_generator_py/dcl_slam/msg/_neighbor_estimate_s.c.o[0m
[2.098s] [ 84%] [32mBuilding C object CMakeFiles/dcl_slam__rosidl_generator_py.dir/rosidl_generator_py/dcl_slam/msg/_loop_info_s.c.o[0m
[2.158s] [ 86%] [32m[1mLinking C shared library rosidl_generator_py/dcl_slam/libdcl_slam__rosidl_generator_py.so[0m
[2.197s] [ 86%] Built target dcl_slam__rosidl_generator_py
[2.198s] gmake: *** [Makefile:146’╝Üall] ķöÖĶ»» 2
[2.202s] Invoked command in '/home/isaac/DCL-SLAM/build/dcl_slam' returned '2': CMAKE_PREFIX_PATH=/opt/ros/humble /usr/bin/cmake --build /home/isaac/DCL-SLAM/build/dcl_slam -- -j32 -l32
