[0.005s] Invoking command in '/home/isaac/DCL-SLAM/build/dcl_slam': CMAKE_PREFIX_PATH=/opt/ros/humble /usr/bin/cmake /home/isaac/DCL-SLAM -DCMAKE_INSTALL_PREFIX=/home/isaac/DCL-SLAM/install/dcl_slam
[0.081s] -- The C compiler identification is GNU 11.4.0
[0.121s] -- The CXX compiler identification is GNU 11.4.0
[0.128s] -- Detecting C compiler ABI info
[0.204s] -- Detecting C compiler ABI info - done
[0.214s] -- Check for working C compiler: /usr/bin/cc - skipped
[0.214s] -- Detecting C compile features
[0.215s] -- Detecting C compile features - done
[0.218s] -- Detecting CXX compiler ABI info
[0.299s] -- Detecting CXX compiler ABI info - done
[0.304s] -- Check for working CXX compiler: /usr/bin/c++ - skipped
[0.304s] -- Detecting CXX compile features
[0.304s] -- Detecting CXX compile features - done
[0.307s] -- Found ament_cmake: 1.3.12 (/opt/ros/humble/share/ament_cmake/cmake)
[0.419s] -- Found Python3: /usr/bin/python3 (found version "3.10.12") found components: Interpreter 
[0.474s] -- Found rosidl_default_generators: 1.2.0 (/opt/ros/humble/share/rosidl_default_generators/cmake)
[0.477s] -- Using all available rosidl_typesupport_c: rosidl_typesupport_fastrtps_c;rosidl_typesupport_introspection_c
[0.481s] -- Found rosidl_adapter: 3.1.7 (/opt/ros/humble/share/rosidl_adapter/cmake)
[0.508s] -- Using all available rosidl_typesupport_cpp: rosidl_typesupport_fastrtps_cpp;rosidl_typesupport_introspection_cpp
[0.528s] -- Found std_msgs: 4.9.0 (/opt/ros/humble/share/std_msgs/cmake)
[0.543s] -- Found sensor_msgs: 4.9.0 (/opt/ros/humble/share/sensor_msgs/cmake)
[0.562s] -- Found nav_msgs: 4.9.0 (/opt/ros/humble/share/nav_msgs/cmake)
[0.660s] [31mCMake Error at /opt/ros/humble/share/rosidl_adapter/cmake/rosidl_adapt_interfaces.cmake:59 (message):
[0.660s]   execute_process(/usr/bin/python3 -m rosidl_adapter --package-name dcl_slam
[0.660s]   --arguments-file
[0.660s]   /home/isaac/DCL-SLAM/build/dcl_slam/rosidl_adapter__arguments__dcl_slam.json
[0.660s]   --output-dir /home/isaac/DCL-SLAM/build/dcl_slam/rosidl_adapter/dcl_slam
[0.660s]   --output-file
[0.660s]   /home/isaac/DCL-SLAM/build/dcl_slam/rosidl_adapter/dcl_slam.idls) returned
[0.660s]   error code 1:
[0.660s] 
[0.660s]   Traceback (most recent call last):
[0.660s] 
[0.660s]     File "/usr/lib/python3.10/runpy.py", line 196, in _run_module_as_main
[0.660s]       return _run_code(code, main_globals, None,
[0.660s]     File "/usr/lib/python3.10/runpy.py", line 86, in _run_code
[0.660s]       exec(code, run_globals)
[0.660s]     File "/opt/ros/humble/local/lib/python3.10/dist-packages/rosidl_adapter/__main__.py", line 19, in <module>
[0.660s]       sys.exit(main())
[0.660s]     File "/opt/ros/humble/local/lib/python3.10/dist-packages/rosidl_adapter/main.py", line 53, in main
[0.660s]       abs_idl_file = convert_to_idl(
[0.660s]     File "/opt/ros/humble/local/lib/python3.10/dist-packages/rosidl_adapter/__init__.py", line 19, in convert_to_idl
[0.660s]       return convert_msg_to_idl(
[0.660s]     File "/opt/ros/humble/local/lib/python3.10/dist-packages/rosidl_adapter/msg/__init__.py", line 28, in convert_msg_to_idl
[0.660s]       msg = parse_message_string(package_name, input_file.stem, content)
[0.660s]     File "/opt/ros/humble/local/lib/python3.10/dist-packages/rosidl_adapter/parser.py", line 544, in parse_message_string
[0.660s]       msg = MessageSpecification(pkg_name, msg_name, fields, constants)
[0.660s]     File "/opt/ros/humble/local/lib/python3.10/dist-packages/rosidl_adapter/parser.py", line 388, in __init__
[0.660s]       self.base_type = BaseType(
[0.660s]     File "/opt/ros/humble/local/lib/python3.10/dist-packages/rosidl_adapter/parser.py", line 205, in __init__
[0.660s]       raise InvalidResourceName(
[0.660s] 
[0.660s]   rosidl_adapter.parser.InvalidResourceName: 'loop_info' is an invalid
[0.660s]   message name.  It should have the pattern '^[A-Z][A-Za-z0-9]*$'
[0.660s] 
[0.660s] Call Stack (most recent call first):
[0.661s]   /opt/ros/humble/share/rosidl_cmake/cmake/rosidl_generate_interfaces.cmake:130 (rosidl_adapt_interfaces)
[0.661s]   CMakeLists.txt:21 (rosidl_generate_interfaces)
[0.661s] 
[0.661s] [0m
[0.661s] -- Configuring incomplete, errors occurred!
[0.661s] See also "/home/isaac/DCL-SLAM/build/dcl_slam/CMakeFiles/CMakeOutput.log".
[0.664s] Invoked command in '/home/isaac/DCL-SLAM/build/dcl_slam' returned '1': CMAKE_PREFIX_PATH=/opt/ros/humble /usr/bin/cmake /home/isaac/DCL-SLAM -DCMAKE_INSTALL_PREFIX=/home/isaac/DCL-SLAM/install/dcl_slam
