[0.007s] Invoking command in '/home/isaac/DCL-SLAM/build/dcl_slam': CMAKE_PREFIX_PATH=/opt/ros/humble /usr/bin/cmake --build /home/isaac/DCL-SLAM/build/dcl_slam -- -j32 -l32
[0.028s] -- Found ament_cmake: 1.3.12 (/opt/ros/humble/share/ament_cmake/cmake)
[0.098s] -- Found rosidl_default_generators: 1.2.0 (/opt/ros/humble/share/rosidl_default_generators/cmake)
[0.099s] -- Using all available rosidl_typesupport_c: rosidl_typesupport_fastrtps_c;rosidl_typesupport_introspection_c
[0.100s] -- Found rosidl_adapter: 3.1.7 (/opt/ros/humble/share/rosidl_adapter/cmake)
[0.113s] -- Using all available rosidl_typesupport_cpp: rosidl_typesupport_fastrtps_cpp;rosidl_typesupport_introspection_cpp
[0.124s] -- Found std_msgs: 4.9.0 (/opt/ros/humble/share/std_msgs/cmake)
[0.134s] -- Found sensor_msgs: 4.9.0 (/opt/ros/humble/share/sensor_msgs/cmake)
[0.147s] -- Found nav_msgs: 4.9.0 (/opt/ros/humble/share/nav_msgs/cmake)
[0.155s] -- Found visualization_msgs: 4.9.0 (/opt/ros/humble/share/visualization_msgs/cmake)
[0.169s] -- Found tf2: 0.25.17 (/opt/ros/humble/share/tf2/cmake)
[0.174s] -- Found tf2_ros: 0.25.17 (/opt/ros/humble/share/tf2_ros/cmake)
[0.200s] -- Found rmw_implementation_cmake: 6.1.2 (/opt/ros/humble/share/rmw_implementation_cmake/cmake)
[0.201s] -- Found rmw_fastrtps_cpp: 6.2.9 (/opt/ros/humble/share/rmw_fastrtps_cpp/cmake)
[0.263s] -- Using RMW implementation 'rmw_fastrtps_cpp' as default
[0.323s] -- Found tf2_geometry_msgs: 0.25.17 (/opt/ros/humble/share/tf2_geometry_msgs/cmake)
[0.334s] -- Found eigen3_cmake_module: 0.1.1 (/opt/ros/humble/share/eigen3_cmake_module/cmake)
[0.335s] -- Found Eigen3: TRUE (found version "3.4.0") 
[0.335s] -- Ensuring Eigen3 include directory is part of orocos-kdl CMake target
[0.337s] -- Found pcl_conversions: 2.4.5 (/opt/ros/humble/share/pcl_conversions/cmake)
[0.373s] -- Eigen found (include: /usr/include/eigen3, version: 3.4.0)
[0.395s] -- FLANN found (include: /usr/include, lib: /usr/lib/x86_64-linux-gnu/libflann_cpp.so)
[0.600s] -- OpenNI found (version: 1.5.4.0, include: /usr/include/ni, lib: /usr/lib/libOpenNI.so;libusb::libusb)
[0.606s] -- OpenNI2 found (version: 2.2.0.33, include: /usr/include/openni2, lib: /usr/lib/x86_64-linux-gnu/libOpenNI2.so;libusb::libusb)
[0.707s] -- Eigen found (include: /usr/include/eigen3, version: 3.4.0)
[0.710s] -- OpenNI found (version: 1.5.4.0, include: /usr/include/ni, lib: /usr/lib/libOpenNI.so;libusb::libusb)
[0.714s] -- OpenNI2 found (version: 2.2.0.33, include: /usr/include/openni2, lib: /usr/lib/x86_64-linux-gnu/libOpenNI2.so;libusb::libusb)
[0.797s] -- Found Qhull version 8.0.2
[0.893s] -- OpenNI found (version: 1.5.4.0, include: /usr/include/ni, lib: /usr/lib/libOpenNI.so;libusb::libusb)
[0.997s] [33mCMake Warning (dev) at CMakeLists.txt:21 (find_package):
[0.997s]   Policy CMP0074 is not set: find_package uses <PackageName>_ROOT variables.
[0.997s]   Run "cmake --help-policy CMP0074" for policy details.  Use the cmake_policy
[0.997s]   command to set the policy and suppress this warning.
[0.997s] 
[0.997s]   CMake variable PCL_ROOT is set to:
[0.997s] 
[0.997s]     /usr
[0.997s] 
[0.997s]   For compatibility, CMake is ignoring the variable.
[0.997s] This warning is for project developers.  Use -Wno-dev to suppress it.
[0.997s] [0m
[1.014s] -- Configuring incomplete, errors occurred!
[1.014s] See also "/home/isaac/DCL-SLAM/build/dcl_slam/CMakeFiles/CMakeOutput.log".
[1.014s] [31mCMake Error at CMakeLists.txt:24 (find_package):
[1.014s]   By not providing "FindGTSAM.cmake" in CMAKE_MODULE_PATH this project has
[1.014s]   asked CMake to find a package configuration file provided by "GTSAM", but
[1.014s]   CMake did not find one.
[1.014s] 
[1.014s]   Could not find a package configuration file provided by "GTSAM" with any of
[1.014s]   the following names:
[1.015s] 
[1.015s]     GTSAMConfig.cmake
[1.015s]     gtsam-config.cmake
[1.015s] 
[1.015s]   Add the installation prefix of "GTSAM" to CMAKE_PREFIX_PATH or set
[1.015s]   "GTSAM_DIR" to a directory containing one of the above files.  If "GTSAM"
[1.015s]   provides a separate development package or SDK, be sure it has been
[1.015s]   installed.
[1.015s] 
[1.015s] [0m
[1.022s] gmake: *** [Makefile:1179：cmake_check_build_system] 错误 1
[1.024s] Invoked command in '/home/isaac/DCL-SLAM/build/dcl_slam' returned '2': CMAKE_PREFIX_PATH=/opt/ros/humble /usr/bin/cmake --build /home/isaac/DCL-SLAM/build/dcl_slam -- -j32 -l32
