-- The C compiler identification is GNU 11.4.0
-- The CXX compiler identification is GNU 11.4.0
-- Detecting C compiler ABI info
-- Detecting C compiler ABI info - done
-- Check for working C compiler: /usr/bin/cc - skipped
-- Detecting C compile features
-- Detecting C compile features - done
-- Detecting CXX compiler ABI info
-- Detecting CXX compiler ABI info - done
-- Check for working CXX compiler: /usr/bin/c++ - skipped
-- Detecting CXX compile features
-- Detecting CXX compile features - done
-- Found ament_cmake: 1.3.12 (/opt/ros/humble/share/ament_cmake/cmake)
-- Found Python3: /usr/bin/python3 (found version "3.10.12") found components: Interpreter 
-- Override CMake install command with custom implementation using symlinks instead of copying resources
-- Configuring done
-- Generating done
-- Build files have been written to: /home/isaac/DCL-SLAM/build/libnabo
[ 20%] [32mBuilding CXX object CMakeFiles/libnabo.dir/nabo/brute_force_cpu.cpp.o[0m
[ 40%] [32mBuilding CXX object CMakeFiles/libnabo.dir/nabo/kdtree_cpu.cpp.o[0m
[ 60%] [32mBuilding CXX object CMakeFiles/libnabo.dir/nabo/kdtree_opencl.cpp.o[0m
[ 80%] [32mBuilding CXX object CMakeFiles/libnabo.dir/nabo/nabo.cpp.o[0m
