-- The C compiler identification is GNU 11.4.0
-- The CXX compiler identification is GNU 11.4.0
-- Detecting C compiler ABI info
-- Detecting C compiler ABI info - done
-- Check for working C compiler: /usr/bin/cc - skipped
-- Detecting C compile features
-- Detecting C compile features - done
-- Detecting CXX compiler ABI info
-- Detecting CXX compiler ABI info - done
-- Check for working CXX compiler: /usr/bin/c++ - skipped
-- Detecting CXX compile features
-- Detecting CXX compile features - done
-- Found ament_cmake: 1.3.12 (/opt/ros/humble/share/ament_cmake/cmake)
-- Found Python3: /usr/bin/python3 (found version "3.10.12") found components: Interpreter 
-- Override CMake install command with custom implementation using symlinks instead of copying resources
-- Configuring done
-- Generating done
-- Build files have been written to: /home/isaac/DCL-SLAM/build/libnabo
[ 20%] [32mBuilding CXX object CMakeFiles/libnabo.dir/nabo/brute_force_cpu.cpp.o[0m
[ 40%] [32mBuilding CXX object CMakeFiles/libnabo.dir/nabo/kdtree_cpu.cpp.o[0m
[ 60%] [32mBuilding CXX object CMakeFiles/libnabo.dir/nabo/kdtree_opencl.cpp.o[0m
[ 80%] [32mBuilding CXX object CMakeFiles/libnabo.dir/nabo/nabo.cpp.o[0m
In file included from [01m[K/home/isaac/DCL-SLAM/src/libnabo/nabo/nabo_private.h:35[m[K,
                 from [01m[K/home/isaac/DCL-SLAM/src/libnabo/nabo/kdtree_cpu.cpp:32[m[K:
[01m[K/home/isaac/DCL-SLAM/src/libnabo/nabo/nabo.h:35:10:[m[K [01;31m[Kfatal error: [m[KEigen/Core: 没有那个文件或目录
   35 | #include [01;31m[K"Eigen/Core"[m[K
      |          [01;31m[K^~~~~~~~~~~~[m[K
compilation terminated.
gmake[2]: *** [CMakeFiles/libnabo.dir/build.make:104：CMakeFiles/libnabo.dir/nabo/kdtree_cpu.cpp.o] 错误 1
gmake[2]: *** 正在等待未完成的任务....
In file included from [01m[K/home/isaac/DCL-SLAM/src/libnabo/nabo/nabo_private.h:35[m[K,
                 from [01m[K/home/isaac/DCL-SLAM/src/libnabo/nabo/brute_force_cpu.cpp:32[m[K:
[01m[K/home/isaac/DCL-SLAM/src/libnabo/nabo/nabo.h:35:10:[m[K [01;31m[Kfatal error: [m[KEigen/Core: 没有那个文件或目录
   35 | #include [01;31m[K"Eigen/Core"[m[K
      |          [01;31m[K^~~~~~~~~~~~[m[K
compilation terminated.
gmake[2]: *** [CMakeFiles/libnabo.dir/build.make:90：CMakeFiles/libnabo.dir/nabo/brute_force_cpu.cpp.o] 错误 1
In file included from [01m[K/home/isaac/DCL-SLAM/src/libnabo/nabo/nabo.cpp:32[m[K:
[01m[K/home/isaac/DCL-SLAM/src/libnabo/nabo/nabo.h:35:10:[m[K [01;31m[Kfatal error: [m[KEigen/Core: 没有那个文件或目录
   35 | #include [01;31m[K"Eigen/Core"[m[K
      |          [01;31m[K^~~~~~~~~~~~[m[K
compilation terminated.
gmake[2]: *** [CMakeFiles/libnabo.dir/build.make:76：CMakeFiles/libnabo.dir/nabo/nabo.cpp.o] 错误 1
gmake[1]: *** [CMakeFiles/Makefile2:137：CMakeFiles/libnabo.dir/all] 错误 2
gmake: *** [Makefile:146：all] 错误 2
