[0.005s] Invoking command in '/home/isaac/DCL-SLAM/build/dcl_slam': CMAKE_PREFIX_PATH=/opt/ros/humble /usr/bin/cmake --build /home/isaac/DCL-SLAM/build/dcl_slam -- -j32 -l32
[0.023s] -- Found ament_cmake: 1.3.12 (/opt/ros/humble/share/ament_cmake/cmake)
[0.106s] -- Found rosidl_default_generators: 1.2.0 (/opt/ros/humble/share/rosidl_default_generators/cmake)
[0.106s] -- Using all available rosidl_typesupport_c: rosidl_typesupport_fastrtps_c;rosidl_typesupport_introspection_c
[0.108s] -- Found rosidl_adapter: 3.1.7 (/opt/ros/humble/share/rosidl_adapter/cmake)
[0.121s] -- Using all available rosidl_typesupport_cpp: rosidl_typesupport_fastrtps_cpp;rosidl_typesupport_introspection_cpp
[0.133s] -- Found std_msgs: 4.9.0 (/opt/ros/humble/share/std_msgs/cmake)
[0.143s] -- Found sensor_msgs: 4.9.0 (/opt/ros/humble/share/sensor_msgs/cmake)
[0.156s] -- Found nav_msgs: 4.9.0 (/opt/ros/humble/share/nav_msgs/cmake)
[0.172s] -- Checking for module 'eigen3'
[0.182s] --   Found eigen3, version 3.4.0
[0.211s] -- Found Eigen: /usr/include/eigen3 (Required is at least version "3.1") 
[0.212s] -- Eigen found (include: /usr/include/eigen3, version: 3.4.0)
[0.240s] -- Found Boost: /usr/lib/x86_64-linux-gnu/cmake/Boost-1.74.0/BoostConfig.cmake (found suitable version "1.74.0", minimum required is "1.65.0") found components: system filesystem date_time iostreams serialization 
[0.255s] -- Checking for module 'flann'
[0.270s] --   Found flann, version 1.9.1
[0.302s] -- Found FLANN: /usr/lib/x86_64-linux-gnu/libflann_cpp.so  
[0.302s] -- FLANN found (include: /usr/include, lib: /usr/lib/x86_64-linux-gnu/libflann_cpp.so)
[0.322s] -- Looking for pthread.h
[0.383s] -- Looking for pthread.h - found
[0.383s] -- Performing Test CMAKE_HAVE_LIBC_PTHREAD
[0.465s] -- Performing Test CMAKE_HAVE_LIBC_PTHREAD - Success
[0.466s] -- Found Threads: TRUE  
[0.469s] -- Found GLEW: /usr/lib/x86_64-linux-gnu/libGLEW.so  
[0.475s] -- Found OpenGL: /usr/lib/x86_64-linux-gnu/libOpenGL.so  found components: OpenGL GLX 
[0.631s] -- Found MPI_C: /usr/lib/x86_64-linux-gnu/libmpi.so (found version "3.1") 
[0.631s] -- Found MPI: TRUE (found version "3.1") found components: C 
[0.634s] -- Found JsonCpp: /usr/lib/x86_64-linux-gnu/libjsoncpp.so (found suitable version "1.9.5", minimum required is "0.7.0") 
[0.644s] -- Found ZLIB: /usr/lib/x86_64-linux-gnu/libz.so (found version "1.2.11") 
[0.653s] -- Found PNG: /usr/lib/x86_64-linux-gnu/libpng.so (found version "1.6.37") 
[0.661s] -- Found Eigen3: /usr/include/eigen3 (found version "3.4.0") 
[0.732s] -- Found X11: /usr/include   
[0.733s] -- Looking for XOpenDisplay in /usr/lib/x86_64-linux-gnu/libX11.so;/usr/lib/x86_64-linux-gnu/libXext.so
[0.804s] -- Looking for XOpenDisplay in /usr/lib/x86_64-linux-gnu/libX11.so;/usr/lib/x86_64-linux-gnu/libXext.so - found
[0.804s] -- Looking for gethostbyname
[0.866s] -- Looking for gethostbyname - found
[0.866s] -- Looking for connect
[0.944s] -- Looking for connect - found
[0.944s] -- Looking for remove
[1.019s] -- Looking for remove - found
[1.019s] -- Looking for shmat
[1.096s] -- Looking for shmat - found
[1.097s] -- Looking for IceConnectionNumber in ICE
[1.180s] -- Looking for IceConnectionNumber in ICE - found
[1.270s] -- Found EXPAT: /usr/lib/x86_64-linux-gnu/libexpat.so (found version "2.4.7") 
[1.273s] -- Found double-conversion: /usr/lib/x86_64-linux-gnu/libdouble-conversion.so  
[1.276s] -- Found LZ4: /usr/lib/x86_64-linux-gnu/liblz4.so (found version "1.9.3") 
[1.279s] -- Found LZMA: /usr/lib/x86_64-linux-gnu/liblzma.so (found version "5.2.5") 
[1.286s] -- Found JPEG: /usr/lib/x86_64-linux-gnu/libjpeg.so (found version "80") 
[1.288s] -- Found TIFF: /usr/lib/x86_64-linux-gnu/libtiff.so (found version "4.3.0")  
[1.290s] -- Found Freetype: /usr/lib/x86_64-linux-gnu/libfreetype.so (found version "2.11.1") 
[1.293s] -- Found utf8cpp: /usr/include/utf8cpp  
[1.376s] -- Checking for module 'libusb-1.0'
[1.392s] --   Found libusb-1.0, version 1.0.25
[1.416s] -- Found libusb: /usr/lib/x86_64-linux-gnu/libusb-1.0.so  
[1.417s] -- Found OpenNI: /usr/lib/libOpenNI.so;libusb::libusb (found version "1.5.4.0") 
[1.417s] -- OpenNI found (version: 1.5.4.0, include: /usr/include/ni, lib: /usr/lib/libOpenNI.so;libusb::libusb)
[1.487s] -- Found OpenNI2: /usr/lib/x86_64-linux-gnu/libOpenNI2.so;libusb::libusb (found version "2.2.0.33") 
[1.487s] -- OpenNI2 found (version: 2.2.0.33, include: /usr/include/openni2, lib: /usr/lib/x86_64-linux-gnu/libOpenNI2.so;libusb::libusb)
[1.487s] [0m** WARNING ** io features related to pcap will be disabled[0m
[1.600s] -- Eigen found (include: /usr/include/eigen3, version: 3.4.0)
[1.608s] -- OpenNI found (version: 1.5.4.0, include: /usr/include/ni, lib: /usr/lib/libOpenNI.so;libusb::libusb)
[1.616s] -- OpenNI2 found (version: 2.2.0.33, include: /usr/include/openni2, lib: /usr/lib/x86_64-linux-gnu/libOpenNI2.so;libusb::libusb)
[1.711s] -- Found Qhull version 8.0.2
[1.829s] -- OpenNI found (version: 1.5.4.0, include: /usr/include/ni, lib: /usr/lib/libOpenNI.so;libusb::libusb)
[1.933s] -- looking for PCL_COMMON
[1.934s] -- Found PCL_COMMON: /usr/lib/x86_64-linux-gnu/libpcl_common.so  
[1.934s] -- looking for PCL_KDTREE
[1.934s] -- Found PCL_KDTREE: /usr/lib/x86_64-linux-gnu/libpcl_kdtree.so  
[1.934s] -- looking for PCL_OCTREE
[1.934s] -- Found PCL_OCTREE: /usr/lib/x86_64-linux-gnu/libpcl_octree.so  
[1.935s] -- looking for PCL_SEARCH
[1.935s] -- Found PCL_SEARCH: /usr/lib/x86_64-linux-gnu/libpcl_search.so  
[1.935s] -- looking for PCL_SAMPLE_CONSENSUS
[1.935s] -- Found PCL_SAMPLE_CONSENSUS: /usr/lib/x86_64-linux-gnu/libpcl_sample_consensus.so  
[1.935s] -- looking for PCL_FILTERS
[1.936s] -- Found PCL_FILTERS: /usr/lib/x86_64-linux-gnu/libpcl_filters.so  
[1.936s] -- looking for PCL_2D
[1.936s] -- Found PCL_2D: /usr/include/pcl-1.12  
[1.936s] -- looking for PCL_GEOMETRY
[1.936s] -- Found PCL_GEOMETRY: /usr/include/pcl-1.12  
[1.936s] -- looking for PCL_IO
[1.936s] -- Found PCL_IO: /usr/lib/x86_64-linux-gnu/libpcl_io.so  
[1.936s] -- looking for PCL_FEATURES
[1.937s] -- Found PCL_FEATURES: /usr/lib/x86_64-linux-gnu/libpcl_features.so  
[1.937s] -- looking for PCL_ML
[1.937s] -- Found PCL_ML: /usr/lib/x86_64-linux-gnu/libpcl_ml.so  
[1.937s] -- looking for PCL_SEGMENTATION
[1.938s] -- Found PCL_SEGMENTATION: /usr/lib/x86_64-linux-gnu/libpcl_segmentation.so  
[1.938s] -- looking for PCL_VISUALIZATION
[1.938s] -- Found PCL_VISUALIZATION: /usr/lib/x86_64-linux-gnu/libpcl_visualization.so  
[1.938s] -- looking for PCL_SURFACE
[1.938s] -- Found PCL_SURFACE: /usr/lib/x86_64-linux-gnu/libpcl_surface.so  
[1.938s] -- looking for PCL_REGISTRATION
[1.939s] -- Found PCL_REGISTRATION: /usr/lib/x86_64-linux-gnu/libpcl_registration.so  
[1.939s] -- looking for PCL_KEYPOINTS
[1.939s] -- Found PCL_KEYPOINTS: /usr/lib/x86_64-linux-gnu/libpcl_keypoints.so  
[1.939s] -- looking for PCL_TRACKING
[1.940s] -- Found PCL_TRACKING: /usr/lib/x86_64-linux-gnu/libpcl_tracking.so  
[1.940s] -- looking for PCL_RECOGNITION
[1.940s] -- Found PCL_RECOGNITION: /usr/lib/x86_64-linux-gnu/libpcl_recognition.so  
[1.940s] -- looking for PCL_STEREO
[1.941s] -- Found PCL_STEREO: /usr/lib/x86_64-linux-gnu/libpcl_stereo.so  
[1.941s] -- looking for PCL_APPS
[1.941s] -- Found PCL_APPS: /usr/lib/x86_64-linux-gnu/libpcl_apps.so  
[1.941s] -- looking for PCL_IN_HAND_SCANNER
[1.941s] -- Found PCL_IN_HAND_SCANNER: /usr/include/pcl-1.12  
[1.941s] -- looking for PCL_MODELER
[1.942s] -- Found PCL_MODELER: /usr/include/pcl-1.12  
[1.942s] -- looking for PCL_POINT_CLOUD_EDITOR
[1.942s] -- Found PCL_POINT_CLOUD_EDITOR: /usr/include/pcl-1.12  
[1.942s] -- looking for PCL_OUTOFCORE
[1.942s] -- Found PCL_OUTOFCORE: /usr/lib/x86_64-linux-gnu/libpcl_outofcore.so  
[1.942s] -- looking for PCL_PEOPLE
[1.943s] -- Found PCL_PEOPLE: /usr/lib/x86_64-linux-gnu/libpcl_people.so  
[1.943s] -- Found PCL: pcl_common;pcl_kdtree;pcl_octree;pcl_search;pcl_sample_consensus;pcl_filters;pcl_io;pcl_features;pcl_ml;pcl_segmentation;pcl_visualization;pcl_surface;pcl_registration;pcl_keypoints;pcl_tracking;pcl_recognition;pcl_stereo;pcl_apps;pcl_outofcore;pcl_people;Boost::system;Boost::filesystem;Boost::date_time;Boost::iostreams;Boost::serialization;/usr/lib/libOpenNI.so;libusb::libusb;/usr/lib/x86_64-linux-gnu/libOpenNI2.so;libusb::libusb;VTK::ChartsCore;VTK::CommonColor;VTK::CommonComputationalGeometry;VTK::CommonCore;VTK::CommonDataModel;VTK::CommonExecutionModel;VTK::CommonMath;VTK::CommonMisc;VTK::CommonTransforms;VTK::FiltersCore;VTK::FiltersExtraction;VTK::FiltersGeneral;VTK::FiltersGeometry;VTK::FiltersModeling;VTK::FiltersSources;VTK::ImagingCore;VTK::ImagingSources;VTK::InteractionImage;VTK::InteractionStyle;VTK::InteractionWidgets;VTK::IOCore;VTK::IOGeometry;VTK::IOImage;VTK::IOLegacy;VTK::IOPLY;VTK::RenderingAnnotation;VTK::RenderingCore;VTK::RenderingContext2D;VTK::RenderingLOD;VTK::RenderingFreeType;VTK::ViewsCore;VTK::ViewsContext2D;VTK::RenderingOpenGL2;VTK::GUISupportQt;FLANN::FLANN;QHULL::QHULL  
[1.949s] -- Found OpenCV: /usr (found version "4.5.4") 
[2.178s] -- Found OpenMP_C: -fopenmp (found version "4.5") 
[2.277s] -- Found OpenMP_CXX: -fopenmp (found version "4.5") 
[2.277s] -- Found OpenMP: TRUE (found version "4.5")  
[2.289s] [31mCMake Error at CMakeLists.txt:17 (find_package):
[2.289s]   By not providing "Findlibnabo.cmake" in CMAKE_MODULE_PATH this project has
[2.289s]   asked CMake to find a package configuration file provided by "libnabo", but
[2.289s]   CMake did not find one.
[2.289s] 
[2.289s]   Could not find a package configuration file provided by "libnabo" with any
[2.289s]   of the following names:
[2.289s] 
[2.289s]     libnaboConfig.cmake
[2.289s]     libnabo-config.cmake
[2.289s] 
[2.289s]   Add the installation prefix of "libnabo" to CMAKE_PREFIX_PATH or set
[2.289s]   "libnabo_DIR" to a directory containing one of the above files.  If
[2.289s]   "libnabo" provides a separate development package or SDK, be sure it has
[2.290s]   been installed.
[2.290s] 
[2.290s] [0m
[2.290s] -- Configuring incomplete, errors occurred!
[2.290s] See also "/home/isaac/DCL-SLAM/build/dcl_slam/CMakeFiles/CMakeOutput.log".
[2.300s] gmake: *** [Makefile:1274：cmake_check_build_system] 错误 1
[2.301s] Invoked command in '/home/isaac/DCL-SLAM/build/dcl_slam' returned '2': CMAKE_PREFIX_PATH=/opt/ros/humble /usr/bin/cmake --build /home/isaac/DCL-SLAM/build/dcl_slam -- -j32 -l32
