-- Found ament_cmake: 1.3.12 (/opt/ros/humble/share/ament_cmake/cmake)
-- Found rosidl_default_generators: 1.2.0 (/opt/ros/humble/share/rosidl_default_generators/cmake)
-- Using all available rosidl_typesupport_c: rosidl_typesupport_fastrtps_c;rosidl_typesupport_introspection_c
-- Found rosidl_adapter: 3.1.7 (/opt/ros/humble/share/rosidl_adapter/cmake)
-- Using all available rosidl_typesupport_cpp: rosidl_typesupport_fastrtps_cpp;rosidl_typesupport_introspection_cpp
-- Found std_msgs: 4.9.0 (/opt/ros/humble/share/std_msgs/cmake)
-- Found sensor_msgs: 4.9.0 (/opt/ros/humble/share/sensor_msgs/cmake)
-- Found nav_msgs: 4.9.0 (/opt/ros/humble/share/nav_msgs/cmake)
-- Found ament_cmake_ros: 0.10.0 (/opt/ros/humble/share/ament_cmake_ros/cmake)
-- Using all available rosidl_typesupport_c: rosidl_typesupport_fastrtps_c;rosidl_typesupport_introspection_c
-- Using all available rosidl_typesupport_cpp: rosidl_typesupport_fastrtps_cpp;rosidl_typesupport_introspection_cpp
-- Found python_cmake_module: 0.10.0 (/opt/ros/humble/share/python_cmake_module/cmake)
-- Using PYTHON_EXECUTABLE: /usr/bin/python3
-- Using PYTHON_INCLUDE_DIRS: /usr/include/python3.10
-- Using PYTHON_LIBRARIES: /usr/lib/x86_64-linux-gnu/libpython3.10.so
-- Configuring done
-- Generating done
-- Build files have been written to: /home/isaac/DCL-SLAM/build/dcl_slam
[35m[1mConsolidate compiler generated dependencies of target dcl_slam__rosidl_generator_c[0m
[  1%] Built target dcl_slam__cpp
[ 11%] Built target dcl_slam__rosidl_generator_c
[ 11%] Built target ament_cmake_python_copy_dcl_slam
[35m[1mConsolidate compiler generated dependencies of target dcl_slam__rosidl_typesupport_c[0m
[35m[1mConsolidate compiler generated dependencies of target dcl_slam__rosidl_typesupport_fastrtps_c[0m
[35m[1mConsolidate compiler generated dependencies of target dcl_slam__rosidl_typesupport_cpp[0m
[35m[1mConsolidate compiler generated dependencies of target dcl_slam__rosidl_typesupport_fastrtps_cpp[0m
[35m[1mConsolidate compiler generated dependencies of target dcl_slam__rosidl_typesupport_introspection_cpp[0m
[35m[1mConsolidate compiler generated dependencies of target dcl_slam__rosidl_typesupport_introspection_c[0m
[ 21%] Built target dcl_slam__rosidl_typesupport_c
[ 31%] Built target dcl_slam__rosidl_typesupport_fastrtps_c
[ 41%] Built target dcl_slam__rosidl_typesupport_introspection_c
[ 50%] Built target dcl_slam__rosidl_typesupport_cpp
[ 60%] Built target dcl_slam__rosidl_typesupport_introspection_cpp
[ 70%] Built target dcl_slam__rosidl_typesupport_fastrtps_cpp
[ 70%] Built target dcl_slam
[ 72%] [32mBuilding CXX object CMakeFiles/dcl_slam_descriptors.dir/src/lidarIrisDescriptor.cpp.o[0m
[ 74%] [32mBuilding CXX object CMakeFiles/dcl_slam_descriptors.dir/src/scanContextDescriptor.cpp.o[0m
[ 76%] Built target dcl_slam__py
[ 78%] [32mBuilding CXX object CMakeFiles/dcl_slam_descriptors.dir/src/m2dpDescriptor.cpp.o[0m
[35m[1mConsolidate compiler generated dependencies of target dcl_slam__rosidl_generator_py[0m
[ 86%] Built target dcl_slam__rosidl_generator_py
running egg_info
writing dcl_slam.egg-info/PKG-INFO
writing dependency_links to dcl_slam.egg-info/dependency_links.txt
writing top-level names to dcl_slam.egg-info/top_level.txt
reading manifest file 'dcl_slam.egg-info/SOURCES.txt'
writing manifest file 'dcl_slam.egg-info/SOURCES.txt'
[ 86%] Built target ament_cmake_python_build_dcl_slam_egg
