[0.006s] Invoking command in '/home/isaac/DCL-SLAM/build/dcl_slam': CMAKE_PREFIX_PATH=/opt/ros/humble /usr/bin/cmake --build /home/isaac/DCL-SLAM/build/dcl_slam -- -j32 -l32
[0.023s] -- Found ament_cmake: 1.3.12 (/opt/ros/humble/share/ament_cmake/cmake)
[0.097s] -- Found rosidl_default_generators: 1.2.0 (/opt/ros/humble/share/rosidl_default_generators/cmake)
[0.098s] -- Using all available rosidl_typesupport_c: rosidl_typesupport_fastrtps_c;rosidl_typesupport_introspection_c
[0.099s] -- Found rosidl_adapter: 3.1.7 (/opt/ros/humble/share/rosidl_adapter/cmake)
[0.113s] -- Using all available rosidl_typesupport_cpp: rosidl_typesupport_fastrtps_cpp;rosidl_typesupport_introspection_cpp
[0.124s] -- Found std_msgs: 4.9.0 (/opt/ros/humble/share/std_msgs/cmake)
[0.134s] -- Found sensor_msgs: 4.9.0 (/opt/ros/humble/share/sensor_msgs/cmake)
[0.147s] -- Found nav_msgs: 4.9.0 (/opt/ros/humble/share/nav_msgs/cmake)
[0.336s] -- Found ament_cmake_ros: 0.10.0 (/opt/ros/humble/share/ament_cmake_ros/cmake)
[0.493s] -- Using all available rosidl_typesupport_c: rosidl_typesupport_fastrtps_c;rosidl_typesupport_introspection_c
[0.722s] -- Using all available rosidl_typesupport_cpp: rosidl_typesupport_fastrtps_cpp;rosidl_typesupport_introspection_cpp
[0.738s] -- Found python_cmake_module: 0.10.0 (/opt/ros/humble/share/python_cmake_module/cmake)
[0.755s] -- Using PYTHON_EXECUTABLE: /usr/bin/python3
[0.755s] -- Using PYTHON_INCLUDE_DIRS: /usr/include/python3.10
[0.755s] -- Using PYTHON_LIBRARIES: /usr/lib/x86_64-linux-gnu/libpython3.10.so
[0.784s] [0mCMake Deprecation Warning at /opt/ros/humble/share/rosidl_cmake/cmake/rosidl_target_interfaces.cmake:32 (message):
[0.784s]   Use rosidl_get_typesupport_target() and target_link_libraries() instead of
[0.784s]   rosidl_target_interfaces()
[0.784s] Call Stack (most recent call first):
[0.784s]   CMakeLists.txt:48 (rosidl_target_interfaces)
[0.784s] 
[0.784s] [0m
[0.786s] -- Configuring done
[0.804s] -- Generating done
[0.810s] -- Build files have been written to: /home/isaac/DCL-SLAM/build/dcl_slam
[0.826s] [35m[1mConsolidate compiler generated dependencies of target dcl_slam__rosidl_generator_c[0m
[0.833s] [  1%] Built target dcl_slam__cpp
[0.834s] [ 11%] Built target dcl_slam__rosidl_generator_c
[0.838s] [ 11%] Built target ament_cmake_python_copy_dcl_slam
[0.840s] [35m[1mConsolidate compiler generated dependencies of target dcl_slam__rosidl_typesupport_c[0m
[0.840s] [35m[1mConsolidate compiler generated dependencies of target dcl_slam__rosidl_typesupport_fastrtps_c[0m
[0.840s] [35m[1mConsolidate compiler generated dependencies of target dcl_slam__rosidl_typesupport_cpp[0m
[0.841s] [35m[1mConsolidate compiler generated dependencies of target dcl_slam__rosidl_typesupport_fastrtps_cpp[0m
[0.841s] [35m[1mConsolidate compiler generated dependencies of target dcl_slam__rosidl_typesupport_introspection_cpp[0m
[0.842s] [35m[1mConsolidate compiler generated dependencies of target dcl_slam__rosidl_typesupport_introspection_c[0m
[0.848s] [ 21%] Built target dcl_slam__rosidl_typesupport_c
[0.849s] [ 31%] Built target dcl_slam__rosidl_typesupport_fastrtps_c
[0.849s] [ 41%] Built target dcl_slam__rosidl_typesupport_introspection_c
[0.849s] [ 50%] Built target dcl_slam__rosidl_typesupport_cpp
[0.851s] [ 60%] Built target dcl_slam__rosidl_typesupport_introspection_cpp
[0.851s] [ 70%] Built target dcl_slam__rosidl_typesupport_fastrtps_cpp
[0.863s] [ 70%] Built target dcl_slam
[0.876s] [ 72%] [32mBuilding CXX object CMakeFiles/dcl_slam_descriptors.dir/src/lidarIrisDescriptor.cpp.o[0m
[0.877s] [ 74%] [32mBuilding CXX object CMakeFiles/dcl_slam_descriptors.dir/src/scanContextDescriptor.cpp.o[0m
[0.877s] [ 76%] Built target dcl_slam__py
[0.877s] [ 78%] [32mBuilding CXX object CMakeFiles/dcl_slam_descriptors.dir/src/m2dpDescriptor.cpp.o[0m
[0.882s] In file included from [01m[K/home/isaac/DCL-SLAM/include/lidarIrisDescriptor.h:1[m[K,
[0.882s]                  from [01m[K/home/isaac/DCL-SLAM/src/lidarIrisDescriptor.cpp:1[m[K:
[0.882s] [01m[K/home/isaac/DCL-SLAM/include/descriptorBasis.h:5:10:[m[K [01;31m[Kfatal error: [m[Knabo/nabo.h: 没有那个文件或目录
[0.882s]     5 | #include [01;31m[K<nabo/nabo.h>[m[K
[0.882s]       |          [01;31m[K^~~~~~~~~~~~~[m[K
[0.882s] compilation terminated.
[0.882s] In file included from [01m[K/home/isaac/DCL-SLAM/include/scanContextDescriptor.h:1[m[K,
[0.882s]                  from [01m[K/home/isaac/DCL-SLAM/src/scanContextDescriptor.cpp:1[m[K:
[0.882s] [01m[K/home/isaac/DCL-SLAM/include/descriptorBasis.h:5:10:[m[K [01;31m[Kfatal error: [m[Knabo/nabo.h: 没有那个文件或目录
[0.882s]     5 | #include [01;31m[K<nabo/nabo.h>[m[K
[0.882s]       |          [01;31m[K^~~~~~~~~~~~~[m[K
[0.883s] compilation terminated.
[0.883s] gmake[2]: *** [CMakeFiles/dcl_slam_descriptors.dir/build.make:90：CMakeFiles/dcl_slam_descriptors.dir/src/lidarIrisDescriptor.cpp.o] 错误 1
[0.883s] gmake[2]: *** 正在等待未完成的任务....
[0.883s] In file included from [01m[K/home/isaac/DCL-SLAM/include/m2dpDescriptor.h:1[m[K,
[0.883s]                  from [01m[K/home/isaac/DCL-SLAM/src/m2dpDescriptor.cpp:1[m[K:
[0.883s] [01m[K/home/isaac/DCL-SLAM/include/descriptorBasis.h:5:10:[m[K [01;31m[Kfatal error: [m[Knabo/nabo.h: 没有那个文件或目录
[0.883s]     5 | #include [01;31m[K<nabo/nabo.h>[m[K
[0.883s]       |          [01;31m[K^~~~~~~~~~~~~[m[K
[0.883s] compilation terminated.
[0.883s] gmake[2]: *** [CMakeFiles/dcl_slam_descriptors.dir/build.make:76：CMakeFiles/dcl_slam_descriptors.dir/src/scanContextDescriptor.cpp.o] 错误 1
[0.883s] gmake[2]: *** [CMakeFiles/dcl_slam_descriptors.dir/build.make:104：CMakeFiles/dcl_slam_descriptors.dir/src/m2dpDescriptor.cpp.o] 错误 1
[0.883s] gmake[1]: *** [CMakeFiles/Makefile2:594：CMakeFiles/dcl_slam_descriptors.dir/all] 错误 2
[0.883s] gmake[1]: *** 正在等待未完成的任务....
[0.884s] [35m[1mConsolidate compiler generated dependencies of target dcl_slam__rosidl_generator_py[0m
[0.891s] [ 86%] Built target dcl_slam__rosidl_generator_py
[0.940s] running egg_info
[0.940s] writing dcl_slam.egg-info/PKG-INFO
[0.940s] writing dependency_links to dcl_slam.egg-info/dependency_links.txt
[0.940s] writing top-level names to dcl_slam.egg-info/top_level.txt
[0.941s] reading manifest file 'dcl_slam.egg-info/SOURCES.txt'
[0.942s] writing manifest file 'dcl_slam.egg-info/SOURCES.txt'
[0.956s] [ 86%] Built target ament_cmake_python_build_dcl_slam_egg
[0.957s] gmake: *** [Makefile:146：all] 错误 2
[0.959s] Invoked command in '/home/isaac/DCL-SLAM/build/dcl_slam' returned '2': CMAKE_PREFIX_PATH=/opt/ros/humble /usr/bin/cmake --build /home/isaac/DCL-SLAM/build/dcl_slam -- -j32 -l32
