[0.006s] Invoking command in '/home/isaac/DCL-SLAM/build/dcl_slam': CMAKE_PREFIX_PATH=/opt/ros/humble /usr/bin/cmake /home/isaac/DCL-SLAM -DAMENT_CMAKE_SYMLINK_INSTALL=1 -DCMAKE_INSTALL_PREFIX=/home/isaac/DCL-SLAM/install/dcl_slam
[0.015s] -- Found ament_cmake: 1.3.12 (/opt/ros/humble/share/ament_cmake/cmake)
[0.099s] -- Override CMake install command with custom implementation using symlinks instead of copying resources
[0.102s] -- Found rosidl_default_generators: 1.2.0 (/opt/ros/humble/share/rosidl_default_generators/cmake)
[0.102s] -- Using all available rosidl_typesupport_c: rosidl_typesupport_fastrtps_c;rosidl_typesupport_introspection_c
[0.104s] -- Found rosidl_adapter: 3.1.7 (/opt/ros/humble/share/rosidl_adapter/cmake)
[0.116s] -- Using all available rosidl_typesupport_cpp: rosidl_typesupport_fastrtps_cpp;rosidl_typesupport_introspection_cpp
[0.127s] -- Found std_msgs: 4.9.0 (/opt/ros/humble/share/std_msgs/cmake)
[0.137s] -- Found sensor_msgs: 4.9.0 (/opt/ros/humble/share/sensor_msgs/cmake)
[0.150s] -- Found nav_msgs: 4.9.0 (/opt/ros/humble/share/nav_msgs/cmake)
[0.157s] -- Found visualization_msgs: 4.9.0 (/opt/ros/humble/share/visualization_msgs/cmake)
[0.165s] -- Found tf2: 0.25.17 (/opt/ros/humble/share/tf2/cmake)
[0.167s] -- Found tf2_ros: 0.25.17 (/opt/ros/humble/share/tf2_ros/cmake)
[0.186s] -- Found rmw_implementation_cmake: 6.1.2 (/opt/ros/humble/share/rmw_implementation_cmake/cmake)
[0.187s] -- Found rmw_fastrtps_cpp: 6.2.9 (/opt/ros/humble/share/rmw_fastrtps_cpp/cmake)
[0.234s] -- Using RMW implementation 'rmw_fastrtps_cpp' as default
[0.276s] -- Found tf2_geometry_msgs: 0.25.17 (/opt/ros/humble/share/tf2_geometry_msgs/cmake)
[0.277s] -- Found eigen3_cmake_module: 0.1.1 (/opt/ros/humble/share/eigen3_cmake_module/cmake)
[0.278s] -- Ensuring Eigen3 include directory is part of orocos-kdl CMake target
[0.279s] -- Found pcl_conversions: 2.4.5 (/opt/ros/humble/share/pcl_conversions/cmake)
[0.295s] -- Eigen found (include: /usr/include/eigen3, version: 3.4.0)
[0.316s] -- FLANN found (include: /usr/include, lib: /usr/lib/x86_64-linux-gnu/libflann_cpp.so)
[0.535s] -- OpenNI found (version: 1.5.4.0, include: /usr/include/ni, lib: /usr/lib/libOpenNI.so;libusb::libusb)
[0.539s] -- OpenNI2 found (version: 2.2.0.33, include: /usr/include/openni2, lib: /usr/lib/x86_64-linux-gnu/libOpenNI2.so;libusb::libusb)
[0.628s] -- Eigen found (include: /usr/include/eigen3, version: 3.4.0)
[0.633s] -- OpenNI found (version: 1.5.4.0, include: /usr/include/ni, lib: /usr/lib/libOpenNI.so;libusb::libusb)
[0.640s] -- OpenNI2 found (version: 2.2.0.33, include: /usr/include/openni2, lib: /usr/lib/x86_64-linux-gnu/libOpenNI2.so;libusb::libusb)
[0.727s] -- Found Qhull version 8.0.2
[0.814s] -- OpenNI found (version: 1.5.4.0, include: /usr/include/ni, lib: /usr/lib/libOpenNI.so;libusb::libusb)
[0.924s] [33mCMake Warning (dev) at CMakeLists.txt:21 (find_package):
[0.924s]   Policy CMP0074 is not set: find_package uses <PackageName>_ROOT variables.
[0.924s]   Run "cmake --help-policy CMP0074" for policy details.  Use the cmake_policy
[0.924s]   command to set the policy and suppress this warning.
[0.924s] 
[0.924s]   CMake variable PCL_ROOT is set to:
[0.924s] 
[0.924s]     /usr
[0.924s] 
[0.924s]   For compatibility, CMake is ignoring the variable.
[0.924s] This warning is for project developers.  Use -Wno-dev to suppress it.
[0.924s] [0m
[0.941s] -- GTSAM include directory:  /opt/ros/humble/lib/cmake/GTSAM/../../../include
[0.945s] [31mCMake Error at CMakeLists.txt:25 (find_package):
[0.945s]   By not providing "Finddistributed_mapper.cmake" in CMAKE_MODULE_PATH this
[0.945s]   project has asked CMake to find a package configuration file provided by
[0.945s]   "distributed_mapper", but CMake did not find one.
[0.945s] 
[0.945s]   Could not find a package configuration file provided by
[0.945s]   "distributed_mapper" with any of the following names:
[0.945s] 
[0.945s]     distributed_mapperConfig.cmake
[0.945s]     distributed_mapper-config.cmake
[0.945s] 
[0.945s]   Add the installation prefix of "distributed_mapper" to CMAKE_PREFIX_PATH or
[0.945s]   set "distributed_mapper_DIR" to a directory containing one of the above
[0.945s]   files.  If "distributed_mapper" provides a separate development package or
[0.945s]   SDK, be sure it has been installed.
[0.945s] 
[0.945s] [0m
[0.945s] -- Configuring incomplete, errors occurred!
[0.945s] See also "/home/isaac/DCL-SLAM/build/dcl_slam/CMakeFiles/CMakeOutput.log".
[0.953s] Invoked command in '/home/isaac/DCL-SLAM/build/dcl_slam' returned '1': CMAKE_PREFIX_PATH=/opt/ros/humble /usr/bin/cmake /home/isaac/DCL-SLAM -DAMENT_CMAKE_SYMLINK_INSTALL=1 -DCMAKE_INSTALL_PREFIX=/home/isaac/DCL-SLAM/install/dcl_slam
