[0.005s] Invoking command in '/home/isaac/DCL-SLAM/build/dcl_slam': CMAKE_PREFIX_PATH=/opt/ros/humble /usr/bin/cmake --build /home/isaac/DCL-SLAM/build/dcl_slam -- -j32 -l32
[0.021s] -- Found ament_cmake: 1.3.12 (/opt/ros/humble/share/ament_cmake/cmake)
[0.099s] -- Found rosidl_default_generators: 1.2.0 (/opt/ros/humble/share/rosidl_default_generators/cmake)
[0.100s] -- Using all available rosidl_typesupport_c: rosidl_typesupport_fastrtps_c;rosidl_typesupport_introspection_c
[0.101s] -- Found rosidl_adapter: 3.1.7 (/opt/ros/humble/share/rosidl_adapter/cmake)
[0.114s] -- Using all available rosidl_typesupport_cpp: rosidl_typesupport_fastrtps_cpp;rosidl_typesupport_introspection_cpp
[0.125s] -- Found std_msgs: 4.9.0 (/opt/ros/humble/share/std_msgs/cmake)
[0.135s] -- Found sensor_msgs: 4.9.0 (/opt/ros/humble/share/sensor_msgs/cmake)
[0.148s] -- Found nav_msgs: 4.9.0 (/opt/ros/humble/share/nav_msgs/cmake)
[0.337s] -- Found ament_cmake_ros: 0.10.0 (/opt/ros/humble/share/ament_cmake_ros/cmake)
[0.491s] -- Using all available rosidl_typesupport_c: rosidl_typesupport_fastrtps_c;rosidl_typesupport_introspection_c
[0.717s] -- Using all available rosidl_typesupport_cpp: rosidl_typesupport_fastrtps_cpp;rosidl_typesupport_introspection_cpp
[0.741s] -- Found python_cmake_module: 0.10.0 (/opt/ros/humble/share/python_cmake_module/cmake)
[0.757s] -- Using PYTHON_EXECUTABLE: /usr/bin/python3
[0.757s] -- Using PYTHON_INCLUDE_DIRS: /usr/include/python3.10
[0.757s] -- Using PYTHON_LIBRARIES: /usr/lib/x86_64-linux-gnu/libpython3.10.so
[0.787s] [0mCMake Deprecation Warning at /opt/ros/humble/share/rosidl_cmake/cmake/rosidl_target_interfaces.cmake:32 (message):
[0.787s]   Use rosidl_get_typesupport_target() and target_link_libraries() instead of
[0.787s]   rosidl_target_interfaces()
[0.787s] Call Stack (most recent call first):
[0.787s]   CMakeLists.txt:47 (rosidl_target_interfaces)
[0.787s] 
[0.787s] [0m
[0.788s] -- Configuring done
[0.806s] -- Generating done
[0.812s] -- Build files have been written to: /home/isaac/DCL-SLAM/build/dcl_slam
[0.829s] [35m[1mConsolidate compiler generated dependencies of target dcl_slam__rosidl_generator_c[0m
[0.836s] [  1%] Built target dcl_slam__cpp
[0.837s] [  3%] [32mBuilding C object CMakeFiles/dcl_slam__rosidl_generator_c.dir/rosidl_generator_c/dcl_slam/msg/detail/global_descriptor__functions.c.o[0m
[0.838s] [  5%] [32mBuilding C object CMakeFiles/dcl_slam__rosidl_generator_c.dir/rosidl_generator_c/dcl_slam/msg/detail/loop_info__functions.c.o[0m
[0.838s] [  5%] Built target ament_cmake_python_copy_dcl_slam
[0.839s] [  7%] [32mBuilding C object CMakeFiles/dcl_slam__rosidl_generator_c.dir/rosidl_generator_c/dcl_slam/msg/detail/neighbor_estimate__functions.c.o[0m
[0.842s] [35m[1mConsolidate compiler generated dependencies of target dcl_slam__rosidl_typesupport_introspection_cpp[0m
[0.844s] [35m[1mConsolidate compiler generated dependencies of target dcl_slam__rosidl_typesupport_cpp[0m
[0.844s] [35m[1mConsolidate compiler generated dependencies of target dcl_slam__rosidl_typesupport_fastrtps_cpp[0m
[0.852s] [  9%] [32mBuilding CXX object CMakeFiles/dcl_slam__rosidl_typesupport_introspection_cpp.dir/rosidl_typesupport_introspection_cpp/dcl_slam/msg/detail/loop_info__type_support.cpp.o[0m
[0.852s] [ 13%] [32mBuilding CXX object CMakeFiles/dcl_slam__rosidl_typesupport_introspection_cpp.dir/rosidl_typesupport_introspection_cpp/dcl_slam/msg/detail/global_descriptor__type_support.cpp.o[0m
[0.852s] [ 13%] [32mBuilding CXX object CMakeFiles/dcl_slam__rosidl_typesupport_introspection_cpp.dir/rosidl_typesupport_introspection_cpp/dcl_slam/msg/detail/neighbor_estimate__type_support.cpp.o[0m
[0.852s] [ 15%] [32mBuilding CXX object CMakeFiles/dcl_slam__rosidl_typesupport_cpp.dir/rosidl_typesupport_cpp/dcl_slam/msg/loop_info__type_support.cpp.o[0m
[0.852s] [ 17%] [32mBuilding CXX object CMakeFiles/dcl_slam__rosidl_typesupport_cpp.dir/rosidl_typesupport_cpp/dcl_slam/msg/global_descriptor__type_support.cpp.o[0m
[0.852s] [ 19%] [32mBuilding CXX object CMakeFiles/dcl_slam__rosidl_typesupport_fastrtps_cpp.dir/rosidl_typesupport_fastrtps_cpp/dcl_slam/msg/detail/dds_fastrtps/loop_info__type_support.cpp.o[0m
[0.853s] [ 21%] [32mBuilding CXX object CMakeFiles/dcl_slam__rosidl_typesupport_fastrtps_cpp.dir/rosidl_typesupport_fastrtps_cpp/dcl_slam/msg/detail/dds_fastrtps/neighbor_estimate__type_support.cpp.o[0m
[0.854s] [ 23%] [32mBuilding CXX object CMakeFiles/dcl_slam__rosidl_typesupport_cpp.dir/rosidl_typesupport_cpp/dcl_slam/msg/neighbor_estimate__type_support.cpp.o[0m
[0.855s] [ 25%] [32mBuilding CXX object CMakeFiles/dcl_slam__rosidl_typesupport_fastrtps_cpp.dir/rosidl_typesupport_fastrtps_cpp/dcl_slam/msg/detail/dds_fastrtps/global_descriptor__type_support.cpp.o[0m
[0.878s] [ 27%] [32m[1mLinking C shared library libdcl_slam__rosidl_generator_c.so[0m
[0.913s] [ 29%] Built target dcl_slam__rosidl_generator_c
[0.922s] [35m[1mConsolidate compiler generated dependencies of target dcl_slam__rosidl_typesupport_introspection_c[0m
[0.923s] [35m[1mConsolidate compiler generated dependencies of target dcl_slam__rosidl_typesupport_c[0m
[0.923s] [35m[1mConsolidate compiler generated dependencies of target dcl_slam__rosidl_typesupport_fastrtps_c[0m
[0.933s] [ 41%] [32mBuilding CXX object CMakeFiles/dcl_slam__rosidl_typesupport_c.dir/rosidl_typesupport_c/dcl_slam/msg/global_descriptor__type_support.cpp.o[0m
[0.934s] [ 41%] [32mBuilding CXX object CMakeFiles/dcl_slam__rosidl_typesupport_c.dir/rosidl_typesupport_c/dcl_slam/msg/neighbor_estimate__type_support.cpp.o[0m
[0.934s] [ 41%] [32mBuilding CXX object CMakeFiles/dcl_slam__rosidl_typesupport_c.dir/rosidl_typesupport_c/dcl_slam/msg/loop_info__type_support.cpp.o[0m
[0.934s] [ 41%] [32mBuilding C object CMakeFiles/dcl_slam__rosidl_typesupport_introspection_c.dir/rosidl_typesupport_introspection_c/dcl_slam/msg/detail/loop_info__type_support.c.o[0m
[0.934s] [ 41%] [32mBuilding C object CMakeFiles/dcl_slam__rosidl_typesupport_introspection_c.dir/rosidl_typesupport_introspection_c/dcl_slam/msg/detail/global_descriptor__type_support.c.o[0m
[0.934s] [ 41%] [32mBuilding C object CMakeFiles/dcl_slam__rosidl_typesupport_introspection_c.dir/rosidl_typesupport_introspection_c/dcl_slam/msg/detail/neighbor_estimate__type_support.c.o[0m
[0.935s] [ 45%] [32mBuilding CXX object CMakeFiles/dcl_slam__rosidl_typesupport_fastrtps_c.dir/rosidl_typesupport_fastrtps_c/dcl_slam/msg/detail/loop_info__type_support_c.cpp.o[0m
[0.936s] [ 45%] [32mBuilding CXX object CMakeFiles/dcl_slam__rosidl_typesupport_fastrtps_c.dir/rosidl_typesupport_fastrtps_c/dcl_slam/msg/detail/global_descriptor__type_support_c.cpp.o[0m
[0.936s] [ 47%] [32mBuilding CXX object CMakeFiles/dcl_slam__rosidl_typesupport_fastrtps_c.dir/rosidl_typesupport_fastrtps_c/dcl_slam/msg/detail/neighbor_estimate__type_support_c.cpp.o[0m
[0.961s] running egg_info
[0.962s] writing dcl_slam.egg-info/PKG-INFO
[0.962s] writing dependency_links to dcl_slam.egg-info/dependency_links.txt
[0.962s] writing top-level names to dcl_slam.egg-info/top_level.txt
[0.962s] [ 49%] [32m[1mLinking CXX shared library libdcl_slam__rosidl_typesupport_c.so[0m
[0.963s] reading manifest file 'dcl_slam.egg-info/SOURCES.txt'
[0.964s] writing manifest file 'dcl_slam.egg-info/SOURCES.txt'
[0.968s] [ 50%] [32m[1mLinking C shared library libdcl_slam__rosidl_typesupport_introspection_c.so[0m
[0.982s] [ 50%] Built target ament_cmake_python_build_dcl_slam_egg
[0.998s] [ 52%] Built target dcl_slam__rosidl_typesupport_introspection_c
[0.998s] [ 54%] Built target dcl_slam__rosidl_typesupport_c
[1.083s] [ 56%] [32m[1mLinking CXX shared library libdcl_slam__rosidl_typesupport_cpp.so[0m
[1.112s] [ 58%] Built target dcl_slam__rosidl_typesupport_cpp
[1.121s] [ 60%] [32m[1mLinking CXX shared library libdcl_slam__rosidl_typesupport_fastrtps_cpp.so[0m
[1.124s] [ 62%] [32m[1mLinking CXX shared library libdcl_slam__rosidl_typesupport_introspection_cpp.so[0m
[1.160s] [ 64%] [32m[1mLinking CXX shared library libdcl_slam__rosidl_typesupport_fastrtps_c.so[0m
[1.167s] [ 66%] Built target dcl_slam__rosidl_typesupport_fastrtps_cpp
[1.168s] [ 68%] Built target dcl_slam__rosidl_typesupport_introspection_cpp
[1.201s] [ 70%] Built target dcl_slam__rosidl_typesupport_fastrtps_c
[1.218s] [ 70%] Built target dcl_slam
[1.247s] [ 74%] [32mBuilding CXX object CMakeFiles/dcl_slam_descriptors.dir/src/lidarIrisDescriptor.cpp.o[0m
[1.247s] [ 74%] [32mBuilding CXX object CMakeFiles/dcl_slam_descriptors.dir/src/m2dpDescriptor.cpp.o[0m
[1.247s] [ 76%] Built target dcl_slam__py
[1.247s] [ 78%] [32mBuilding CXX object CMakeFiles/dcl_slam_descriptors.dir/src/scanContextDescriptor.cpp.o[0m
[1.255s] In file included from [01m[K/home/isaac/DCL-SLAM/include/lidarIrisDescriptor.h:1[m[K,
[1.255s]                  from [01m[K/home/isaac/DCL-SLAM/src/lidarIrisDescriptor.cpp:1[m[K:
[1.255s] [01m[K/home/isaac/DCL-SLAM/include/descriptorBasis.h:5:10:[m[K [01;31m[Kfatal error: [m[Knabo/nabo.h: 没有那个文件或目录
[1.255s]     5 | #include [01;31m[K<nabo/nabo.h>[m[K
[1.255s]       |          [01;31m[K^~~~~~~~~~~~~[m[K
[1.255s] compilation terminated.
[1.256s] gmake[2]: *** [CMakeFiles/dcl_slam_descriptors.dir/build.make:90：CMakeFiles/dcl_slam_descriptors.dir/src/lidarIrisDescriptor.cpp.o] 错误 1
[1.256s] gmake[2]: *** 正在等待未完成的任务....
[1.257s] In file included from [01m[K/home/isaac/DCL-SLAM/include/m2dpDescriptor.h:1[m[K,
[1.257s]                  from [01m[K/home/isaac/DCL-SLAM/src/m2dpDescriptor.cpp:1[m[K:
[1.257s] [01m[K/home/isaac/DCL-SLAM/include/descriptorBasis.h:5:10:[m[K [01;31m[Kfatal error: [m[Knabo/nabo.h: 没有那个文件或目录
[1.257s]     5 | #include [01;31m[K<nabo/nabo.h>[m[K
[1.257s]       |          [01;31m[K^~~~~~~~~~~~~[m[K
[1.257s] compilation terminated.
[1.257s] In file included from [01m[K/home/isaac/DCL-SLAM/include/scanContextDescriptor.h:1[m[K,
[1.257s]                  from [01m[K/home/isaac/DCL-SLAM/src/scanContextDescriptor.cpp:1[m[K:
[1.257s] [01m[K/home/isaac/DCL-SLAM/include/descriptorBasis.h:5:10:[m[K [01;31m[Kfatal error: [m[Knabo/nabo.h: 没有那个文件或目录
[1.257s]     5 | #include [01;31m[K<nabo/nabo.h>[m[K
[1.257s]       |          [01;31m[K^~~~~~~~~~~~~[m[K
[1.257s] compilation terminated.
[1.258s] gmake[2]: *** [CMakeFiles/dcl_slam_descriptors.dir/build.make:104：CMakeFiles/dcl_slam_descriptors.dir/src/m2dpDescriptor.cpp.o] 错误 1
[1.258s] gmake[2]: *** [CMakeFiles/dcl_slam_descriptors.dir/build.make:76：CMakeFiles/dcl_slam_descriptors.dir/src/scanContextDescriptor.cpp.o] 错误 1
[1.258s] gmake[1]: *** [CMakeFiles/Makefile2:594：CMakeFiles/dcl_slam_descriptors.dir/all] 错误 2
[1.258s] gmake[1]: *** 正在等待未完成的任务....
[1.262s] [35m[1mConsolidate compiler generated dependencies of target dcl_slam__rosidl_generator_py[0m
[1.278s] [ 80%] [32mBuilding C object CMakeFiles/dcl_slam__rosidl_generator_py.dir/rosidl_generator_py/dcl_slam/msg/_loop_info_s.c.o[0m
[1.280s] [ 82%] [32mBuilding C object CMakeFiles/dcl_slam__rosidl_generator_py.dir/rosidl_generator_py/dcl_slam/msg/_global_descriptor_s.c.o[0m
[1.280s] [ 84%] [32mBuilding C object CMakeFiles/dcl_slam__rosidl_generator_py.dir/rosidl_generator_py/dcl_slam/msg/_neighbor_estimate_s.c.o[0m
[1.347s] [ 86%] [32m[1mLinking C shared library rosidl_generator_py/dcl_slam/libdcl_slam__rosidl_generator_py.so[0m
[1.385s] [ 86%] Built target dcl_slam__rosidl_generator_py
[1.386s] gmake: *** [Makefile:146：all] 错误 2
[1.389s] Invoked command in '/home/isaac/DCL-SLAM/build/dcl_slam' returned '2': CMAKE_PREFIX_PATH=/opt/ros/humble /usr/bin/cmake --build /home/isaac/DCL-SLAM/build/dcl_slam -- -j32 -l32
