-- Found ament_cmake: 1.3.12 (/opt/ros/humble/share/ament_cmake/cmake)
-- Override CMake install command with custom implementation using symlinks instead of copying resources
-- Found rosidl_default_generators: 1.2.0 (/opt/ros/humble/share/rosidl_default_generators/cmake)
-- Using all available rosidl_typesupport_c: rosidl_typesupport_fastrtps_c;rosidl_typesupport_introspection_c
-- Found rosidl_adapter: 3.1.7 (/opt/ros/humble/share/rosidl_adapter/cmake)
-- Using all available rosidl_typesupport_cpp: rosidl_typesupport_fastrtps_cpp;rosidl_typesupport_introspection_cpp
-- Found std_msgs: 4.9.0 (/opt/ros/humble/share/std_msgs/cmake)
-- Found sensor_msgs: 4.9.0 (/opt/ros/humble/share/sensor_msgs/cmake)
-- Found nav_msgs: 4.9.0 (/opt/ros/humble/share/nav_msgs/cmake)
-- Found visualization_msgs: 4.9.0 (/opt/ros/humble/share/visualization_msgs/cmake)
-- Found tf2: 0.25.17 (/opt/ros/humble/share/tf2/cmake)
-- Found tf2_ros: 0.25.17 (/opt/ros/humble/share/tf2_ros/cmake)
-- Found rmw_implementation_cmake: 6.1.2 (/opt/ros/humble/share/rmw_implementation_cmake/cmake)
-- Found rmw_fastrtps_cpp: 6.2.9 (/opt/ros/humble/share/rmw_fastrtps_cpp/cmake)
-- Using RMW implementation 'rmw_fastrtps_cpp' as default
-- Found tf2_geometry_msgs: 0.25.17 (/opt/ros/humble/share/tf2_geometry_msgs/cmake)
-- Found eigen3_cmake_module: 0.1.1 (/opt/ros/humble/share/eigen3_cmake_module/cmake)
-- Ensuring Eigen3 include directory is part of orocos-kdl CMake target
-- Found pcl_conversions: 2.4.5 (/opt/ros/humble/share/pcl_conversions/cmake)
-- Eigen found (include: /usr/include/eigen3, version: 3.4.0)
-- FLANN found (include: /usr/include, lib: /usr/lib/x86_64-linux-gnu/libflann_cpp.so)
-- OpenNI found (version: 1.5.4.0, include: /usr/include/ni, lib: /usr/lib/libOpenNI.so;libusb::libusb)
-- OpenNI2 found (version: 2.2.0.33, include: /usr/include/openni2, lib: /usr/lib/x86_64-linux-gnu/libOpenNI2.so;libusb::libusb)
-- Eigen found (include: /usr/include/eigen3, version: 3.4.0)
-- OpenNI found (version: 1.5.4.0, include: /usr/include/ni, lib: /usr/lib/libOpenNI.so;libusb::libusb)
-- OpenNI2 found (version: 2.2.0.33, include: /usr/include/openni2, lib: /usr/lib/x86_64-linux-gnu/libOpenNI2.so;libusb::libusb)
-- Found Qhull version 8.0.2
-- OpenNI found (version: 1.5.4.0, include: /usr/include/ni, lib: /usr/lib/libOpenNI.so;libusb::libusb)
[33mCMake Warning (dev) at CMakeLists.txt:21 (find_package):
  Policy CMP0074 is not set: find_package uses <PackageName>_ROOT variables.
  Run "cmake --help-policy CMP0074" for policy details.  Use the cmake_policy
  command to set the policy and suppress this warning.

  CMake variable PCL_ROOT is set to:

    /usr

  For compatibility, CMake is ignoring the variable.
This warning is for project developers.  Use -Wno-dev to suppress it.
[0m
-- GTSAM include directory:  /opt/ros/humble/lib/cmake/GTSAM/../../../include
-- Found distributed_mapper: 1.0.0 (/home/isaac/DCL-SLAM/install/distributed_mapper/share/distributed_mapper/cmake)
-- Found ament_cmake_ros: 0.10.0 (/opt/ros/humble/share/ament_cmake_ros/cmake)
-- Using all available rosidl_typesupport_c: rosidl_typesupport_fastrtps_c;rosidl_typesupport_introspection_c
-- Using all available rosidl_typesupport_cpp: rosidl_typesupport_fastrtps_cpp;rosidl_typesupport_introspection_cpp
-- Found python_cmake_module: 0.10.0 (/opt/ros/humble/share/python_cmake_module/cmake)
-- Using PYTHON_EXECUTABLE: /usr/bin/python3
-- Using PYTHON_INCLUDE_DIRS: /usr/include/python3.10
-- Using PYTHON_LIBRARIES: /usr/lib/x86_64-linux-gnu/libpython3.10.so
[0mCMake Deprecation Warning at /opt/ros/humble/share/rosidl_cmake/cmake/rosidl_target_interfaces.cmake:32 (message):
  Use rosidl_get_typesupport_target() and target_link_libraries() instead of
  rosidl_target_interfaces()
Call Stack (most recent call first):
  CMakeLists.txt:63 (rosidl_target_interfaces)

[0m
[0mCMake Deprecation Warning at /opt/ros/humble/share/rosidl_cmake/cmake/rosidl_target_interfaces.cmake:32 (message):
  Use rosidl_get_typesupport_target() and target_link_libraries() instead of
  rosidl_target_interfaces()
Call Stack (most recent call first):
  CMakeLists.txt:74 (rosidl_target_interfaces)

[0m
[0mCMake Deprecation Warning at /opt/ros/humble/share/rosidl_cmake/cmake/rosidl_target_interfaces.cmake:32 (message):
  Use rosidl_get_typesupport_target() and target_link_libraries() instead of
  rosidl_target_interfaces()
Call Stack (most recent call first):
  CMakeLists.txt:97 (rosidl_target_interfaces)

[0m
-- Configuring done
-- Generating done
-- Build files have been written to: /home/isaac/DCL-SLAM/build/dcl_slam
[35m[1mConsolidate compiler generated dependencies of target dcl_slam__rosidl_generator_c[0m
[  1%] Built target dcl_slam__cpp
failed to create symbolic link '/home/isaac/DCL-SLAM/build/dcl_slam/ament_cmake_python/dcl_slam/dcl_slam' because existing path cannot be removed: Is a directory
[  3%] [32mBuilding C object CMakeFiles/dcl_slam__rosidl_generator_c.dir/rosidl_generator_c/dcl_slam/msg/detail/global_descriptor__functions.c.o[0m
gmake[2]: *** [CMakeFiles/ament_cmake_python_symlink_dcl_slam.dir/build.make:70：CMakeFiles/ament_cmake_python_symlink_dcl_slam] 错误 1
gmake[1]: *** [CMakeFiles/Makefile2:427：CMakeFiles/ament_cmake_python_symlink_dcl_slam.dir/all] 错误 2
gmake[1]: *** 正在等待未完成的任务....
[  5%] [32mBuilding C object CMakeFiles/dcl_slam__rosidl_generator_c.dir/rosidl_generator_c/dcl_slam/msg/detail/loop_info__functions.c.o[0m
[  6%] [32mBuilding C object CMakeFiles/dcl_slam__rosidl_generator_c.dir/rosidl_generator_c/dcl_slam/msg/detail/neighbor_estimate__functions.c.o[0m
[35m[1mConsolidate compiler generated dependencies of target dcl_slam__rosidl_typesupport_introspection_cpp[0m
[35m[1mConsolidate compiler generated dependencies of target dcl_slam__rosidl_typesupport_cpp[0m
[35m[1mConsolidate compiler generated dependencies of target dcl_slam__rosidl_typesupport_fastrtps_cpp[0m
[  8%] [32mBuilding CXX object CMakeFiles/dcl_slam__rosidl_typesupport_introspection_cpp.dir/rosidl_typesupport_introspection_cpp/dcl_slam/msg/detail/loop_info__type_support.cpp.o[0m
[ 10%] [32mBuilding CXX object CMakeFiles/dcl_slam__rosidl_typesupport_introspection_cpp.dir/rosidl_typesupport_introspection_cpp/dcl_slam/msg/detail/global_descriptor__type_support.cpp.o[0m
[ 12%] [32mBuilding CXX object CMakeFiles/dcl_slam__rosidl_typesupport_cpp.dir/rosidl_typesupport_cpp/dcl_slam/msg/neighbor_estimate__type_support.cpp.o[0m
[ 13%] [32mBuilding CXX object CMakeFiles/dcl_slam__rosidl_typesupport_cpp.dir/rosidl_typesupport_cpp/dcl_slam/msg/global_descriptor__type_support.cpp.o[0m
[ 15%] [32mBuilding CXX object CMakeFiles/dcl_slam__rosidl_typesupport_cpp.dir/rosidl_typesupport_cpp/dcl_slam/msg/loop_info__type_support.cpp.o[0m
[ 17%] [32mBuilding CXX object CMakeFiles/dcl_slam__rosidl_typesupport_introspection_cpp.dir/rosidl_typesupport_introspection_cpp/dcl_slam/msg/detail/neighbor_estimate__type_support.cpp.o[0m
[ 18%] [32mBuilding CXX object CMakeFiles/dcl_slam__rosidl_typesupport_fastrtps_cpp.dir/rosidl_typesupport_fastrtps_cpp/dcl_slam/msg/detail/dds_fastrtps/loop_info__type_support.cpp.o[0m
[ 20%] [32mBuilding CXX object CMakeFiles/dcl_slam__rosidl_typesupport_fastrtps_cpp.dir/rosidl_typesupport_fastrtps_cpp/dcl_slam/msg/detail/dds_fastrtps/global_descriptor__type_support.cpp.o[0m
[ 22%] [32mBuilding CXX object CMakeFiles/dcl_slam__rosidl_typesupport_fastrtps_cpp.dir/rosidl_typesupport_fastrtps_cpp/dcl_slam/msg/detail/dds_fastrtps/neighbor_estimate__type_support.cpp.o[0m
[ 24%] [32m[1mLinking C shared library libdcl_slam__rosidl_generator_c.so[0m
[ 25%] Built target dcl_slam__rosidl_generator_c
[ 27%] [32m[1mLinking CXX shared library libdcl_slam__rosidl_typesupport_cpp.so[0m
[ 29%] [32m[1mLinking CXX shared library libdcl_slam__rosidl_typesupport_introspection_cpp.so[0m
[ 31%] Built target dcl_slam__rosidl_typesupport_cpp
[ 32%] [32m[1mLinking CXX shared library libdcl_slam__rosidl_typesupport_fastrtps_cpp.so[0m
[ 34%] Built target dcl_slam__rosidl_typesupport_introspection_cpp
[ 36%] Built target dcl_slam__rosidl_typesupport_fastrtps_cpp
gmake: *** [Makefile:146：all] 错误 2
