[0.006s] Invoking command in '/home/isaac/DCL-SLAM/build/dcl_slam': CMAKE_PREFIX_PATH=/opt/ros/humble /usr/bin/cmake /home/isaac/DCL-SLAM -DAMENT_CMAKE_SYMLINK_INSTALL=1 -DCMAKE_INSTALL_PREFIX=/home/isaac/DCL-SLAM/install/dcl_slam
[0.016s] -- Found ament_cmake: 1.3.12 (/opt/ros/humble/share/ament_cmake/cmake)
[0.101s] -- Override CMake install command with custom implementation using symlinks instead of copying resources
[0.104s] -- Found rosidl_default_generators: 1.2.0 (/opt/ros/humble/share/rosidl_default_generators/cmake)
[0.105s] -- Using all available rosidl_typesupport_c: rosidl_typesupport_fastrtps_c;rosidl_typesupport_introspection_c
[0.106s] -- Found rosidl_adapter: 3.1.7 (/opt/ros/humble/share/rosidl_adapter/cmake)
[0.119s] -- Using all available rosidl_typesupport_cpp: rosidl_typesupport_fastrtps_cpp;rosidl_typesupport_introspection_cpp
[0.130s] -- Found std_msgs: 4.9.0 (/opt/ros/humble/share/std_msgs/cmake)
[0.140s] -- Found sensor_msgs: 4.9.0 (/opt/ros/humble/share/sensor_msgs/cmake)
[0.153s] -- Found nav_msgs: 4.9.0 (/opt/ros/humble/share/nav_msgs/cmake)
[0.160s] -- Found visualization_msgs: 4.9.0 (/opt/ros/humble/share/visualization_msgs/cmake)
[0.168s] -- Found tf2: 0.25.17 (/opt/ros/humble/share/tf2/cmake)
[0.170s] -- Found tf2_ros: 0.25.17 (/opt/ros/humble/share/tf2_ros/cmake)
[0.191s] -- Found rmw_implementation_cmake: 6.1.2 (/opt/ros/humble/share/rmw_implementation_cmake/cmake)
[0.192s] -- Found rmw_fastrtps_cpp: 6.2.9 (/opt/ros/humble/share/rmw_fastrtps_cpp/cmake)
[0.252s] -- Using RMW implementation 'rmw_fastrtps_cpp' as default
[0.297s] -- Found tf2_geometry_msgs: 0.25.17 (/opt/ros/humble/share/tf2_geometry_msgs/cmake)
[0.298s] -- Found eigen3_cmake_module: 0.1.1 (/opt/ros/humble/share/eigen3_cmake_module/cmake)
[0.299s] -- Ensuring Eigen3 include directory is part of orocos-kdl CMake target
[0.300s] -- Found pcl_conversions: 2.4.5 (/opt/ros/humble/share/pcl_conversions/cmake)
[0.316s] -- Eigen found (include: /usr/include/eigen3, version: 3.4.0)
[0.331s] -- FLANN found (include: /usr/include, lib: /usr/lib/x86_64-linux-gnu/libflann_cpp.so)
[0.518s] -- OpenNI found (version: 1.5.4.0, include: /usr/include/ni, lib: /usr/lib/libOpenNI.so;libusb::libusb)
[0.522s] -- OpenNI2 found (version: 2.2.0.33, include: /usr/include/openni2, lib: /usr/lib/x86_64-linux-gnu/libOpenNI2.so;libusb::libusb)
[0.625s] -- Eigen found (include: /usr/include/eigen3, version: 3.4.0)
[0.629s] -- OpenNI found (version: 1.5.4.0, include: /usr/include/ni, lib: /usr/lib/libOpenNI.so;libusb::libusb)
[0.633s] -- OpenNI2 found (version: 2.2.0.33, include: /usr/include/openni2, lib: /usr/lib/x86_64-linux-gnu/libOpenNI2.so;libusb::libusb)
[0.721s] -- Found Qhull version 8.0.2
[0.810s] -- OpenNI found (version: 1.5.4.0, include: /usr/include/ni, lib: /usr/lib/libOpenNI.so;libusb::libusb)
[0.910s] [33mCMake Warning (dev) at CMakeLists.txt:21 (find_package):
[0.911s]   Policy CMP0074 is not set: find_package uses <PackageName>_ROOT variables.
[0.911s]   Run "cmake --help-policy CMP0074" for policy details.  Use the cmake_policy
[0.911s]   command to set the policy and suppress this warning.
[0.911s] 
[0.911s]   CMake variable PCL_ROOT is set to:
[0.911s] 
[0.911s]     /usr
[0.911s] 
[0.911s]   For compatibility, CMake is ignoring the variable.
[0.911s] This warning is for project developers.  Use -Wno-dev to suppress it.
[0.911s] [0m
[0.927s] -- GTSAM include directory:  /opt/ros/humble/lib/cmake/GTSAM/../../../include
[0.927s] -- Found distributed_mapper: 1.0.0 (/home/isaac/DCL-SLAM/install/distributed_mapper/share/distributed_mapper/cmake)
[1.099s] -- Found ament_cmake_ros: 0.10.0 (/opt/ros/humble/share/ament_cmake_ros/cmake)
[1.276s] -- Using all available rosidl_typesupport_c: rosidl_typesupport_fastrtps_c;rosidl_typesupport_introspection_c
[1.481s] -- Using all available rosidl_typesupport_cpp: rosidl_typesupport_fastrtps_cpp;rosidl_typesupport_introspection_cpp
[1.504s] -- Found python_cmake_module: 0.10.0 (/opt/ros/humble/share/python_cmake_module/cmake)
[1.527s] -- Using PYTHON_EXECUTABLE: /usr/bin/python3
[1.527s] -- Using PYTHON_INCLUDE_DIRS: /usr/include/python3.10
[1.527s] -- Using PYTHON_LIBRARIES: /usr/lib/x86_64-linux-gnu/libpython3.10.so
[1.557s] [0mCMake Deprecation Warning at /opt/ros/humble/share/rosidl_cmake/cmake/rosidl_target_interfaces.cmake:32 (message):
[1.557s]   Use rosidl_get_typesupport_target() and target_link_libraries() instead of
[1.557s]   rosidl_target_interfaces()
[1.557s] Call Stack (most recent call first):
[1.557s]   CMakeLists.txt:63 (rosidl_target_interfaces)
[1.557s] 
[1.557s] [0m
[1.557s] [0mCMake Deprecation Warning at /opt/ros/humble/share/rosidl_cmake/cmake/rosidl_target_interfaces.cmake:32 (message):
[1.557s]   Use rosidl_get_typesupport_target() and target_link_libraries() instead of
[1.557s]   rosidl_target_interfaces()
[1.557s] Call Stack (most recent call first):
[1.557s]   CMakeLists.txt:74 (rosidl_target_interfaces)
[1.558s] 
[1.558s] [0m
[1.558s] [0mCMake Deprecation Warning at /opt/ros/humble/share/rosidl_cmake/cmake/rosidl_target_interfaces.cmake:32 (message):
[1.558s]   Use rosidl_get_typesupport_target() and target_link_libraries() instead of
[1.558s]   rosidl_target_interfaces()
[1.558s] Call Stack (most recent call first):
[1.558s]   CMakeLists.txt:97 (rosidl_target_interfaces)
[1.558s] 
[1.558s] [0m
[1.561s] -- Configuring done
[1.620s] -- Generating done
[1.636s] -- Build files have been written to: /home/isaac/DCL-SLAM/build/dcl_slam
[1.645s] Invoked command in '/home/isaac/DCL-SLAM/build/dcl_slam' returned '0': CMAKE_PREFIX_PATH=/opt/ros/humble /usr/bin/cmake /home/isaac/DCL-SLAM -DAMENT_CMAKE_SYMLINK_INSTALL=1 -DCMAKE_INSTALL_PREFIX=/home/isaac/DCL-SLAM/install/dcl_slam
[1.646s] Invoking command in '/home/isaac/DCL-SLAM/build/dcl_slam': CMAKE_PREFIX_PATH=/opt/ros/humble /usr/bin/cmake --build /home/isaac/DCL-SLAM/build/dcl_slam -- -j32 -l32
[1.680s] [35m[1mConsolidate compiler generated dependencies of target dcl_slam__rosidl_generator_c[0m
[1.687s] [  1%] Built target dcl_slam__cpp
[1.689s] failed to create symbolic link '/home/isaac/DCL-SLAM/build/dcl_slam/ament_cmake_python/dcl_slam/dcl_slam' because existing path cannot be removed: Is a directory
[1.690s] [  3%] [32mBuilding C object CMakeFiles/dcl_slam__rosidl_generator_c.dir/rosidl_generator_c/dcl_slam/msg/detail/global_descriptor__functions.c.o[0m
[1.690s] gmake[2]: *** [CMakeFiles/ament_cmake_python_symlink_dcl_slam.dir/build.make:70：CMakeFiles/ament_cmake_python_symlink_dcl_slam] 错误 1
[1.690s] gmake[1]: *** [CMakeFiles/Makefile2:427：CMakeFiles/ament_cmake_python_symlink_dcl_slam.dir/all] 错误 2
[1.690s] gmake[1]: *** 正在等待未完成的任务....
[1.691s] [  5%] [32mBuilding C object CMakeFiles/dcl_slam__rosidl_generator_c.dir/rosidl_generator_c/dcl_slam/msg/detail/loop_info__functions.c.o[0m
[1.691s] [  6%] [32mBuilding C object CMakeFiles/dcl_slam__rosidl_generator_c.dir/rosidl_generator_c/dcl_slam/msg/detail/neighbor_estimate__functions.c.o[0m
[1.695s] [35m[1mConsolidate compiler generated dependencies of target dcl_slam__rosidl_typesupport_introspection_cpp[0m
[1.696s] [35m[1mConsolidate compiler generated dependencies of target dcl_slam__rosidl_typesupport_cpp[0m
[1.696s] [35m[1mConsolidate compiler generated dependencies of target dcl_slam__rosidl_typesupport_fastrtps_cpp[0m
[1.703s] [  8%] [32mBuilding CXX object CMakeFiles/dcl_slam__rosidl_typesupport_introspection_cpp.dir/rosidl_typesupport_introspection_cpp/dcl_slam/msg/detail/loop_info__type_support.cpp.o[0m
[1.703s] [ 10%] [32mBuilding CXX object CMakeFiles/dcl_slam__rosidl_typesupport_introspection_cpp.dir/rosidl_typesupport_introspection_cpp/dcl_slam/msg/detail/global_descriptor__type_support.cpp.o[0m
[1.704s] [ 12%] [32mBuilding CXX object CMakeFiles/dcl_slam__rosidl_typesupport_cpp.dir/rosidl_typesupport_cpp/dcl_slam/msg/neighbor_estimate__type_support.cpp.o[0m
[1.705s] [ 13%] [32mBuilding CXX object CMakeFiles/dcl_slam__rosidl_typesupport_cpp.dir/rosidl_typesupport_cpp/dcl_slam/msg/global_descriptor__type_support.cpp.o[0m
[1.705s] [ 15%] [32mBuilding CXX object CMakeFiles/dcl_slam__rosidl_typesupport_cpp.dir/rosidl_typesupport_cpp/dcl_slam/msg/loop_info__type_support.cpp.o[0m
[1.706s] [ 17%] [32mBuilding CXX object CMakeFiles/dcl_slam__rosidl_typesupport_introspection_cpp.dir/rosidl_typesupport_introspection_cpp/dcl_slam/msg/detail/neighbor_estimate__type_support.cpp.o[0m
[1.706s] [ 18%] [32mBuilding CXX object CMakeFiles/dcl_slam__rosidl_typesupport_fastrtps_cpp.dir/rosidl_typesupport_fastrtps_cpp/dcl_slam/msg/detail/dds_fastrtps/loop_info__type_support.cpp.o[0m
[1.706s] [ 20%] [32mBuilding CXX object CMakeFiles/dcl_slam__rosidl_typesupport_fastrtps_cpp.dir/rosidl_typesupport_fastrtps_cpp/dcl_slam/msg/detail/dds_fastrtps/global_descriptor__type_support.cpp.o[0m
[1.706s] [ 22%] [32mBuilding CXX object CMakeFiles/dcl_slam__rosidl_typesupport_fastrtps_cpp.dir/rosidl_typesupport_fastrtps_cpp/dcl_slam/msg/detail/dds_fastrtps/neighbor_estimate__type_support.cpp.o[0m
[1.733s] [ 24%] [32m[1mLinking C shared library libdcl_slam__rosidl_generator_c.so[0m
[1.766s] [ 25%] Built target dcl_slam__rosidl_generator_c
[1.905s] [ 27%] [32m[1mLinking CXX shared library libdcl_slam__rosidl_typesupport_cpp.so[0m
[1.921s] [ 29%] [32m[1mLinking CXX shared library libdcl_slam__rosidl_typesupport_introspection_cpp.so[0m
[1.930s] [ 31%] Built target dcl_slam__rosidl_typesupport_cpp
[1.940s] [ 32%] [32m[1mLinking CXX shared library libdcl_slam__rosidl_typesupport_fastrtps_cpp.so[0m
[1.964s] [ 34%] Built target dcl_slam__rosidl_typesupport_introspection_cpp
[1.980s] [ 36%] Built target dcl_slam__rosidl_typesupport_fastrtps_cpp
[1.981s] gmake: *** [Makefile:146：all] 错误 2
[1.983s] Invoked command in '/home/isaac/DCL-SLAM/build/dcl_slam' returned '2': CMAKE_PREFIX_PATH=/opt/ros/humble /usr/bin/cmake --build /home/isaac/DCL-SLAM/build/dcl_slam -- -j32 -l32
