[0.005s] Invoking command in '/home/isaac/DCL-SLAM/build/dcl_slam': /usr/bin/cmake /home/isaac/DCL-SLAM -DCMAKE_INSTALL_PREFIX=/home/isaac/DCL-SLAM/install/dcl_slam
[0.014s] -- Found ament_cmake: 1.3.12 (/opt/ros/humble/share/ament_cmake/cmake)
[0.088s] Traceback (most recent call last):
[0.088s]   File "/opt/ros/humble/share/ament_cmake_core/cmake/package_templates/templates_2_cmake.py", line 21, in <module>
[0.088s]     from ament_package.templates import get_environment_hook_template_path
[0.088s] ModuleNotFoundError: No module named 'ament_package'
[0.093s] [31mCMake Error at /opt/ros/humble/share/ament_cmake_core/cmake/ament_cmake_package_templates-extras.cmake:41 (message):
[0.093s]   execute_process(/usr/bin/python3
[0.093s]   /opt/ros/humble/share/ament_cmake_core/cmake/package_templates/templates_2_cmake.py
[0.093s]   /home/isaac/DCL-SLAM/build/dcl_slam/ament_cmake_package_templates/templates.cmake)
[0.093s]   returned error code 1
[0.093s] Call Stack (most recent call first):
[0.093s]   /opt/ros/humble/share/ament_cmake_core/cmake/ament_cmake_coreConfig.cmake:41 (include)
[0.093s]   /opt/ros/humble/share/ament_cmake/cmake/ament_cmake_export_dependencies-extras.cmake:15 (find_package)
[0.093s]   /opt/ros/humble/share/ament_cmake/cmake/ament_cmakeConfig.cmake:41 (include)
[0.093s]   CMakeLists.txt:8 (find_package)
[0.093s] 
[0.093s] [0m
[0.093s] -- Configuring incomplete, errors occurred!
[0.093s] See also "/home/isaac/DCL-SLAM/build/dcl_slam/CMakeFiles/CMakeOutput.log".
[0.095s] Invoked command in '/home/isaac/DCL-SLAM/build/dcl_slam' returned '1': /usr/bin/cmake /home/isaac/DCL-SLAM -DCMAKE_INSTALL_PREFIX=/home/isaac/DCL-SLAM/install/dcl_slam
