[0.041s] DEBUG:colcon:Command line arguments: ['/usr/bin/colcon', 'build']
[0.041s] DEBUG:colcon:Parsed command line arguments: Namespace(log_base=None, log_level=None, verb_name='build', build_base='build', install_base='install', merge_install=False, symlink_install=False, test_result_base=None, continue_on_error=False, executor='parallel', parallel_workers=32, event_handlers=None, ignore_user_meta=False, metas=['./colcon.meta'], base_paths=['.'], packages_ignore=None, packages_ignore_regex=None, paths=None, packages_up_to=None, packages_up_to_regex=None, packages_above=None, packages_above_and_dependencies=None, packages_above_depth=None, packages_select_by_dep=None, packages_skip_by_dep=None, packages_skip_up_to=None, packages_select_build_failed=False, packages_skip_build_finished=False, packages_select_test_failures=False, packages_skip_test_passed=False, packages_select=None, packages_skip=None, packages_select_regex=None, packages_skip_regex=None, packages_start=None, packages_end=None, allow_overriding=[], cmake_args=None, cmake_target=None, cmake_target_skip_unavailable=False, cmake_clean_cache=False, cmake_clean_first=False, cmake_force_configure=False, ament_cmake_args=None, catkin_cmake_args=None, catkin_skip_building_tests=False, verb_parser=<colcon_defaults.argument_parser.defaults.DefaultArgumentsDecorator object at 0x71d2d1c0e080>, verb_extension=<colcon_core.verb.build.BuildVerb object at 0x71d2d1d07580>, main=<bound method BuildVerb.main of <colcon_core.verb.build.BuildVerb object at 0x71d2d1d07580>>)
[0.089s] Level 1:colcon.colcon_core.package_discovery:discover_packages(colcon_meta) check parameters
[0.089s] Level 1:colcon.colcon_core.package_discovery:discover_packages(recursive) check parameters
[0.089s] Level 1:colcon.colcon_core.package_discovery:discover_packages(ignore) check parameters
[0.089s] Level 1:colcon.colcon_core.package_discovery:discover_packages(path) check parameters
[0.089s] Level 1:colcon.colcon_core.package_discovery:discover_packages(colcon_meta) discover
[0.090s] Level 1:colcon.colcon_core.package_discovery:discover_packages(recursive) discover
[0.090s] INFO:colcon.colcon_core.package_discovery:Crawling recursively for packages in '/home/isaac/DCL-SLAM'
[0.090s] Level 1:colcon.colcon_core.package_identification:_identify(.) by extensions ['ignore', 'ignore_ament_install']
[0.090s] Level 1:colcon.colcon_core.package_identification:_identify(.) by extension 'ignore'
[0.090s] Level 1:colcon.colcon_core.package_identification:_identify(.) by extension 'ignore_ament_install'
[0.090s] Level 1:colcon.colcon_core.package_identification:_identify(.) by extensions ['colcon_pkg']
[0.090s] Level 1:colcon.colcon_core.package_identification:_identify(.) by extension 'colcon_pkg'
[0.090s] Level 1:colcon.colcon_core.package_identification:_identify(.) by extensions ['colcon_meta']
[0.090s] Level 1:colcon.colcon_core.package_identification:_identify(.) by extension 'colcon_meta'
[0.090s] Level 1:colcon.colcon_core.package_identification:_identify(.) by extensions ['ros']
[0.090s] Level 1:colcon.colcon_core.package_identification:_identify(.) by extension 'ros'
[0.096s] DEBUG:colcon.colcon_core.package_identification:Package '.' with type 'ros.ament_cmake' and name 'dcl_slam'
[0.096s] Level 1:colcon.colcon_core.package_discovery:discover_packages(recursive) using defaults
[0.096s] Level 1:colcon.colcon_core.package_discovery:discover_packages(ignore) discover
[0.096s] Level 1:colcon.colcon_core.package_discovery:discover_packages(ignore) using defaults
[0.096s] Level 1:colcon.colcon_core.package_discovery:discover_packages(path) discover
[0.096s] Level 1:colcon.colcon_core.package_discovery:discover_packages(path) using defaults
[0.105s] Level 1:colcon.colcon_core.package_discovery:discover_packages(prefix_path) check parameters
[0.105s] Level 1:colcon.colcon_core.package_discovery:discover_packages(prefix_path) discover
[0.106s] Level 1:colcon.colcon_core.package_discovery:discover_packages(prefix_path) using defaults
[0.106s] Level 5:colcon.colcon_core.verb:set package 'dcl_slam' build argument 'cmake_args' from command line to 'None'
[0.106s] Level 5:colcon.colcon_core.verb:set package 'dcl_slam' build argument 'cmake_target' from command line to 'None'
[0.106s] Level 5:colcon.colcon_core.verb:set package 'dcl_slam' build argument 'cmake_target_skip_unavailable' from command line to 'False'
[0.106s] Level 5:colcon.colcon_core.verb:set package 'dcl_slam' build argument 'cmake_clean_cache' from command line to 'False'
[0.106s] Level 5:colcon.colcon_core.verb:set package 'dcl_slam' build argument 'cmake_clean_first' from command line to 'False'
[0.106s] Level 5:colcon.colcon_core.verb:set package 'dcl_slam' build argument 'cmake_force_configure' from command line to 'False'
[0.106s] Level 5:colcon.colcon_core.verb:set package 'dcl_slam' build argument 'ament_cmake_args' from command line to 'None'
[0.106s] Level 5:colcon.colcon_core.verb:set package 'dcl_slam' build argument 'catkin_cmake_args' from command line to 'None'
[0.106s] Level 5:colcon.colcon_core.verb:set package 'dcl_slam' build argument 'catkin_skip_building_tests' from command line to 'False'
[0.106s] DEBUG:colcon.colcon_core.verb:Building package 'dcl_slam' with the following arguments: {'ament_cmake_args': None, 'build_base': '/home/isaac/DCL-SLAM/build/dcl_slam', 'catkin_cmake_args': None, 'catkin_skip_building_tests': False, 'cmake_args': None, 'cmake_clean_cache': False, 'cmake_clean_first': False, 'cmake_force_configure': False, 'cmake_target': None, 'cmake_target_skip_unavailable': False, 'install_base': '/home/isaac/DCL-SLAM/install/dcl_slam', 'merge_install': False, 'path': '/home/isaac/DCL-SLAM', 'symlink_install': False, 'test_result_base': None}
[0.106s] INFO:colcon.colcon_core.executor:Executing jobs using 'parallel' executor
[0.107s] DEBUG:colcon.colcon_parallel_executor.executor.parallel:run_until_complete
[0.107s] INFO:colcon.colcon_ros.task.ament_cmake.build:Building ROS package in '/home/isaac/DCL-SLAM' with build type 'ament_cmake'
[0.107s] INFO:colcon.colcon_cmake.task.cmake.build:Building CMake package in '/home/isaac/DCL-SLAM'
[0.108s] INFO:colcon.colcon_core.plugin_system:Skipping extension 'colcon_core.shell.bat': Not used on non-Windows systems
[0.108s] INFO:colcon.colcon_core.shell:Skip shell extension 'powershell' for command environment: Not usable outside of PowerShell
[0.108s] DEBUG:colcon.colcon_core.shell:Skip shell extension 'dsv' for command environment
[0.112s] DEBUG:colcon.colcon_core.event_handler.log_command:Invoking command in '/home/isaac/DCL-SLAM/build/dcl_slam': /usr/bin/cmake /home/isaac/DCL-SLAM -DCMAKE_INSTALL_PREFIX=/home/isaac/DCL-SLAM/install/dcl_slam
[0.203s] DEBUG:colcon.colcon_core.event_handler.log_command:Invoked command in '/home/isaac/DCL-SLAM/build/dcl_slam' returned '1': /usr/bin/cmake /home/isaac/DCL-SLAM -DCMAKE_INSTALL_PREFIX=/home/isaac/DCL-SLAM/install/dcl_slam
[0.203s] Level 1:colcon.colcon_core.environment:create_environment_scripts_only(dcl_slam)
[0.204s] Level 1:colcon.colcon_core.environment:checking '/home/isaac/DCL-SLAM/install/dcl_slam' for CMake module files
[0.204s] Level 1:colcon.colcon_core.environment:checking '/home/isaac/DCL-SLAM/install/dcl_slam' for CMake config files
[0.204s] Level 1:colcon.colcon_core.shell:create_environment_hook('dcl_slam', 'cmake_prefix_path')
[0.204s] INFO:colcon.colcon_core.shell:Creating environment hook '/home/isaac/DCL-SLAM/install/dcl_slam/share/dcl_slam/hook/cmake_prefix_path.ps1'
[0.205s] INFO:colcon.colcon_core.shell:Creating environment descriptor '/home/isaac/DCL-SLAM/install/dcl_slam/share/dcl_slam/hook/cmake_prefix_path.dsv'
[0.205s] INFO:colcon.colcon_core.shell:Creating environment hook '/home/isaac/DCL-SLAM/install/dcl_slam/share/dcl_slam/hook/cmake_prefix_path.sh'
[0.205s] Level 1:colcon.colcon_core.environment:checking '/home/isaac/DCL-SLAM/install/dcl_slam/lib'
[0.205s] Level 1:colcon.colcon_core.shell:create_environment_hook('dcl_slam', 'ld_library_path_lib')
[0.205s] INFO:colcon.colcon_core.shell:Creating environment hook '/home/isaac/DCL-SLAM/install/dcl_slam/share/dcl_slam/hook/ld_library_path_lib.ps1'
[0.205s] INFO:colcon.colcon_core.shell:Creating environment descriptor '/home/isaac/DCL-SLAM/install/dcl_slam/share/dcl_slam/hook/ld_library_path_lib.dsv'
[0.206s] INFO:colcon.colcon_core.shell:Creating environment hook '/home/isaac/DCL-SLAM/install/dcl_slam/share/dcl_slam/hook/ld_library_path_lib.sh'
[0.206s] Level 1:colcon.colcon_core.environment:checking '/home/isaac/DCL-SLAM/install/dcl_slam/bin'
[0.206s] Level 1:colcon.colcon_core.environment:checking '/home/isaac/DCL-SLAM/install/dcl_slam/lib/pkgconfig/dcl_slam.pc'
[0.207s] Level 1:colcon.colcon_core.environment:checking '/home/isaac/DCL-SLAM/install/dcl_slam/lib/python3.10/site-packages'
[0.207s] Level 1:colcon.colcon_core.environment:checking '/home/isaac/DCL-SLAM/install/dcl_slam/bin'
[0.207s] INFO:colcon.colcon_core.shell:Creating package script '/home/isaac/DCL-SLAM/install/dcl_slam/share/dcl_slam/package.ps1'
[0.207s] INFO:colcon.colcon_core.shell:Creating package descriptor '/home/isaac/DCL-SLAM/install/dcl_slam/share/dcl_slam/package.dsv'
[0.208s] INFO:colcon.colcon_core.shell:Creating package script '/home/isaac/DCL-SLAM/install/dcl_slam/share/dcl_slam/package.sh'
[0.208s] INFO:colcon.colcon_core.shell:Creating package script '/home/isaac/DCL-SLAM/install/dcl_slam/share/dcl_slam/package.bash'
[0.208s] INFO:colcon.colcon_core.shell:Creating package script '/home/isaac/DCL-SLAM/install/dcl_slam/share/dcl_slam/package.zsh'
[0.208s] Level 1:colcon.colcon_core.environment:create_file_with_runtime_dependencies(/home/isaac/DCL-SLAM/install/dcl_slam/share/colcon-core/packages/dcl_slam)
[0.219s] DEBUG:colcon.colcon_parallel_executor.executor.parallel:closing loop
[0.219s] DEBUG:colcon.colcon_parallel_executor.executor.parallel:loop closed
[0.219s] DEBUG:colcon.colcon_parallel_executor.executor.parallel:run_until_complete finished with '1'
[0.219s] DEBUG:colcon.colcon_core.event_reactor:joining thread
[0.221s] INFO:colcon.colcon_core.plugin_system:Skipping extension 'colcon_notification.desktop_notification.terminal_notifier': Not used on non-Darwin systems
[0.221s] INFO:colcon.colcon_core.plugin_system:Skipping extension 'colcon_notification.desktop_notification.win32': Not used on non-Windows systems
[0.221s] INFO:colcon.colcon_notification.desktop_notification:Sending desktop notification using 'notify2'
[0.223s] DEBUG:colcon.colcon_notification.desktop_notification.notify2:Failed to initialize notify2: org.freedesktop.DBus.Error.Spawn.ExecFailed: /usr/bin/dbus-launch terminated abnormally without any error message
[0.223s] DEBUG:colcon.colcon_core.event_reactor:joined thread
[0.223s] INFO:colcon.colcon_core.shell:Creating prefix script '/home/isaac/DCL-SLAM/install/local_setup.ps1'
[0.224s] INFO:colcon.colcon_core.shell:Creating prefix util module '/home/isaac/DCL-SLAM/install/_local_setup_util_ps1.py'
[0.224s] INFO:colcon.colcon_core.shell:Creating prefix chain script '/home/isaac/DCL-SLAM/install/setup.ps1'
[0.224s] INFO:colcon.colcon_core.shell:Creating prefix script '/home/isaac/DCL-SLAM/install/local_setup.sh'
[0.225s] INFO:colcon.colcon_core.shell:Creating prefix util module '/home/isaac/DCL-SLAM/install/_local_setup_util_sh.py'
[0.225s] INFO:colcon.colcon_core.shell:Creating prefix chain script '/home/isaac/DCL-SLAM/install/setup.sh'
[0.225s] INFO:colcon.colcon_core.shell:Creating prefix script '/home/isaac/DCL-SLAM/install/local_setup.bash'
[0.225s] INFO:colcon.colcon_core.shell:Creating prefix chain script '/home/isaac/DCL-SLAM/install/setup.bash'
[0.226s] INFO:colcon.colcon_core.shell:Creating prefix script '/home/isaac/DCL-SLAM/install/local_setup.zsh'
[0.226s] INFO:colcon.colcon_core.shell:Creating prefix chain script '/home/isaac/DCL-SLAM/install/setup.zsh'
