[0.005s] Invoking command in '/home/isaac/DCL-SLAM/build/dcl_slam': CMAKE_PREFIX_PATH=/opt/ros/humble /usr/bin/cmake /home/isaac/DCL-SLAM -DAMENT_CMAKE_SYMLINK_INSTALL=1 -DCMAKE_INSTALL_PREFIX=/home/isaac/DCL-SLAM/install/dcl_slam
[0.054s] -- The C compiler identification is GNU 11.4.0
[0.103s] -- The CXX compiler identification is GNU 11.4.0
[0.108s] -- Detecting C compiler ABI info
[0.183s] -- Detecting C compiler ABI info - done
[0.193s] -- Check for working C compiler: /usr/bin/cc - skipped
[0.193s] -- Detecting C compile features
[0.193s] -- Detecting C compile features - done
[0.196s] -- Detecting CXX compiler ABI info
[0.282s] -- Detecting CXX compiler ABI info - done
[0.289s] -- Check for working CXX compiler: /usr/bin/c++ - skipped
[0.289s] -- Detecting CXX compile features
[0.289s] -- Detecting CXX compile features - done
[0.292s] -- Found ament_cmake: 1.3.12 (/opt/ros/humble/share/ament_cmake/cmake)
[0.434s] -- Found Python3: /usr/bin/python3 (found version "3.10.12") found components: Interpreter 
[0.465s] -- Override CMake install command with custom implementation using symlinks instead of copying resources
[0.475s] -- Found rosidl_default_generators: 1.2.0 (/opt/ros/humble/share/rosidl_default_generators/cmake)
[0.476s] -- Using all available rosidl_typesupport_c: rosidl_typesupport_fastrtps_c;rosidl_typesupport_introspection_c
[0.479s] -- Found rosidl_adapter: 3.1.7 (/opt/ros/humble/share/rosidl_adapter/cmake)
[0.495s] -- Using all available rosidl_typesupport_cpp: rosidl_typesupport_fastrtps_cpp;rosidl_typesupport_introspection_cpp
[0.509s] -- Found std_msgs: 4.9.0 (/opt/ros/humble/share/std_msgs/cmake)
[0.521s] -- Found sensor_msgs: 4.9.0 (/opt/ros/humble/share/sensor_msgs/cmake)
[0.535s] -- Found nav_msgs: 4.9.0 (/opt/ros/humble/share/nav_msgs/cmake)
[0.543s] -- Found visualization_msgs: 4.9.0 (/opt/ros/humble/share/visualization_msgs/cmake)
[0.552s] -- Found tf2: 0.25.17 (/opt/ros/humble/share/tf2/cmake)
[0.557s] -- Found tf2_ros: 0.25.17 (/opt/ros/humble/share/tf2_ros/cmake)
[0.582s] -- Found rmw_implementation_cmake: 6.1.2 (/opt/ros/humble/share/rmw_implementation_cmake/cmake)
[0.584s] -- Found rmw_fastrtps_cpp: 6.2.9 (/opt/ros/humble/share/rmw_fastrtps_cpp/cmake)
[0.646s] -- Found OpenSSL: /usr/lib/x86_64-linux-gnu/libcrypto.so (found version "3.0.2")  
[0.668s] -- Found FastRTPS: /opt/ros/humble/include  
[0.699s] -- Using RMW implementation 'rmw_fastrtps_cpp' as default
[0.705s] -- Looking for pthread.h
[0.788s] -- Looking for pthread.h - found
[0.788s] -- Performing Test CMAKE_HAVE_LIBC_PTHREAD
[0.874s] -- Performing Test CMAKE_HAVE_LIBC_PTHREAD - Success
[0.875s] -- Found Threads: TRUE  
[0.933s] -- Found tf2_geometry_msgs: 0.25.17 (/opt/ros/humble/share/tf2_geometry_msgs/cmake)
[0.938s] -- Found eigen3_cmake_module: 0.1.1 (/opt/ros/humble/share/eigen3_cmake_module/cmake)
[0.939s] -- Found Eigen3: TRUE (found version "3.4.0") 
[0.939s] -- Ensuring Eigen3 include directory is part of orocos-kdl CMake target
[0.940s] -- Found pcl_conversions: 2.4.5 (/opt/ros/humble/share/pcl_conversions/cmake)
[0.958s] -- Checking for module 'eigen3'
[0.968s] --   Found eigen3, version 3.4.0
[1.009s] -- Found Eigen: /usr/include/eigen3 (Required is at least version "3.1") 
[1.009s] -- Eigen found (include: /usr/include/eigen3, version: 3.4.0)
[1.035s] -- Checking for module 'flann'
[1.044s] --   Found flann, version 1.9.1
[1.096s] -- Found FLANN: /usr/lib/x86_64-linux-gnu/libflann_cpp.so  
[1.096s] -- FLANN found (include: /usr/include, lib: /usr/lib/x86_64-linux-gnu/libflann_cpp.so)
[1.998s] -- Checking for module 'libusb-1.0'
[2.016s] --   Found libusb-1.0, version 1.0.25
[2.067s] -- Found libusb: /usr/lib/x86_64-linux-gnu/libusb-1.0.so  
[2.069s] -- OpenNI found (version: 1.5.4.0, include: /usr/include/ni, lib: /usr/lib/libOpenNI.so;libusb::libusb)
[2.142s] -- OpenNI2 found (version: 2.2.0.33, include: /usr/include/openni2, lib: /usr/lib/x86_64-linux-gnu/libOpenNI2.so;libusb::libusb)
[2.236s] -- Eigen found (include: /usr/include/eigen3, version: 3.4.0)
[2.240s] -- OpenNI found (version: 1.5.4.0, include: /usr/include/ni, lib: /usr/lib/libOpenNI.so;libusb::libusb)
[2.246s] -- OpenNI2 found (version: 2.2.0.33, include: /usr/include/openni2, lib: /usr/lib/x86_64-linux-gnu/libOpenNI2.so;libusb::libusb)
[2.340s] -- Found Qhull version 8.0.2
[2.428s] -- OpenNI found (version: 1.5.4.0, include: /usr/include/ni, lib: /usr/lib/libOpenNI.so;libusb::libusb)
[2.523s] -- Found PCL_COMMON: /usr/lib/x86_64-linux-gnu/libpcl_common.so  
[2.523s] -- Found PCL_KDTREE: /usr/lib/x86_64-linux-gnu/libpcl_kdtree.so  
[2.524s] -- Found PCL_OCTREE: /usr/lib/x86_64-linux-gnu/libpcl_octree.so  
[2.524s] -- Found PCL_SEARCH: /usr/lib/x86_64-linux-gnu/libpcl_search.so  
[2.524s] -- Found PCL_SAMPLE_CONSENSUS: /usr/lib/x86_64-linux-gnu/libpcl_sample_consensus.so  
[2.525s] -- Found PCL_FILTERS: /usr/lib/x86_64-linux-gnu/libpcl_filters.so  
[2.525s] -- Found PCL_2D: /usr/include/pcl-1.12  
[2.525s] -- Found PCL_GEOMETRY: /usr/include/pcl-1.12  
[2.525s] -- Found PCL_IO: /usr/lib/x86_64-linux-gnu/libpcl_io.so  
[2.526s] -- Found PCL_FEATURES: /usr/lib/x86_64-linux-gnu/libpcl_features.so  
[2.527s] -- Found PCL_ML: /usr/lib/x86_64-linux-gnu/libpcl_ml.so  
[2.527s] -- Found PCL_SEGMENTATION: /usr/lib/x86_64-linux-gnu/libpcl_segmentation.so  
[2.527s] -- Found PCL_VISUALIZATION: /usr/lib/x86_64-linux-gnu/libpcl_visualization.so  
[2.528s] -- Found PCL_SURFACE: /usr/lib/x86_64-linux-gnu/libpcl_surface.so  
[2.528s] -- Found PCL_REGISTRATION: /usr/lib/x86_64-linux-gnu/libpcl_registration.so  
[2.528s] -- Found PCL_KEYPOINTS: /usr/lib/x86_64-linux-gnu/libpcl_keypoints.so  
[2.529s] -- Found PCL_TRACKING: /usr/lib/x86_64-linux-gnu/libpcl_tracking.so  
[2.529s] -- Found PCL_RECOGNITION: /usr/lib/x86_64-linux-gnu/libpcl_recognition.so  
[2.530s] -- Found PCL_STEREO: /usr/lib/x86_64-linux-gnu/libpcl_stereo.so  
[2.530s] -- Found PCL_APPS: /usr/lib/x86_64-linux-gnu/libpcl_apps.so  
[2.531s] -- Found PCL_IN_HAND_SCANNER: /usr/include/pcl-1.12  
[2.531s] -- Found PCL_MODELER: /usr/include/pcl-1.12  
[2.531s] -- Found PCL_POINT_CLOUD_EDITOR: /usr/include/pcl-1.12  
[2.531s] -- Found PCL_OUTOFCORE: /usr/lib/x86_64-linux-gnu/libpcl_outofcore.so  
[2.532s] -- Found PCL_PEOPLE: /usr/lib/x86_64-linux-gnu/libpcl_people.so  
[2.533s] [33mCMake Warning (dev) at CMakeLists.txt:21 (find_package):
[2.533s]   Policy CMP0074 is not set: find_package uses <PackageName>_ROOT variables.
[2.533s]   Run "cmake --help-policy CMP0074" for policy details.  Use the cmake_policy
[2.533s]   command to set the policy and suppress this warning.
[2.533s] 
[2.533s]   CMake variable PCL_ROOT is set to:
[2.533s] 
[2.533s]     /usr
[2.533s] 
[2.533s]   For compatibility, CMake is ignoring the variable.
[2.533s] This warning is for project developers.  Use -Wno-dev to suppress it.
[2.533s] [0m
[2.549s] -- Found OpenCV: /usr (found version "4.5.4") 
[2.801s] -- Found OpenMP_C: -fopenmp (found version "4.5") 
[2.886s] -- Found OpenMP_CXX: -fopenmp (found version "4.5") 
[2.886s] -- Found OpenMP: TRUE (found version "4.5")  
[2.897s] -- Found Boost: /usr/lib/x86_64-linux-gnu/cmake/Boost-1.74.0/BoostConfig.cmake (found suitable version "1.74.0", minimum required is "1.65") found components: serialization system filesystem thread program_options date_time timer chrono regex 
[2.898s] -- GTSAM include directory:  /opt/ros/humble/lib/cmake/GTSAM/../../../include
[2.902s] [31mCMake Error at CMakeLists.txt:25 (find_package):
[2.903s]   By not providing "Finddistributed_mapper.cmake" in CMAKE_MODULE_PATH this
[2.903s]   project has asked CMake to find a package configuration file provided by
[2.903s]   "distributed_mapper", but CMake did not find one.
[2.903s] 
[2.903s]   Could not find a package configuration file provided by
[2.903s]   "distributed_mapper" with any of the following names:
[2.903s] 
[2.903s]     distributed_mapperConfig.cmake
[2.903s]     distributed_mapper-config.cmake
[2.903s] 
[2.903s]   Add the installation prefix of "distributed_mapper" to CMAKE_PREFIX_PATH or
[2.903s]   set "distributed_mapper_DIR" to a directory containing one of the above
[2.903s]   files.  If "distributed_mapper" provides a separate development package or
[2.903s]   SDK, be sure it has been installed.
[2.903s] 
[2.903s] [0m
[2.903s] -- Configuring incomplete, errors occurred!
[2.903s] See also "/home/isaac/DCL-SLAM/build/dcl_slam/CMakeFiles/CMakeOutput.log".
[2.913s] Invoked command in '/home/isaac/DCL-SLAM/build/dcl_slam' returned '1': CMAKE_PREFIX_PATH=/opt/ros/humble /usr/bin/cmake /home/isaac/DCL-SLAM -DAMENT_CMAKE_SYMLINK_INSTALL=1 -DCMAKE_INSTALL_PREFIX=/home/isaac/DCL-SLAM/install/dcl_slam
