[33mCMake Warning (dev) at CMakeLists.txt:21 (find_package):
  Policy CMP0074 is not set: find_package uses <PackageName>_ROOT variables.
  Run "cmake --help-policy CMP0074" for policy details.  Use the cmake_policy
  command to set the policy and suppress this warning.

  CMake variable PCL_ROOT is set to:

    /usr

  For compatibility, CMake is ignoring the variable.
This warning is for project developers.  Use -Wno-dev to suppress it.
[0m
[0mCMake Deprecation Warning at /opt/ros/humble/share/rosidl_cmake/cmake/rosidl_target_interfaces.cmake:32 (message):
  Use rosidl_get_typesupport_target() and target_link_libraries() instead of
  rosidl_target_interfaces()
Call Stack (most recent call first):
  CMakeLists.txt:62 (rosidl_target_interfaces)

[0m
[0mCMake Deprecation Warning at /opt/ros/humble/share/rosidl_cmake/cmake/rosidl_target_interfaces.cmake:32 (message):
  Use rosidl_get_typesupport_target() and target_link_libraries() instead of
  rosidl_target_interfaces()
Call Stack (most recent call first):
  CMakeLists.txt:73 (rosidl_target_interfaces)

[0m
[0mCMake Deprecation Warning at /opt/ros/humble/share/rosidl_cmake/cmake/rosidl_target_interfaces.cmake:32 (message):
  Use rosidl_get_typesupport_target() and target_link_libraries() instead of
  rosidl_target_interfaces()
Call Stack (most recent call first):
  CMakeLists.txt:96 (rosidl_target_interfaces)

[0m
[31mCMake Error at CMakeLists.txt:64 (add_executable):
  Target "dcl_slam_loopVisualizationNode" links to target
  "pcl_conversions::pcl_conversions" but the target was not found.  Perhaps a
  find_package() call is missing for an IMPORTED target, or an ALIAS target
  is missing?

[0m
[31mCMake Error at CMakeLists.txt:75 (add_executable):
  Target "dcl_slam_node" links to target "pcl_conversions::pcl_conversions"
  but the target was not found.  Perhaps a find_package() call is missing for
  an IMPORTED target, or an ALIAS target is missing?

[0m
[0mCMake Generate step failed.  Build files cannot be regenerated correctly.[0m
