[0.005s] Invoking command in '/home/isaac/DCL-SLAM/build/dcl_slam': AMENT_PREFIX_PATH=/home/isaac/DCL-SLAM/install/distributed_mapper:${AMENT_PREFIX_PATH} CMAKE_PREFIX_PATH=/home/isaac/DCL-SLAM/install/distributed_mapper:/opt/ros/humble LD_LIBRARY_PATH=/home/isaac/DCL-SLAM/install/distributed_mapper/lib:${LD_LIBRARY_PATH} /usr/bin/cmake /home/isaac/DCL-SLAM -DAMENT_CMAKE_SYMLINK_INSTALL=1 -DCMAKE_INSTALL_PREFIX=/home/isaac/DCL-SLAM/install/dcl_slam
[0.012s] -- Found ament_cmake: 1.3.12 (/opt/ros/humble/share/ament_cmake/cmake)
[0.085s] -- Override CMake install command with custom implementation using symlinks instead of copying resources
[0.089s] -- Found rosidl_default_generators: 1.2.0 (/opt/ros/humble/share/rosidl_default_generators/cmake)
[0.089s] -- Using all available rosidl_typesupport_c: rosidl_typesupport_fastrtps_c;rosidl_typesupport_introspection_c
[0.090s] -- Found rosidl_adapter: 3.1.7 (/opt/ros/humble/share/rosidl_adapter/cmake)
[0.104s] -- Using all available rosidl_typesupport_cpp: rosidl_typesupport_fastrtps_cpp;rosidl_typesupport_introspection_cpp
[0.115s] -- Found std_msgs: 4.9.0 (/opt/ros/humble/share/std_msgs/cmake)
[0.125s] -- Found sensor_msgs: 4.9.0 (/opt/ros/humble/share/sensor_msgs/cmake)
[0.138s] -- Found nav_msgs: 4.9.0 (/opt/ros/humble/share/nav_msgs/cmake)
[0.145s] -- Found visualization_msgs: 4.9.0 (/opt/ros/humble/share/visualization_msgs/cmake)
[0.154s] -- Found tf2: 0.25.17 (/opt/ros/humble/share/tf2/cmake)
[0.155s] -- Found tf2_ros: 0.25.17 (/opt/ros/humble/share/tf2_ros/cmake)
[0.176s] -- Found rmw_implementation_cmake: 6.1.2 (/opt/ros/humble/share/rmw_implementation_cmake/cmake)
[0.176s] -- Found rmw_fastrtps_cpp: 6.2.9 (/opt/ros/humble/share/rmw_fastrtps_cpp/cmake)
[0.227s] -- Using RMW implementation 'rmw_fastrtps_cpp' as default
[0.271s] -- Found tf2_geometry_msgs: 0.25.17 (/opt/ros/humble/share/tf2_geometry_msgs/cmake)
[0.272s] -- Found eigen3_cmake_module: 0.1.1 (/opt/ros/humble/share/eigen3_cmake_module/cmake)
[0.273s] -- Ensuring Eigen3 include directory is part of orocos-kdl CMake target
[0.273s] -- Found pcl_conversions: 2.4.5 (/opt/ros/humble/share/pcl_conversions/cmake)
[0.290s] -- Eigen found (include: /usr/include/eigen3, version: 3.4.0)
[0.307s] -- FLANN found (include: /usr/include, lib: /usr/lib/x86_64-linux-gnu/libflann_cpp.so)
[0.475s] -- OpenNI found (version: 1.5.4.0, include: /usr/include/ni, lib: /usr/lib/libOpenNI.so;libusb::libusb)
[0.478s] -- OpenNI2 found (version: 2.2.0.33, include: /usr/include/openni2, lib: /usr/lib/x86_64-linux-gnu/libOpenNI2.so;libusb::libusb)
[0.564s] -- Eigen found (include: /usr/include/eigen3, version: 3.4.0)
[0.569s] -- OpenNI found (version: 1.5.4.0, include: /usr/include/ni, lib: /usr/lib/libOpenNI.so;libusb::libusb)
[0.573s] -- OpenNI2 found (version: 2.2.0.33, include: /usr/include/openni2, lib: /usr/lib/x86_64-linux-gnu/libOpenNI2.so;libusb::libusb)
[0.650s] -- Found Qhull version 8.0.2
[0.727s] -- OpenNI found (version: 1.5.4.0, include: /usr/include/ni, lib: /usr/lib/libOpenNI.so;libusb::libusb)
[0.814s] [33mCMake Warning (dev) at CMakeLists.txt:21 (find_package):
[0.814s]   Policy CMP0074 is not set: find_package uses <PackageName>_ROOT variables.
[0.815s]   Run "cmake --help-policy CMP0074" for policy details.  Use the cmake_policy
[0.815s]   command to set the policy and suppress this warning.
[0.815s] 
[0.815s]   CMake variable PCL_ROOT is set to:
[0.815s] 
[0.815s]     /usr
[0.815s] 
[0.815s]   For compatibility, CMake is ignoring the variable.
[0.815s] This warning is for project developers.  Use -Wno-dev to suppress it.
[0.815s] [0m
[0.831s] -- GTSAM include directory:  /opt/ros/humble/lib/cmake/GTSAM/../../../include
[0.831s] -- Found distributed_mapper: 1.0.0 (/home/isaac/DCL-SLAM/install/distributed_mapper/share/distributed_mapper/cmake)
[1.002s] -- Found ament_cmake_ros: 0.10.0 (/opt/ros/humble/share/ament_cmake_ros/cmake)
[1.147s] -- Using all available rosidl_typesupport_c: rosidl_typesupport_fastrtps_c;rosidl_typesupport_introspection_c
[1.344s] -- Using all available rosidl_typesupport_cpp: rosidl_typesupport_fastrtps_cpp;rosidl_typesupport_introspection_cpp
[1.360s] -- Found python_cmake_module: 0.10.0 (/opt/ros/humble/share/python_cmake_module/cmake)
[1.375s] -- Using PYTHON_EXECUTABLE: /usr/bin/python3
[1.375s] -- Using PYTHON_INCLUDE_DIRS: /usr/include/python3.10
[1.375s] -- Using PYTHON_LIBRARIES: /usr/lib/x86_64-linux-gnu/libpython3.10.so
[1.402s] [0mCMake Deprecation Warning at /opt/ros/humble/share/rosidl_cmake/cmake/rosidl_target_interfaces.cmake:32 (message):
[1.402s]   Use rosidl_get_typesupport_target() and target_link_libraries() instead of
[1.402s]   rosidl_target_interfaces()
[1.402s] Call Stack (most recent call first):
[1.402s]   CMakeLists.txt:62 (rosidl_target_interfaces)
[1.402s] 
[1.402s] [0m
[1.402s] [0mCMake Deprecation Warning at /opt/ros/humble/share/rosidl_cmake/cmake/rosidl_target_interfaces.cmake:32 (message):
[1.402s]   Use rosidl_get_typesupport_target() and target_link_libraries() instead of
[1.402s]   rosidl_target_interfaces()
[1.402s] Call Stack (most recent call first):
[1.402s]   CMakeLists.txt:73 (rosidl_target_interfaces)
[1.402s] 
[1.402s] [0m
[1.402s] [0mCMake Deprecation Warning at /opt/ros/humble/share/rosidl_cmake/cmake/rosidl_target_interfaces.cmake:32 (message):
[1.402s]   Use rosidl_get_typesupport_target() and target_link_libraries() instead of
[1.402s]   rosidl_target_interfaces()
[1.402s] Call Stack (most recent call first):
[1.402s]   CMakeLists.txt:96 (rosidl_target_interfaces)
[1.402s] 
[1.402s] [0m
[1.405s] -- Configuring done
[1.413s] [31mCMake Error at CMakeLists.txt:64 (add_executable):
[1.413s]   Target "dcl_slam_loopVisualizationNode" links to target
[1.413s]   "pcl_conversions::pcl_conversions" but the target was not found.  Perhaps a
[1.413s]   find_package() call is missing for an IMPORTED target, or an ALIAS target
[1.413s]   is missing?
[1.413s] 
[1.413s] [0m
[1.413s] [31mCMake Error at CMakeLists.txt:75 (add_executable):
[1.413s]   Target "dcl_slam_node" links to target "pcl_conversions::pcl_conversions"
[1.413s]   but the target was not found.  Perhaps a find_package() call is missing for
[1.413s]   an IMPORTED target, or an ALIAS target is missing?
[1.413s] 
[1.413s] [0m
[1.446s] -- Generating done
[1.448s] [0mCMake Generate step failed.  Build files cannot be regenerated correctly.[0m
[1.458s] Invoked command in '/home/isaac/DCL-SLAM/build/dcl_slam' returned '1': AMENT_PREFIX_PATH=/home/isaac/DCL-SLAM/install/distributed_mapper:${AMENT_PREFIX_PATH} CMAKE_PREFIX_PATH=/home/isaac/DCL-SLAM/install/distributed_mapper:/opt/ros/humble LD_LIBRARY_PATH=/home/isaac/DCL-SLAM/install/distributed_mapper/lib:${LD_LIBRARY_PATH} /usr/bin/cmake /home/isaac/DCL-SLAM -DAMENT_CMAKE_SYMLINK_INSTALL=1 -DCMAKE_INSTALL_PREFIX=/home/isaac/DCL-SLAM/install/dcl_slam
