-- Found ament_cmake: 1.3.12 (/opt/ros/humble/share/ament_cmake/cmake)
-- Override CMake install command with custom implementation using symlinks instead of copying resources
-- GTSAM include directory:  /opt/ros/humble/lib/cmake/GTSAM/../../../include
-- Configuring done
-- Generating done
-- Build files have been written to: /home/isaac/DCL-SLAM/build/distributed_mapper
[  4%] [32mBuilding CXX object CMakeFiles/graph_utils.dir/src/pairwise_consistency_maximization/graph_utils/graph_utils_functions.cpp.o[0m
[  9%] [32mBuilding CXX object CMakeFiles/fast_max-clique_finder.dir/src/pairwise_consistency_maximization/third_parties/fast_max-clique_finder/src/findClique.cpp.o[0m
[ 13%] [32mBuilding CXX object CMakeFiles/fast_max-clique_finder.dir/src/pairwise_consistency_maximization/third_parties/fast_max-clique_finder/src/findCliqueHeu.cpp.o[0m
[ 18%] [32mBuilding CXX object CMakeFiles/fast_max-clique_finder.dir/src/pairwise_consistency_maximization/third_parties/fast_max-clique_finder/src/utils.cpp.o[0m
[ 22%] [32mBuilding CXX object CMakeFiles/fast_max-clique_finder.dir/src/pairwise_consistency_maximization/third_parties/fast_max-clique_finder/src/graphIO.cpp.o[0m
[ 27%] [32m[1mLinking CXX static library libfast_max-clique_finder.a[0m
[ 27%] Built target fast_max-clique_finder
[ 31%] [32m[1mLinking CXX static library libgraph_utils.a[0m
[ 31%] Built target graph_utils
[ 36%] [32mBuilding CXX object CMakeFiles/robot_measurements.dir/src/pairwise_consistency_maximization/robot_measurements/robot_local_map.cpp.o[0m
[ 40%] [32mBuilding CXX object CMakeFiles/robot_measurements.dir/src/pairwise_consistency_maximization/robot_measurements/interrobot_measurements.cpp.o[0m
[ 45%] [32mBuilding CXX object CMakeFiles/robot_measurements.dir/src/pairwise_consistency_maximization/robot_measurements/robot_measurements.cpp.o[0m
[ 50%] [32m[1mLinking CXX static library librobot_measurements.a[0m
[ 50%] Built target robot_measurements
[ 54%] [32mBuilding CXX object CMakeFiles/pairwise_consistency.dir/src/pairwise_consistency_maximization/pairwise_consistency/pairwise_consistency.cpp.o[0m
[ 59%] [32m[1mLinking CXX static library libpairwise_consistency.a[0m
[ 59%] Built target pairwise_consistency
[ 63%] [32mBuilding CXX object CMakeFiles/global_map_solver.dir/src/pairwise_consistency_maximization/global_map/global_map.cpp.o[0m
[ 68%] [32m[1mLinking CXX static library libglobal_map_solver.a[0m
[ 68%] Built target global_map_solver
[ 72%] [32mBuilding CXX object CMakeFiles/distributed_pcm.dir/src/pairwise_consistency_maximization/distributed_pcm/distributed_pcm.cpp.o[0m
