[0.006s] Invoking command in '/home/isaac/DCL-SLAM/build/dcl_slam': CMAKE_PREFIX_PATH=/opt/ros/humble /usr/bin/cmake /home/isaac/DCL-SLAM -DCMAKE_INSTALL_PREFIX=/home/isaac/DCL-SLAM/install/dcl_slam
[0.013s] -- Found ament_cmake: 1.3.12 (/opt/ros/humble/share/ament_cmake/cmake)
[0.077s] -- Override CMake install command with custom implementation using symlinks instead of copying resources
[0.080s] -- Found rosidl_default_generators: 1.2.0 (/opt/ros/humble/share/rosidl_default_generators/cmake)
[0.081s] -- Using all available rosidl_typesupport_c: rosidl_typesupport_fastrtps_c;rosidl_typesupport_introspection_c
[0.083s] -- Found rosidl_adapter: 3.1.7 (/opt/ros/humble/share/rosidl_adapter/cmake)
[0.099s] -- Using all available rosidl_typesupport_cpp: rosidl_typesupport_fastrtps_cpp;rosidl_typesupport_introspection_cpp
[0.110s] -- Found std_msgs: 4.9.0 (/opt/ros/humble/share/std_msgs/cmake)
[0.120s] -- Found sensor_msgs: 4.9.0 (/opt/ros/humble/share/sensor_msgs/cmake)
[0.134s] -- Found nav_msgs: 4.9.0 (/opt/ros/humble/share/nav_msgs/cmake)
[0.141s] -- Found visualization_msgs: 4.9.0 (/opt/ros/humble/share/visualization_msgs/cmake)
[0.150s] -- Found tf2: 0.25.17 (/opt/ros/humble/share/tf2/cmake)
[0.151s] -- Found tf2_ros: 0.25.17 (/opt/ros/humble/share/tf2_ros/cmake)
[0.172s] -- Found rmw_implementation_cmake: 6.1.2 (/opt/ros/humble/share/rmw_implementation_cmake/cmake)
[0.173s] -- Found rmw_fastrtps_cpp: 6.2.9 (/opt/ros/humble/share/rmw_fastrtps_cpp/cmake)
[0.235s] -- Using RMW implementation 'rmw_fastrtps_cpp' as default
[0.280s] -- Found tf2_geometry_msgs: 0.25.17 (/opt/ros/humble/share/tf2_geometry_msgs/cmake)
[0.282s] -- Found eigen3_cmake_module: 0.1.1 (/opt/ros/humble/share/eigen3_cmake_module/cmake)
[0.282s] -- Ensuring Eigen3 include directory is part of orocos-kdl CMake target
[0.283s] -- Found pcl_conversions: 2.4.5 (/opt/ros/humble/share/pcl_conversions/cmake)
[0.299s] -- Eigen found (include: /usr/include/eigen3, version: 3.4.0)
[0.321s] -- FLANN found (include: /usr/include, lib: /usr/lib/x86_64-linux-gnu/libflann_cpp.so)
[0.532s] -- OpenNI found (version: 1.5.4.0, include: /usr/include/ni, lib: /usr/lib/libOpenNI.so;libusb::libusb)
[0.539s] -- OpenNI2 found (version: 2.2.0.33, include: /usr/include/openni2, lib: /usr/lib/x86_64-linux-gnu/libOpenNI2.so;libusb::libusb)
[0.667s] -- Eigen found (include: /usr/include/eigen3, version: 3.4.0)
[0.671s] -- OpenNI found (version: 1.5.4.0, include: /usr/include/ni, lib: /usr/lib/libOpenNI.so;libusb::libusb)
[0.674s] -- OpenNI2 found (version: 2.2.0.33, include: /usr/include/openni2, lib: /usr/lib/x86_64-linux-gnu/libOpenNI2.so;libusb::libusb)
[0.769s] -- Found Qhull version 8.0.2
[0.861s] -- OpenNI found (version: 1.5.4.0, include: /usr/include/ni, lib: /usr/lib/libOpenNI.so;libusb::libusb)
[0.961s] [33mCMake Warning (dev) at CMakeLists.txt:21 (find_package):
[0.961s]   Policy CMP0074 is not set: find_package uses <PackageName>_ROOT variables.
[0.961s]   Run "cmake --help-policy CMP0074" for policy details.  Use the cmake_policy
[0.961s]   command to set the policy and suppress this warning.
[0.961s] 
[0.961s]   CMake variable PCL_ROOT is set to:
[0.961s] 
[0.961s]     /usr
[0.961s] 
[0.961s]   For compatibility, CMake is ignoring the variable.
[0.961s] This warning is for project developers.  Use -Wno-dev to suppress it.
[0.961s] [0m
[0.981s] -- GTSAM include directory:  /opt/ros/humble/lib/cmake/GTSAM/../../../include
[0.985s] -- Configuring incomplete, errors occurred!
[0.985s] See also "/home/isaac/DCL-SLAM/build/dcl_slam/CMakeFiles/CMakeOutput.log".
[0.985s] [31mCMake Error at CMakeLists.txt:25 (find_package):
[0.985s]   By not providing "Finddistributed_mapper.cmake" in CMAKE_MODULE_PATH this
[0.985s]   project has asked CMake to find a package configuration file provided by
[0.985s]   "distributed_mapper", but CMake did not find one.
[0.985s] 
[0.985s]   Could not find a package configuration file provided by
[0.985s]   "distributed_mapper" with any of the following names:
[0.985s] 
[0.985s]     distributed_mapperConfig.cmake
[0.985s]     distributed_mapper-config.cmake
[0.985s] 
[0.985s]   Add the installation prefix of "distributed_mapper" to CMAKE_PREFIX_PATH or
[0.985s]   set "distributed_mapper_DIR" to a directory containing one of the above
[0.985s]   files.  If "distributed_mapper" provides a separate development package or
[0.985s]   SDK, be sure it has been installed.
[0.985s] 
[0.985s] [0m
[0.993s] Invoked command in '/home/isaac/DCL-SLAM/build/dcl_slam' returned '1': CMAKE_PREFIX_PATH=/opt/ros/humble /usr/bin/cmake /home/isaac/DCL-SLAM -DCMAKE_INSTALL_PREFIX=/home/isaac/DCL-SLAM/install/dcl_slam
